#-----------------------------------------------------------
# Vivado v2017.4 (64-bit)
# SW Build 2086221 on Fri Dec 15 20:55:39 MST 2017
# IP Build 2085800 on Fri Dec 15 22:25:07 MST 2017
# Start of session at: Tue Aug 21 20:28:42 2018
# Process ID: 6908
# Current directory: C:/Users/fgarrido/Desktop/sesion 9_SEN/sesion 9_SEN/sesion 9
# Command line: vivado.exe -gui_launcher_event rodinguilauncherevent1368 C:\Users\fgarrido\Desktop\sesion 9_SEN\sesion 9_SEN\sesion 9\sesion 9.xpr
# Log file: C:/Users/fgarrido/Desktop/sesion 9_SEN/sesion 9_SEN/sesion 9/vivado.log
# Journal file: C:/Users/fgarrido/Desktop/sesion 9_SEN/sesion 9_SEN/sesion 9\vivado.jou
#-----------------------------------------------------------
start_gui
open_project {C:/Users/fgarrido/Desktop/sesion 9_SEN/sesion 9_SEN/sesion 9/sesion 9.xpr}
INFO: [Project 1-313] Project file moved from 'C:/Users/fgarrido/Desktop/LabDigitales_REVANCHA/sesion 9_SEN/sesion 9_SEN/sesion 9' since last save.
Scanning sources...
Finished scanning sources
INFO: [IP_Flow 19-234] Refreshing IP repositories
INFO: [IP_Flow 19-1704] No user IP repositories specified
INFO: [IP_Flow 19-2313] Loaded Vivado IP repository 'C:/Xilinx/Vivado/2017.4/data/ip'.
open_project: Time (s): cpu = 00:00:15 ; elapsed = 00:00:08 . Memory (MB): peak = 764.418 ; gain = 71.000
update_compile_order -fileset sources_1
archive_project {C:/Users/fgarrido/Desktop/sesion 9_SEN/sesion 9_SEN/sesion9_proyectada.xpr.zip} -temp_dir {C:/Users/fgarrido/Desktop/sesion 9_SEN/sesion 9_SEN/sesion 9/.Xil/Vivado-6908-Alpha-16} -force -include_local_ip_cache
INFO: [Coretcl 2-137] starting archive...
INFO: [Coretcl 2-1499] Saving project copy to temporary location 'C:/Users/fgarrido/Desktop/sesion 9_SEN/sesion 9_SEN/sesion 9/.Xil/Vivado-6908-Alpha-16' for archiving project
INFO: [Project 1-313] Project file moved from 'C:/Users/fgarrido/Desktop/LabDigitales_REVANCHA/sesion 9_SEN/sesion 9_SEN/sesion 9' since last save.
Scanning sources...
Finished scanning sources
INFO: [IP_Flow 19-234] Refreshing IP repositories
INFO: [IP_Flow 19-1704] No user IP repositories specified
INFO: [IP_Flow 19-2313] Loaded Vivado IP repository 'C:/Xilinx/Vivado/2017.4/data/ip'.
INFO: [Coretcl 2-1211] Creating project copy for archival...
INFO: [ProjectBase 1-495] The host OS only allows 260 characters in a normal path. The project is stored in a path with more than 80 characters. If you experience any problem with archiving the project, please consider setting environment variable $TEMP to a shorter path.
Current project path is 'C:/Users/fgarrido/Desktop/sesion 9_SEN/sesion 9_SEN/sesion 9/.Xil/Vivado-6908-Alpha-16/PrjAr/_X_'.
INFO: [Coretcl 2-1213] Including run results for 'synth_1'
INFO: [Coretcl 2-1213] Including run results for 'clk_wiz_0_synth_1'
INFO: [Coretcl 2-1213] Including run results for 'blk_mem_gen_0_synth_1'
INFO: [Coretcl 2-1213] Including run results for 'impl_1'
INFO: [Coretcl 2-133] re-setting run 'clk_wiz_0_impl_1'...
INFO: [Coretcl 2-133] re-setting run 'blk_mem_gen_0_impl_1'...
INFO: [Coretcl 2-1212] Importing remotely added design sources and verilog include files (if any)...
INFO: [filemgmt 20-334] All file(s) are already imported in fileset: 'blk_mem_gen_0'
INFO: [filemgmt 20-348] Importing the appropriate files for fileset: 'blk_mem_gen_0'
INFO: [filemgmt 20-334] All file(s) are already imported in fileset: 'clk_wiz_0'
INFO: [filemgmt 20-348] Importing the appropriate files for fileset: 'clk_wiz_0'
INFO: [filemgmt 20-334] All file(s) are already imported in fileset: 'constrs_1'
INFO: [filemgmt 20-348] Importing the appropriate files for fileset: 'constrs_1'
INFO: [filemgmt 20-348] Importing the appropriate files for fileset: 'sources_1'
