Copyright 1986-2022 Xilinx, Inc. All Rights Reserved.
-----------------------------------------------------------------------------------------------------------------------------------------------------------------------
| Tool Version : Vivado v.2022.1 (win64) Build 3526262 Mon Apr 18 15:48:16 MDT 2022
| Date         : Sun Nov 13 11:18:07 2022
| Host         : Richi-PC running 64-bit major release  (build 9200)
| Command      : report_methodology -file GRID_SCRIPT_methodology_drc_routed.rpt -pb GRID_SCRIPT_methodology_drc_routed.pb -rpx GRID_SCRIPT_methodology_drc_routed.rpx
| Design       : GRID_SCRIPT
| Device       : xc7a100tcsg324-1
| Speed File   : -1
| Design State : Fully Routed
-----------------------------------------------------------------------------------------------------------------------------------------------------------------------

Report Methodology

Table of Contents
-----------------
1. REPORT SUMMARY
2. REPORT DETAILS

1. REPORT SUMMARY
-----------------
            Netlist: netlist
          Floorplan: design_1
      Design limits: <entire design considered>
             Max violations: <unlimited>
             Violations found: 137
+-----------+------------------+--------------------------------+------------+
| Rule      | Severity         | Description                    | Violations |
+-----------+------------------+--------------------------------+------------+
| TIMING-17 | Critical Warning | Non-clocked sequential cell    | 64         |
| LUTAR-1   | Warning          | LUT drives async reset alert   | 8          |
| TIMING-20 | Warning          | Non-clocked latch              | 64         |
| LATCH-1   | Advisory         | Existing latches in the design | 1          |
+-----------+------------------+--------------------------------+------------+

2. REPORT DETAILS
-----------------
TIMING-17#1 Critical Warning
Non-clocked sequential cell  
The clock pin cell0/cell_state_reg[0]/C is not reached by a timing clock
Related violations: <none>

TIMING-17#2 Critical Warning
Non-clocked sequential cell  
The clock pin cell0/cell_state_reg[1]/C is not reached by a timing clock
Related violations: <none>

TIMING-17#3 Critical Warning
Non-clocked sequential cell  
The clock pin cell0/cell_state_reg[2]/C is not reached by a timing clock
Related violations: <none>

TIMING-17#4 Critical Warning
Non-clocked sequential cell  
The clock pin cell0/cell_state_reg[3]/C is not reached by a timing clock
Related violations: <none>

TIMING-17#5 Critical Warning
Non-clocked sequential cell  
The clock pin cell0/cell_state_reg[4]/C is not reached by a timing clock
Related violations: <none>

TIMING-17#6 Critical Warning
Non-clocked sequential cell  
The clock pin cell0/cell_state_reg[5]/C is not reached by a timing clock
Related violations: <none>

TIMING-17#7 Critical Warning
Non-clocked sequential cell  
The clock pin cell0/cell_state_reg[6]/C is not reached by a timing clock
Related violations: <none>

TIMING-17#8 Critical Warning
Non-clocked sequential cell  
The clock pin cell0/cell_state_reg[7]/C is not reached by a timing clock
Related violations: <none>

TIMING-17#9 Critical Warning
Non-clocked sequential cell  
The clock pin cell1/cell_state_reg[0]/C is not reached by a timing clock
Related violations: <none>

TIMING-17#10 Critical Warning
Non-clocked sequential cell  
The clock pin cell1/cell_state_reg[1]/C is not reached by a timing clock
Related violations: <none>

TIMING-17#11 Critical Warning
Non-clocked sequential cell  
The clock pin cell1/cell_state_reg[2]/C is not reached by a timing clock
Related violations: <none>

TIMING-17#12 Critical Warning
Non-clocked sequential cell  
The clock pin cell1/cell_state_reg[3]/C is not reached by a timing clock
Related violations: <none>

TIMING-17#13 Critical Warning
Non-clocked sequential cell  
The clock pin cell1/cell_state_reg[4]/C is not reached by a timing clock
Related violations: <none>

TIMING-17#14 Critical Warning
Non-clocked sequential cell  
The clock pin cell1/cell_state_reg[5]/C is not reached by a timing clock
Related violations: <none>

TIMING-17#15 Critical Warning
Non-clocked sequential cell  
The clock pin cell1/cell_state_reg[6]/C is not reached by a timing clock
Related violations: <none>

TIMING-17#16 Critical Warning
Non-clocked sequential cell  
The clock pin cell1/cell_state_reg[7]/C is not reached by a timing clock
Related violations: <none>

TIMING-17#17 Critical Warning
Non-clocked sequential cell  
The clock pin cell2/cell_state_reg[0]/C is not reached by a timing clock
Related violations: <none>

TIMING-17#18 Critical Warning
Non-clocked sequential cell  
The clock pin cell2/cell_state_reg[1]/C is not reached by a timing clock
Related violations: <none>

TIMING-17#19 Critical Warning
Non-clocked sequential cell  
The clock pin cell2/cell_state_reg[2]/C is not reached by a timing clock
Related violations: <none>

TIMING-17#20 Critical Warning
Non-clocked sequential cell  
The clock pin cell2/cell_state_reg[3]/C is not reached by a timing clock
Related violations: <none>

TIMING-17#21 Critical Warning
Non-clocked sequential cell  
The clock pin cell2/cell_state_reg[4]/C is not reached by a timing clock
Related violations: <none>

TIMING-17#22 Critical Warning
Non-clocked sequential cell  
The clock pin cell2/cell_state_reg[5]/C is not reached by a timing clock
Related violations: <none>

TIMING-17#23 Critical Warning
Non-clocked sequential cell  
The clock pin cell2/cell_state_reg[6]/C is not reached by a timing clock
Related violations: <none>

TIMING-17#24 Critical Warning
Non-clocked sequential cell  
The clock pin cell2/cell_state_reg[7]/C is not reached by a timing clock
Related violations: <none>

TIMING-17#25 Critical Warning
Non-clocked sequential cell  
The clock pin cell3/cell_state_reg[0]/C is not reached by a timing clock
Related violations: <none>

TIMING-17#26 Critical Warning
Non-clocked sequential cell  
The clock pin cell3/cell_state_reg[1]/C is not reached by a timing clock
Related violations: <none>

TIMING-17#27 Critical Warning
Non-clocked sequential cell  
The clock pin cell3/cell_state_reg[2]/C is not reached by a timing clock
Related violations: <none>

TIMING-17#28 Critical Warning
Non-clocked sequential cell  
The clock pin cell3/cell_state_reg[3]/C is not reached by a timing clock
Related violations: <none>

TIMING-17#29 Critical Warning
Non-clocked sequential cell  
The clock pin cell3/cell_state_reg[4]/C is not reached by a timing clock
Related violations: <none>

TIMING-17#30 Critical Warning
Non-clocked sequential cell  
The clock pin cell3/cell_state_reg[5]/C is not reached by a timing clock
Related violations: <none>

TIMING-17#31 Critical Warning
Non-clocked sequential cell  
The clock pin cell3/cell_state_reg[6]/C is not reached by a timing clock
Related violations: <none>

TIMING-17#32 Critical Warning
Non-clocked sequential cell  
The clock pin cell3/cell_state_reg[7]/C is not reached by a timing clock
Related violations: <none>

TIMING-17#33 Critical Warning
Non-clocked sequential cell  
The clock pin cell4/cell_state_reg[0]/C is not reached by a timing clock
Related violations: <none>

TIMING-17#34 Critical Warning
Non-clocked sequential cell  
The clock pin cell4/cell_state_reg[1]/C is not reached by a timing clock
Related violations: <none>

TIMING-17#35 Critical Warning
Non-clocked sequential cell  
The clock pin cell4/cell_state_reg[2]/C is not reached by a timing clock
Related violations: <none>

TIMING-17#36 Critical Warning
Non-clocked sequential cell  
The clock pin cell4/cell_state_reg[3]/C is not reached by a timing clock
Related violations: <none>

TIMING-17#37 Critical Warning
Non-clocked sequential cell  
The clock pin cell4/cell_state_reg[4]/C is not reached by a timing clock
Related violations: <none>

TIMING-17#38 Critical Warning
Non-clocked sequential cell  
The clock pin cell4/cell_state_reg[5]/C is not reached by a timing clock
Related violations: <none>

TIMING-17#39 Critical Warning
Non-clocked sequential cell  
The clock pin cell4/cell_state_reg[6]/C is not reached by a timing clock
Related violations: <none>

TIMING-17#40 Critical Warning
Non-clocked sequential cell  
The clock pin cell4/cell_state_reg[7]/C is not reached by a timing clock
Related violations: <none>

TIMING-17#41 Critical Warning
Non-clocked sequential cell  
The clock pin cell5/cell_state_reg[0]/C is not reached by a timing clock
Related violations: <none>

TIMING-17#42 Critical Warning
Non-clocked sequential cell  
The clock pin cell5/cell_state_reg[1]/C is not reached by a timing clock
Related violations: <none>

TIMING-17#43 Critical Warning
Non-clocked sequential cell  
The clock pin cell5/cell_state_reg[2]/C is not reached by a timing clock
Related violations: <none>

TIMING-17#44 Critical Warning
Non-clocked sequential cell  
The clock pin cell5/cell_state_reg[3]/C is not reached by a timing clock
Related violations: <none>

TIMING-17#45 Critical Warning
Non-clocked sequential cell  
The clock pin cell5/cell_state_reg[4]/C is not reached by a timing clock
Related violations: <none>

TIMING-17#46 Critical Warning
Non-clocked sequential cell  
The clock pin cell5/cell_state_reg[5]/C is not reached by a timing clock
Related violations: <none>

TIMING-17#47 Critical Warning
Non-clocked sequential cell  
The clock pin cell5/cell_state_reg[6]/C is not reached by a timing clock
Related violations: <none>

TIMING-17#48 Critical Warning
Non-clocked sequential cell  
The clock pin cell5/cell_state_reg[7]/C is not reached by a timing clock
Related violations: <none>

TIMING-17#49 Critical Warning
Non-clocked sequential cell  
The clock pin cell6/cell_state_reg[0]/C is not reached by a timing clock
Related violations: <none>

TIMING-17#50 Critical Warning
Non-clocked sequential cell  
The clock pin cell6/cell_state_reg[1]/C is not reached by a timing clock
Related violations: <none>

TIMING-17#51 Critical Warning
Non-clocked sequential cell  
The clock pin cell6/cell_state_reg[2]/C is not reached by a timing clock
Related violations: <none>

TIMING-17#52 Critical Warning
Non-clocked sequential cell  
The clock pin cell6/cell_state_reg[3]/C is not reached by a timing clock
Related violations: <none>

TIMING-17#53 Critical Warning
Non-clocked sequential cell  
The clock pin cell6/cell_state_reg[4]/C is not reached by a timing clock
Related violations: <none>

TIMING-17#54 Critical Warning
Non-clocked sequential cell  
The clock pin cell6/cell_state_reg[5]/C is not reached by a timing clock
Related violations: <none>

TIMING-17#55 Critical Warning
Non-clocked sequential cell  
The clock pin cell6/cell_state_reg[6]/C is not reached by a timing clock
Related violations: <none>

TIMING-17#56 Critical Warning
Non-clocked sequential cell  
The clock pin cell6/cell_state_reg[7]/C is not reached by a timing clock
Related violations: <none>

TIMING-17#57 Critical Warning
Non-clocked sequential cell  
The clock pin cell7/cell_state_reg[0]/C is not reached by a timing clock
Related violations: <none>

TIMING-17#58 Critical Warning
Non-clocked sequential cell  
The clock pin cell7/cell_state_reg[1]/C is not reached by a timing clock
Related violations: <none>

TIMING-17#59 Critical Warning
Non-clocked sequential cell  
The clock pin cell7/cell_state_reg[2]/C is not reached by a timing clock
Related violations: <none>

TIMING-17#60 Critical Warning
Non-clocked sequential cell  
The clock pin cell7/cell_state_reg[3]/C is not reached by a timing clock
Related violations: <none>

TIMING-17#61 Critical Warning
Non-clocked sequential cell  
The clock pin cell7/cell_state_reg[4]/C is not reached by a timing clock
Related violations: <none>

TIMING-17#62 Critical Warning
Non-clocked sequential cell  
The clock pin cell7/cell_state_reg[5]/C is not reached by a timing clock
Related violations: <none>

TIMING-17#63 Critical Warning
Non-clocked sequential cell  
The clock pin cell7/cell_state_reg[6]/C is not reached by a timing clock
Related violations: <none>

TIMING-17#64 Critical Warning
Non-clocked sequential cell  
The clock pin cell7/cell_state_reg[7]/C is not reached by a timing clock
Related violations: <none>

LUTAR-1#1 Warning
LUT drives async reset alert  
LUT cell cell0/next_cell_state_reg[7]_i_2, with 2 or more inputs, drives asynchronous preset/clear pin(s) cell0/next_cell_state_reg[0]/PRE, cell0/next_cell_state_reg[1]/CLR,
cell0/next_cell_state_reg[2]/CLR, cell0/next_cell_state_reg[3]/CLR,
cell0/next_cell_state_reg[4]/CLR, cell0/next_cell_state_reg[5]/CLR,
cell0/next_cell_state_reg[6]/CLR, cell0/next_cell_state_reg[7]/CLR. The LUT may glitch and trigger an unexpected reset, even if it is a properly timed path.
Related violations: <none>

LUTAR-1#2 Warning
LUT drives async reset alert  
LUT cell cell1/next_cell_state_reg[7]_i_2__0, with 2 or more inputs, drives asynchronous preset/clear pin(s) cell1/next_cell_state_reg[0]/PRE, cell1/next_cell_state_reg[1]/CLR,
cell1/next_cell_state_reg[2]/CLR, cell1/next_cell_state_reg[3]/CLR,
cell1/next_cell_state_reg[4]/CLR, cell1/next_cell_state_reg[5]/CLR,
cell1/next_cell_state_reg[6]/CLR, cell1/next_cell_state_reg[7]/CLR. The LUT may glitch and trigger an unexpected reset, even if it is a properly timed path.
Related violations: <none>

LUTAR-1#3 Warning
LUT drives async reset alert  
LUT cell cell2/next_cell_state_reg[7]_i_2__1, with 2 or more inputs, drives asynchronous preset/clear pin(s) cell2/next_cell_state_reg[0]/PRE, cell2/next_cell_state_reg[1]/CLR,
cell2/next_cell_state_reg[2]/CLR, cell2/next_cell_state_reg[3]/CLR,
cell2/next_cell_state_reg[4]/CLR, cell2/next_cell_state_reg[5]/CLR,
cell2/next_cell_state_reg[6]/CLR, cell2/next_cell_state_reg[7]/CLR. The LUT may glitch and trigger an unexpected reset, even if it is a properly timed path.
Related violations: <none>

LUTAR-1#4 Warning
LUT drives async reset alert  
LUT cell cell3/next_cell_state_reg[7]_i_2__2, with 2 or more inputs, drives asynchronous preset/clear pin(s) cell3/next_cell_state_reg[0]/PRE, cell3/next_cell_state_reg[1]/CLR,
cell3/next_cell_state_reg[2]/CLR, cell3/next_cell_state_reg[3]/CLR,
cell3/next_cell_state_reg[4]/CLR, cell3/next_cell_state_reg[5]/CLR,
cell3/next_cell_state_reg[6]/CLR, cell3/next_cell_state_reg[7]/CLR. The LUT may glitch and trigger an unexpected reset, even if it is a properly timed path.
Related violations: <none>

LUTAR-1#5 Warning
LUT drives async reset alert  
LUT cell cell4/next_cell_state_reg[7]_i_2__3, with 2 or more inputs, drives asynchronous preset/clear pin(s) cell4/next_cell_state_reg[0]/PRE, cell4/next_cell_state_reg[1]/CLR,
cell4/next_cell_state_reg[2]/CLR, cell4/next_cell_state_reg[3]/CLR,
cell4/next_cell_state_reg[4]/CLR, cell4/next_cell_state_reg[5]/CLR,
cell4/next_cell_state_reg[6]/CLR, cell4/next_cell_state_reg[7]/CLR. The LUT may glitch and trigger an unexpected reset, even if it is a properly timed path.
Related violations: <none>

LUTAR-1#6 Warning
LUT drives async reset alert  
LUT cell cell5/next_cell_state_reg[7]_i_2__4, with 2 or more inputs, drives asynchronous preset/clear pin(s) cell5/next_cell_state_reg[0]/PRE, cell5/next_cell_state_reg[1]/CLR,
cell5/next_cell_state_reg[2]/CLR, cell5/next_cell_state_reg[3]/CLR,
cell5/next_cell_state_reg[4]/CLR, cell5/next_cell_state_reg[5]/CLR,
cell5/next_cell_state_reg[6]/CLR, cell5/next_cell_state_reg[7]/CLR. The LUT may glitch and trigger an unexpected reset, even if it is a properly timed path.
Related violations: <none>

LUTAR-1#7 Warning
LUT drives async reset alert  
LUT cell cell6/next_cell_state_reg[7]_i_2__5, with 2 or more inputs, drives asynchronous preset/clear pin(s) cell6/next_cell_state_reg[0]/PRE, cell6/next_cell_state_reg[1]/CLR,
cell6/next_cell_state_reg[2]/CLR, cell6/next_cell_state_reg[3]/CLR,
cell6/next_cell_state_reg[4]/CLR, cell6/next_cell_state_reg[5]/CLR,
cell6/next_cell_state_reg[6]/CLR, cell6/next_cell_state_reg[7]/CLR. The LUT may glitch and trigger an unexpected reset, even if it is a properly timed path.
Related violations: <none>

LUTAR-1#8 Warning
LUT drives async reset alert  
LUT cell cell7/next_cell_state_reg[7]_i_2__6, with 2 or more inputs, drives asynchronous preset/clear pin(s) cell7/next_cell_state_reg[0]/PRE, cell7/next_cell_state_reg[1]/CLR,
cell7/next_cell_state_reg[2]/CLR, cell7/next_cell_state_reg[3]/CLR,
cell7/next_cell_state_reg[4]/CLR, cell7/next_cell_state_reg[5]/CLR,
cell7/next_cell_state_reg[6]/CLR, cell7/next_cell_state_reg[7]/CLR. The LUT may glitch and trigger an unexpected reset, even if it is a properly timed path.
Related violations: <none>

TIMING-20#1 Warning
Non-clocked latch  
The latch cell0/next_cell_state_reg[0] cannot be properly analyzed as its control pin cell0/next_cell_state_reg[0]/G is not reached by a timing clock
Related violations: <none>

TIMING-20#2 Warning
Non-clocked latch  
The latch cell0/next_cell_state_reg[1] cannot be properly analyzed as its control pin cell0/next_cell_state_reg[1]/G is not reached by a timing clock
Related violations: <none>

TIMING-20#3 Warning
Non-clocked latch  
The latch cell0/next_cell_state_reg[2] cannot be properly analyzed as its control pin cell0/next_cell_state_reg[2]/G is not reached by a timing clock
Related violations: <none>

TIMING-20#4 Warning
Non-clocked latch  
The latch cell0/next_cell_state_reg[3] cannot be properly analyzed as its control pin cell0/next_cell_state_reg[3]/G is not reached by a timing clock
Related violations: <none>

TIMING-20#5 Warning
Non-clocked latch  
The latch cell0/next_cell_state_reg[4] cannot be properly analyzed as its control pin cell0/next_cell_state_reg[4]/G is not reached by a timing clock
Related violations: <none>

TIMING-20#6 Warning
Non-clocked latch  
The latch cell0/next_cell_state_reg[5] cannot be properly analyzed as its control pin cell0/next_cell_state_reg[5]/G is not reached by a timing clock
Related violations: <none>

TIMING-20#7 Warning
Non-clocked latch  
The latch cell0/next_cell_state_reg[6] cannot be properly analyzed as its control pin cell0/next_cell_state_reg[6]/G is not reached by a timing clock
Related violations: <none>

TIMING-20#8 Warning
Non-clocked latch  
The latch cell0/next_cell_state_reg[7] cannot be properly analyzed as its control pin cell0/next_cell_state_reg[7]/G is not reached by a timing clock
Related violations: <none>

TIMING-20#9 Warning
Non-clocked latch  
The latch cell1/next_cell_state_reg[0] cannot be properly analyzed as its control pin cell1/next_cell_state_reg[0]/G is not reached by a timing clock
Related violations: <none>

TIMING-20#10 Warning
Non-clocked latch  
The latch cell1/next_cell_state_reg[1] cannot be properly analyzed as its control pin cell1/next_cell_state_reg[1]/G is not reached by a timing clock
Related violations: <none>

TIMING-20#11 Warning
Non-clocked latch  
The latch cell1/next_cell_state_reg[2] cannot be properly analyzed as its control pin cell1/next_cell_state_reg[2]/G is not reached by a timing clock
Related violations: <none>

TIMING-20#12 Warning
Non-clocked latch  
The latch cell1/next_cell_state_reg[3] cannot be properly analyzed as its control pin cell1/next_cell_state_reg[3]/G is not reached by a timing clock
Related violations: <none>

TIMING-20#13 Warning
Non-clocked latch  
The latch cell1/next_cell_state_reg[4] cannot be properly analyzed as its control pin cell1/next_cell_state_reg[4]/G is not reached by a timing clock
Related violations: <none>

TIMING-20#14 Warning
Non-clocked latch  
The latch cell1/next_cell_state_reg[5] cannot be properly analyzed as its control pin cell1/next_cell_state_reg[5]/G is not reached by a timing clock
Related violations: <none>

TIMING-20#15 Warning
Non-clocked latch  
The latch cell1/next_cell_state_reg[6] cannot be properly analyzed as its control pin cell1/next_cell_state_reg[6]/G is not reached by a timing clock
Related violations: <none>

TIMING-20#16 Warning
Non-clocked latch  
The latch cell1/next_cell_state_reg[7] cannot be properly analyzed as its control pin cell1/next_cell_state_reg[7]/G is not reached by a timing clock
Related violations: <none>

TIMING-20#17 Warning
Non-clocked latch  
The latch cell2/next_cell_state_reg[0] cannot be properly analyzed as its control pin cell2/next_cell_state_reg[0]/G is not reached by a timing clock
Related violations: <none>

TIMING-20#18 Warning
Non-clocked latch  
The latch cell2/next_cell_state_reg[1] cannot be properly analyzed as its control pin cell2/next_cell_state_reg[1]/G is not reached by a timing clock
Related violations: <none>

TIMING-20#19 Warning
Non-clocked latch  
The latch cell2/next_cell_state_reg[2] cannot be properly analyzed as its control pin cell2/next_cell_state_reg[2]/G is not reached by a timing clock
Related violations: <none>

TIMING-20#20 Warning
Non-clocked latch  
The latch cell2/next_cell_state_reg[3] cannot be properly analyzed as its control pin cell2/next_cell_state_reg[3]/G is not reached by a timing clock
Related violations: <none>

TIMING-20#21 Warning
Non-clocked latch  
The latch cell2/next_cell_state_reg[4] cannot be properly analyzed as its control pin cell2/next_cell_state_reg[4]/G is not reached by a timing clock
Related violations: <none>

TIMING-20#22 Warning
Non-clocked latch  
The latch cell2/next_cell_state_reg[5] cannot be properly analyzed as its control pin cell2/next_cell_state_reg[5]/G is not reached by a timing clock
Related violations: <none>

TIMING-20#23 Warning
Non-clocked latch  
The latch cell2/next_cell_state_reg[6] cannot be properly analyzed as its control pin cell2/next_cell_state_reg[6]/G is not reached by a timing clock
Related violations: <none>

TIMING-20#24 Warning
Non-clocked latch  
The latch cell2/next_cell_state_reg[7] cannot be properly analyzed as its control pin cell2/next_cell_state_reg[7]/G is not reached by a timing clock
Related violations: <none>

TIMING-20#25 Warning
Non-clocked latch  
The latch cell3/next_cell_state_reg[0] cannot be properly analyzed as its control pin cell3/next_cell_state_reg[0]/G is not reached by a timing clock
Related violations: <none>

TIMING-20#26 Warning
Non-clocked latch  
The latch cell3/next_cell_state_reg[1] cannot be properly analyzed as its control pin cell3/next_cell_state_reg[1]/G is not reached by a timing clock
Related violations: <none>

TIMING-20#27 Warning
Non-clocked latch  
The latch cell3/next_cell_state_reg[2] cannot be properly analyzed as its control pin cell3/next_cell_state_reg[2]/G is not reached by a timing clock
Related violations: <none>

TIMING-20#28 Warning
Non-clocked latch  
The latch cell3/next_cell_state_reg[3] cannot be properly analyzed as its control pin cell3/next_cell_state_reg[3]/G is not reached by a timing clock
Related violations: <none>

TIMING-20#29 Warning
Non-clocked latch  
The latch cell3/next_cell_state_reg[4] cannot be properly analyzed as its control pin cell3/next_cell_state_reg[4]/G is not reached by a timing clock
Related violations: <none>

TIMING-20#30 Warning
Non-clocked latch  
The latch cell3/next_cell_state_reg[5] cannot be properly analyzed as its control pin cell3/next_cell_state_reg[5]/G is not reached by a timing clock
Related violations: <none>

TIMING-20#31 Warning
Non-clocked latch  
The latch cell3/next_cell_state_reg[6] cannot be properly analyzed as its control pin cell3/next_cell_state_reg[6]/G is not reached by a timing clock
Related violations: <none>

TIMING-20#32 Warning
Non-clocked latch  
The latch cell3/next_cell_state_reg[7] cannot be properly analyzed as its control pin cell3/next_cell_state_reg[7]/G is not reached by a timing clock
Related violations: <none>

TIMING-20#33 Warning
Non-clocked latch  
The latch cell4/next_cell_state_reg[0] cannot be properly analyzed as its control pin cell4/next_cell_state_reg[0]/G is not reached by a timing clock
Related violations: <none>

TIMING-20#34 Warning
Non-clocked latch  
The latch cell4/next_cell_state_reg[1] cannot be properly analyzed as its control pin cell4/next_cell_state_reg[1]/G is not reached by a timing clock
Related violations: <none>

TIMING-20#35 Warning
Non-clocked latch  
The latch cell4/next_cell_state_reg[2] cannot be properly analyzed as its control pin cell4/next_cell_state_reg[2]/G is not reached by a timing clock
Related violations: <none>

TIMING-20#36 Warning
Non-clocked latch  
The latch cell4/next_cell_state_reg[3] cannot be properly analyzed as its control pin cell4/next_cell_state_reg[3]/G is not reached by a timing clock
Related violations: <none>

TIMING-20#37 Warning
Non-clocked latch  
The latch cell4/next_cell_state_reg[4] cannot be properly analyzed as its control pin cell4/next_cell_state_reg[4]/G is not reached by a timing clock
Related violations: <none>

TIMING-20#38 Warning
Non-clocked latch  
The latch cell4/next_cell_state_reg[5] cannot be properly analyzed as its control pin cell4/next_cell_state_reg[5]/G is not reached by a timing clock
Related violations: <none>

TIMING-20#39 Warning
Non-clocked latch  
The latch cell4/next_cell_state_reg[6] cannot be properly analyzed as its control pin cell4/next_cell_state_reg[6]/G is not reached by a timing clock
Related violations: <none>

TIMING-20#40 Warning
Non-clocked latch  
The latch cell4/next_cell_state_reg[7] cannot be properly analyzed as its control pin cell4/next_cell_state_reg[7]/G is not reached by a timing clock
Related violations: <none>

TIMING-20#41 Warning
Non-clocked latch  
The latch cell5/next_cell_state_reg[0] cannot be properly analyzed as its control pin cell5/next_cell_state_reg[0]/G is not reached by a timing clock
Related violations: <none>

TIMING-20#42 Warning
Non-clocked latch  
The latch cell5/next_cell_state_reg[1] cannot be properly analyzed as its control pin cell5/next_cell_state_reg[1]/G is not reached by a timing clock
Related violations: <none>

TIMING-20#43 Warning
Non-clocked latch  
The latch cell5/next_cell_state_reg[2] cannot be properly analyzed as its control pin cell5/next_cell_state_reg[2]/G is not reached by a timing clock
Related violations: <none>

TIMING-20#44 Warning
Non-clocked latch  
The latch cell5/next_cell_state_reg[3] cannot be properly analyzed as its control pin cell5/next_cell_state_reg[3]/G is not reached by a timing clock
Related violations: <none>

TIMING-20#45 Warning
Non-clocked latch  
The latch cell5/next_cell_state_reg[4] cannot be properly analyzed as its control pin cell5/next_cell_state_reg[4]/G is not reached by a timing clock
Related violations: <none>

TIMING-20#46 Warning
Non-clocked latch  
The latch cell5/next_cell_state_reg[5] cannot be properly analyzed as its control pin cell5/next_cell_state_reg[5]/G is not reached by a timing clock
Related violations: <none>

TIMING-20#47 Warning
Non-clocked latch  
The latch cell5/next_cell_state_reg[6] cannot be properly analyzed as its control pin cell5/next_cell_state_reg[6]/G is not reached by a timing clock
Related violations: <none>

TIMING-20#48 Warning
Non-clocked latch  
The latch cell5/next_cell_state_reg[7] cannot be properly analyzed as its control pin cell5/next_cell_state_reg[7]/G is not reached by a timing clock
Related violations: <none>

TIMING-20#49 Warning
Non-clocked latch  
The latch cell6/next_cell_state_reg[0] cannot be properly analyzed as its control pin cell6/next_cell_state_reg[0]/G is not reached by a timing clock
Related violations: <none>

TIMING-20#50 Warning
Non-clocked latch  
The latch cell6/next_cell_state_reg[1] cannot be properly analyzed as its control pin cell6/next_cell_state_reg[1]/G is not reached by a timing clock
Related violations: <none>

TIMING-20#51 Warning
Non-clocked latch  
The latch cell6/next_cell_state_reg[2] cannot be properly analyzed as its control pin cell6/next_cell_state_reg[2]/G is not reached by a timing clock
Related violations: <none>

TIMING-20#52 Warning
Non-clocked latch  
The latch cell6/next_cell_state_reg[3] cannot be properly analyzed as its control pin cell6/next_cell_state_reg[3]/G is not reached by a timing clock
Related violations: <none>

TIMING-20#53 Warning
Non-clocked latch  
The latch cell6/next_cell_state_reg[4] cannot be properly analyzed as its control pin cell6/next_cell_state_reg[4]/G is not reached by a timing clock
Related violations: <none>

TIMING-20#54 Warning
Non-clocked latch  
The latch cell6/next_cell_state_reg[5] cannot be properly analyzed as its control pin cell6/next_cell_state_reg[5]/G is not reached by a timing clock
Related violations: <none>

TIMING-20#55 Warning
Non-clocked latch  
The latch cell6/next_cell_state_reg[6] cannot be properly analyzed as its control pin cell6/next_cell_state_reg[6]/G is not reached by a timing clock
Related violations: <none>

TIMING-20#56 Warning
Non-clocked latch  
The latch cell6/next_cell_state_reg[7] cannot be properly analyzed as its control pin cell6/next_cell_state_reg[7]/G is not reached by a timing clock
Related violations: <none>

TIMING-20#57 Warning
Non-clocked latch  
The latch cell7/next_cell_state_reg[0] cannot be properly analyzed as its control pin cell7/next_cell_state_reg[0]/G is not reached by a timing clock
Related violations: <none>

TIMING-20#58 Warning
Non-clocked latch  
The latch cell7/next_cell_state_reg[1] cannot be properly analyzed as its control pin cell7/next_cell_state_reg[1]/G is not reached by a timing clock
Related violations: <none>

TIMING-20#59 Warning
Non-clocked latch  
The latch cell7/next_cell_state_reg[2] cannot be properly analyzed as its control pin cell7/next_cell_state_reg[2]/G is not reached by a timing clock
Related violations: <none>

TIMING-20#60 Warning
Non-clocked latch  
The latch cell7/next_cell_state_reg[3] cannot be properly analyzed as its control pin cell7/next_cell_state_reg[3]/G is not reached by a timing clock
Related violations: <none>

TIMING-20#61 Warning
Non-clocked latch  
The latch cell7/next_cell_state_reg[4] cannot be properly analyzed as its control pin cell7/next_cell_state_reg[4]/G is not reached by a timing clock
Related violations: <none>

TIMING-20#62 Warning
Non-clocked latch  
The latch cell7/next_cell_state_reg[5] cannot be properly analyzed as its control pin cell7/next_cell_state_reg[5]/G is not reached by a timing clock
Related violations: <none>

TIMING-20#63 Warning
Non-clocked latch  
The latch cell7/next_cell_state_reg[6] cannot be properly analyzed as its control pin cell7/next_cell_state_reg[6]/G is not reached by a timing clock
Related violations: <none>

TIMING-20#64 Warning
Non-clocked latch  
The latch cell7/next_cell_state_reg[7] cannot be properly analyzed as its control pin cell7/next_cell_state_reg[7]/G is not reached by a timing clock
Related violations: <none>

LATCH-1#1 Advisory
Existing latches in the design  
There are 64 latches found in the design. Inferred latches are often the result of HDL coding mistakes, such as incomplete if or case statements.
Related violations: <none>


