
*** Running vivado
    with args -log TOP_UART.vdi -applog -m64 -product Vivado -messageDb vivado.pb -mode batch -source TOP_UART.tcl -notrace



****** Vivado v2022.1 (64-bit)
  **** SW Build 3526262 on Mon Apr 18 15:48:16 MDT 2022
  **** IP Build 3524634 on Mon Apr 18 20:55:01 MDT 2022
    ** Copyright 1986-2022 Xilinx, Inc. All Rights Reserved.

source TOP_UART.tcl -notrace
Command: link_design -top TOP_UART -part xc7a100tcsg324-1
Design is defaulting to srcset: sources_1
Design is defaulting to constrset: constrs_1
INFO: [Device 21-403] Loading part xc7a100tcsg324-1
Netlist sorting complete. Time (s): cpu = 00:00:00 ; elapsed = 00:00:00 . Memory (MB): peak = 1279.785 ; gain = 0.000
INFO: [Netlist 29-17] Analyzing 4 Unisim elements for replacement
INFO: [Netlist 29-28] Unisim Transformation completed in 0 CPU seconds
INFO: [Project 1-479] Netlist was created with Vivado 2022.1
INFO: [Project 1-570] Preparing netlist for logic optimization
Parsing XDC File [C:/Users/ricar/OneDrive/Escritorio/MEMORIA/CODIGOS/VIVADO/Nexys4DDR_Master.xdc]
WARNING: [Vivado 12-584] No ports matched 'SW[0]'. [C:/Users/ricar/OneDrive/Escritorio/MEMORIA/CODIGOS/VIVADO/Nexys4DDR_Master.xdc:13]
CRITICAL WARNING: [Common 17-55] 'set_property' expects at least one object. [C:/Users/ricar/OneDrive/Escritorio/MEMORIA/CODIGOS/VIVADO/Nexys4DDR_Master.xdc:13]
Resolution: If [get_<value>] was used to populate the object, check to make sure this command returns at least one valid object.
WARNING: [Vivado 12-584] No ports matched 'SW[1]'. [C:/Users/ricar/OneDrive/Escritorio/MEMORIA/CODIGOS/VIVADO/Nexys4DDR_Master.xdc:14]
CRITICAL WARNING: [Common 17-55] 'set_property' expects at least one object. [C:/Users/ricar/OneDrive/Escritorio/MEMORIA/CODIGOS/VIVADO/Nexys4DDR_Master.xdc:14]
Resolution: If [get_<value>] was used to populate the object, check to make sure this command returns at least one valid object.
WARNING: [Vivado 12-584] No ports matched 'SW[2]'. [C:/Users/ricar/OneDrive/Escritorio/MEMORIA/CODIGOS/VIVADO/Nexys4DDR_Master.xdc:15]
CRITICAL WARNING: [Common 17-55] 'set_property' expects at least one object. [C:/Users/ricar/OneDrive/Escritorio/MEMORIA/CODIGOS/VIVADO/Nexys4DDR_Master.xdc:15]
Resolution: If [get_<value>] was used to populate the object, check to make sure this command returns at least one valid object.
WARNING: [Vivado 12-584] No ports matched 'SW[3]'. [C:/Users/ricar/OneDrive/Escritorio/MEMORIA/CODIGOS/VIVADO/Nexys4DDR_Master.xdc:16]
CRITICAL WARNING: [Common 17-55] 'set_property' expects at least one object. [C:/Users/ricar/OneDrive/Escritorio/MEMORIA/CODIGOS/VIVADO/Nexys4DDR_Master.xdc:16]
Resolution: If [get_<value>] was used to populate the object, check to make sure this command returns at least one valid object.
WARNING: [Vivado 12-584] No ports matched 'SW[4]'. [C:/Users/ricar/OneDrive/Escritorio/MEMORIA/CODIGOS/VIVADO/Nexys4DDR_Master.xdc:17]
CRITICAL WARNING: [Common 17-55] 'set_property' expects at least one object. [C:/Users/ricar/OneDrive/Escritorio/MEMORIA/CODIGOS/VIVADO/Nexys4DDR_Master.xdc:17]
Resolution: If [get_<value>] was used to populate the object, check to make sure this command returns at least one valid object.
WARNING: [Vivado 12-584] No ports matched 'SW[5]'. [C:/Users/ricar/OneDrive/Escritorio/MEMORIA/CODIGOS/VIVADO/Nexys4DDR_Master.xdc:18]
CRITICAL WARNING: [Common 17-55] 'set_property' expects at least one object. [C:/Users/ricar/OneDrive/Escritorio/MEMORIA/CODIGOS/VIVADO/Nexys4DDR_Master.xdc:18]
Resolution: If [get_<value>] was used to populate the object, check to make sure this command returns at least one valid object.
WARNING: [Vivado 12-584] No ports matched 'SW[6]'. [C:/Users/ricar/OneDrive/Escritorio/MEMORIA/CODIGOS/VIVADO/Nexys4DDR_Master.xdc:19]
CRITICAL WARNING: [Common 17-55] 'set_property' expects at least one object. [C:/Users/ricar/OneDrive/Escritorio/MEMORIA/CODIGOS/VIVADO/Nexys4DDR_Master.xdc:19]
Resolution: If [get_<value>] was used to populate the object, check to make sure this command returns at least one valid object.
WARNING: [Vivado 12-584] No ports matched 'SW[7]'. [C:/Users/ricar/OneDrive/Escritorio/MEMORIA/CODIGOS/VIVADO/Nexys4DDR_Master.xdc:20]
CRITICAL WARNING: [Common 17-55] 'set_property' expects at least one object. [C:/Users/ricar/OneDrive/Escritorio/MEMORIA/CODIGOS/VIVADO/Nexys4DDR_Master.xdc:20]
Resolution: If [get_<value>] was used to populate the object, check to make sure this command returns at least one valid object.
WARNING: [Vivado 12-584] No ports matched 'SW[8]'. [C:/Users/ricar/OneDrive/Escritorio/MEMORIA/CODIGOS/VIVADO/Nexys4DDR_Master.xdc:21]
CRITICAL WARNING: [Common 17-55] 'set_property' expects at least one object. [C:/Users/ricar/OneDrive/Escritorio/MEMORIA/CODIGOS/VIVADO/Nexys4DDR_Master.xdc:21]
Resolution: If [get_<value>] was used to populate the object, check to make sure this command returns at least one valid object.
WARNING: [Vivado 12-584] No ports matched 'SW[9]'. [C:/Users/ricar/OneDrive/Escritorio/MEMORIA/CODIGOS/VIVADO/Nexys4DDR_Master.xdc:22]
CRITICAL WARNING: [Common 17-55] 'set_property' expects at least one object. [C:/Users/ricar/OneDrive/Escritorio/MEMORIA/CODIGOS/VIVADO/Nexys4DDR_Master.xdc:22]
Resolution: If [get_<value>] was used to populate the object, check to make sure this command returns at least one valid object.
WARNING: [Vivado 12-584] No ports matched 'SW[10]'. [C:/Users/ricar/OneDrive/Escritorio/MEMORIA/CODIGOS/VIVADO/Nexys4DDR_Master.xdc:23]
CRITICAL WARNING: [Common 17-55] 'set_property' expects at least one object. [C:/Users/ricar/OneDrive/Escritorio/MEMORIA/CODIGOS/VIVADO/Nexys4DDR_Master.xdc:23]
Resolution: If [get_<value>] was used to populate the object, check to make sure this command returns at least one valid object.
WARNING: [Vivado 12-584] No ports matched 'SW[11]'. [C:/Users/ricar/OneDrive/Escritorio/MEMORIA/CODIGOS/VIVADO/Nexys4DDR_Master.xdc:24]
CRITICAL WARNING: [Common 17-55] 'set_property' expects at least one object. [C:/Users/ricar/OneDrive/Escritorio/MEMORIA/CODIGOS/VIVADO/Nexys4DDR_Master.xdc:24]
Resolution: If [get_<value>] was used to populate the object, check to make sure this command returns at least one valid object.
WARNING: [Vivado 12-584] No ports matched 'SW[12]'. [C:/Users/ricar/OneDrive/Escritorio/MEMORIA/CODIGOS/VIVADO/Nexys4DDR_Master.xdc:25]
CRITICAL WARNING: [Common 17-55] 'set_property' expects at least one object. [C:/Users/ricar/OneDrive/Escritorio/MEMORIA/CODIGOS/VIVADO/Nexys4DDR_Master.xdc:25]
Resolution: If [get_<value>] was used to populate the object, check to make sure this command returns at least one valid object.
WARNING: [Vivado 12-584] No ports matched 'SW[13]'. [C:/Users/ricar/OneDrive/Escritorio/MEMORIA/CODIGOS/VIVADO/Nexys4DDR_Master.xdc:26]
CRITICAL WARNING: [Common 17-55] 'set_property' expects at least one object. [C:/Users/ricar/OneDrive/Escritorio/MEMORIA/CODIGOS/VIVADO/Nexys4DDR_Master.xdc:26]
Resolution: If [get_<value>] was used to populate the object, check to make sure this command returns at least one valid object.
WARNING: [Vivado 12-584] No ports matched 'SW[14]'. [C:/Users/ricar/OneDrive/Escritorio/MEMORIA/CODIGOS/VIVADO/Nexys4DDR_Master.xdc:27]
CRITICAL WARNING: [Common 17-55] 'set_property' expects at least one object. [C:/Users/ricar/OneDrive/Escritorio/MEMORIA/CODIGOS/VIVADO/Nexys4DDR_Master.xdc:27]
Resolution: If [get_<value>] was used to populate the object, check to make sure this command returns at least one valid object.
WARNING: [Vivado 12-584] No ports matched 'SW[15]'. [C:/Users/ricar/OneDrive/Escritorio/MEMORIA/CODIGOS/VIVADO/Nexys4DDR_Master.xdc:28]
CRITICAL WARNING: [Common 17-55] 'set_property' expects at least one object. [C:/Users/ricar/OneDrive/Escritorio/MEMORIA/CODIGOS/VIVADO/Nexys4DDR_Master.xdc:28]
Resolution: If [get_<value>] was used to populate the object, check to make sure this command returns at least one valid object.
WARNING: [Vivado 12-584] No ports matched 'LED[8]'. [C:/Users/ricar/OneDrive/Escritorio/MEMORIA/CODIGOS/VIVADO/Nexys4DDR_Master.xdc:41]
CRITICAL WARNING: [Common 17-55] 'set_property' expects at least one object. [C:/Users/ricar/OneDrive/Escritorio/MEMORIA/CODIGOS/VIVADO/Nexys4DDR_Master.xdc:41]
Resolution: If [get_<value>] was used to populate the object, check to make sure this command returns at least one valid object.
WARNING: [Vivado 12-584] No ports matched 'LED[9]'. [C:/Users/ricar/OneDrive/Escritorio/MEMORIA/CODIGOS/VIVADO/Nexys4DDR_Master.xdc:42]
CRITICAL WARNING: [Common 17-55] 'set_property' expects at least one object. [C:/Users/ricar/OneDrive/Escritorio/MEMORIA/CODIGOS/VIVADO/Nexys4DDR_Master.xdc:42]
Resolution: If [get_<value>] was used to populate the object, check to make sure this command returns at least one valid object.
WARNING: [Vivado 12-584] No ports matched 'LED[10]'. [C:/Users/ricar/OneDrive/Escritorio/MEMORIA/CODIGOS/VIVADO/Nexys4DDR_Master.xdc:43]
CRITICAL WARNING: [Common 17-55] 'set_property' expects at least one object. [C:/Users/ricar/OneDrive/Escritorio/MEMORIA/CODIGOS/VIVADO/Nexys4DDR_Master.xdc:43]
Resolution: If [get_<value>] was used to populate the object, check to make sure this command returns at least one valid object.
WARNING: [Vivado 12-584] No ports matched 'LED[11]'. [C:/Users/ricar/OneDrive/Escritorio/MEMORIA/CODIGOS/VIVADO/Nexys4DDR_Master.xdc:44]
CRITICAL WARNING: [Common 17-55] 'set_property' expects at least one object. [C:/Users/ricar/OneDrive/Escritorio/MEMORIA/CODIGOS/VIVADO/Nexys4DDR_Master.xdc:44]
Resolution: If [get_<value>] was used to populate the object, check to make sure this command returns at least one valid object.
WARNING: [Vivado 12-584] No ports matched 'LED[12]'. [C:/Users/ricar/OneDrive/Escritorio/MEMORIA/CODIGOS/VIVADO/Nexys4DDR_Master.xdc:45]
CRITICAL WARNING: [Common 17-55] 'set_property' expects at least one object. [C:/Users/ricar/OneDrive/Escritorio/MEMORIA/CODIGOS/VIVADO/Nexys4DDR_Master.xdc:45]
Resolution: If [get_<value>] was used to populate the object, check to make sure this command returns at least one valid object.
WARNING: [Vivado 12-584] No ports matched 'LED[13]'. [C:/Users/ricar/OneDrive/Escritorio/MEMORIA/CODIGOS/VIVADO/Nexys4DDR_Master.xdc:46]
CRITICAL WARNING: [Common 17-55] 'set_property' expects at least one object. [C:/Users/ricar/OneDrive/Escritorio/MEMORIA/CODIGOS/VIVADO/Nexys4DDR_Master.xdc:46]
Resolution: If [get_<value>] was used to populate the object, check to make sure this command returns at least one valid object.
WARNING: [Vivado 12-584] No ports matched 'LED[14]'. [C:/Users/ricar/OneDrive/Escritorio/MEMORIA/CODIGOS/VIVADO/Nexys4DDR_Master.xdc:47]
CRITICAL WARNING: [Common 17-55] 'set_property' expects at least one object. [C:/Users/ricar/OneDrive/Escritorio/MEMORIA/CODIGOS/VIVADO/Nexys4DDR_Master.xdc:47]
Resolution: If [get_<value>] was used to populate the object, check to make sure this command returns at least one valid object.
WARNING: [Vivado 12-584] No ports matched 'LED[15]'. [C:/Users/ricar/OneDrive/Escritorio/MEMORIA/CODIGOS/VIVADO/Nexys4DDR_Master.xdc:48]
CRITICAL WARNING: [Common 17-55] 'set_property' expects at least one object. [C:/Users/ricar/OneDrive/Escritorio/MEMORIA/CODIGOS/VIVADO/Nexys4DDR_Master.xdc:48]
Resolution: If [get_<value>] was used to populate the object, check to make sure this command returns at least one valid object.
WARNING: [Vivado 12-584] No ports matched 'LED16_B'. [C:/Users/ricar/OneDrive/Escritorio/MEMORIA/CODIGOS/VIVADO/Nexys4DDR_Master.xdc:50]
CRITICAL WARNING: [Common 17-55] 'set_property' expects at least one object. [C:/Users/ricar/OneDrive/Escritorio/MEMORIA/CODIGOS/VIVADO/Nexys4DDR_Master.xdc:50]
Resolution: If [get_<value>] was used to populate the object, check to make sure this command returns at least one valid object.
WARNING: [Vivado 12-584] No ports matched 'LED16_G'. [C:/Users/ricar/OneDrive/Escritorio/MEMORIA/CODIGOS/VIVADO/Nexys4DDR_Master.xdc:51]
CRITICAL WARNING: [Common 17-55] 'set_property' expects at least one object. [C:/Users/ricar/OneDrive/Escritorio/MEMORIA/CODIGOS/VIVADO/Nexys4DDR_Master.xdc:51]
Resolution: If [get_<value>] was used to populate the object, check to make sure this command returns at least one valid object.
WARNING: [Vivado 12-584] No ports matched 'LED16_R'. [C:/Users/ricar/OneDrive/Escritorio/MEMORIA/CODIGOS/VIVADO/Nexys4DDR_Master.xdc:52]
CRITICAL WARNING: [Common 17-55] 'set_property' expects at least one object. [C:/Users/ricar/OneDrive/Escritorio/MEMORIA/CODIGOS/VIVADO/Nexys4DDR_Master.xdc:52]
Resolution: If [get_<value>] was used to populate the object, check to make sure this command returns at least one valid object.
WARNING: [Vivado 12-584] No ports matched 'LED17_B'. [C:/Users/ricar/OneDrive/Escritorio/MEMORIA/CODIGOS/VIVADO/Nexys4DDR_Master.xdc:53]
CRITICAL WARNING: [Common 17-55] 'set_property' expects at least one object. [C:/Users/ricar/OneDrive/Escritorio/MEMORIA/CODIGOS/VIVADO/Nexys4DDR_Master.xdc:53]
Resolution: If [get_<value>] was used to populate the object, check to make sure this command returns at least one valid object.
WARNING: [Vivado 12-584] No ports matched 'LED17_G'. [C:/Users/ricar/OneDrive/Escritorio/MEMORIA/CODIGOS/VIVADO/Nexys4DDR_Master.xdc:54]
CRITICAL WARNING: [Common 17-55] 'set_property' expects at least one object. [C:/Users/ricar/OneDrive/Escritorio/MEMORIA/CODIGOS/VIVADO/Nexys4DDR_Master.xdc:54]
Resolution: If [get_<value>] was used to populate the object, check to make sure this command returns at least one valid object.
WARNING: [Vivado 12-584] No ports matched 'LED17_R'. [C:/Users/ricar/OneDrive/Escritorio/MEMORIA/CODIGOS/VIVADO/Nexys4DDR_Master.xdc:55]
CRITICAL WARNING: [Common 17-55] 'set_property' expects at least one object. [C:/Users/ricar/OneDrive/Escritorio/MEMORIA/CODIGOS/VIVADO/Nexys4DDR_Master.xdc:55]
Resolution: If [get_<value>] was used to populate the object, check to make sure this command returns at least one valid object.
WARNING: [Vivado 12-584] No ports matched 'CA'. [C:/Users/ricar/OneDrive/Escritorio/MEMORIA/CODIGOS/VIVADO/Nexys4DDR_Master.xdc:60]
CRITICAL WARNING: [Common 17-55] 'set_property' expects at least one object. [C:/Users/ricar/OneDrive/Escritorio/MEMORIA/CODIGOS/VIVADO/Nexys4DDR_Master.xdc:60]
Resolution: If [get_<value>] was used to populate the object, check to make sure this command returns at least one valid object.
WARNING: [Vivado 12-584] No ports matched 'CB'. [C:/Users/ricar/OneDrive/Escritorio/MEMORIA/CODIGOS/VIVADO/Nexys4DDR_Master.xdc:61]
CRITICAL WARNING: [Common 17-55] 'set_property' expects at least one object. [C:/Users/ricar/OneDrive/Escritorio/MEMORIA/CODIGOS/VIVADO/Nexys4DDR_Master.xdc:61]
Resolution: If [get_<value>] was used to populate the object, check to make sure this command returns at least one valid object.
WARNING: [Vivado 12-584] No ports matched 'CC'. [C:/Users/ricar/OneDrive/Escritorio/MEMORIA/CODIGOS/VIVADO/Nexys4DDR_Master.xdc:62]
CRITICAL WARNING: [Common 17-55] 'set_property' expects at least one object. [C:/Users/ricar/OneDrive/Escritorio/MEMORIA/CODIGOS/VIVADO/Nexys4DDR_Master.xdc:62]
Resolution: If [get_<value>] was used to populate the object, check to make sure this command returns at least one valid object.
WARNING: [Vivado 12-584] No ports matched 'CD'. [C:/Users/ricar/OneDrive/Escritorio/MEMORIA/CODIGOS/VIVADO/Nexys4DDR_Master.xdc:63]
CRITICAL WARNING: [Common 17-55] 'set_property' expects at least one object. [C:/Users/ricar/OneDrive/Escritorio/MEMORIA/CODIGOS/VIVADO/Nexys4DDR_Master.xdc:63]
Resolution: If [get_<value>] was used to populate the object, check to make sure this command returns at least one valid object.
WARNING: [Vivado 12-584] No ports matched 'CE'. [C:/Users/ricar/OneDrive/Escritorio/MEMORIA/CODIGOS/VIVADO/Nexys4DDR_Master.xdc:64]
CRITICAL WARNING: [Common 17-55] 'set_property' expects at least one object. [C:/Users/ricar/OneDrive/Escritorio/MEMORIA/CODIGOS/VIVADO/Nexys4DDR_Master.xdc:64]
Resolution: If [get_<value>] was used to populate the object, check to make sure this command returns at least one valid object.
WARNING: [Vivado 12-584] No ports matched 'CF'. [C:/Users/ricar/OneDrive/Escritorio/MEMORIA/CODIGOS/VIVADO/Nexys4DDR_Master.xdc:65]
CRITICAL WARNING: [Common 17-55] 'set_property' expects at least one object. [C:/Users/ricar/OneDrive/Escritorio/MEMORIA/CODIGOS/VIVADO/Nexys4DDR_Master.xdc:65]
Resolution: If [get_<value>] was used to populate the object, check to make sure this command returns at least one valid object.
WARNING: [Vivado 12-584] No ports matched 'CG'. [C:/Users/ricar/OneDrive/Escritorio/MEMORIA/CODIGOS/VIVADO/Nexys4DDR_Master.xdc:66]
CRITICAL WARNING: [Common 17-55] 'set_property' expects at least one object. [C:/Users/ricar/OneDrive/Escritorio/MEMORIA/CODIGOS/VIVADO/Nexys4DDR_Master.xdc:66]
Resolution: If [get_<value>] was used to populate the object, check to make sure this command returns at least one valid object.
WARNING: [Vivado 12-584] No ports matched 'DP'. [C:/Users/ricar/OneDrive/Escritorio/MEMORIA/CODIGOS/VIVADO/Nexys4DDR_Master.xdc:68]
CRITICAL WARNING: [Common 17-55] 'set_property' expects at least one object. [C:/Users/ricar/OneDrive/Escritorio/MEMORIA/CODIGOS/VIVADO/Nexys4DDR_Master.xdc:68]
Resolution: If [get_<value>] was used to populate the object, check to make sure this command returns at least one valid object.
WARNING: [Vivado 12-584] No ports matched 'AN[0]'. [C:/Users/ricar/OneDrive/Escritorio/MEMORIA/CODIGOS/VIVADO/Nexys4DDR_Master.xdc:70]
CRITICAL WARNING: [Common 17-55] 'set_property' expects at least one object. [C:/Users/ricar/OneDrive/Escritorio/MEMORIA/CODIGOS/VIVADO/Nexys4DDR_Master.xdc:70]
Resolution: If [get_<value>] was used to populate the object, check to make sure this command returns at least one valid object.
WARNING: [Vivado 12-584] No ports matched 'AN[1]'. [C:/Users/ricar/OneDrive/Escritorio/MEMORIA/CODIGOS/VIVADO/Nexys4DDR_Master.xdc:71]
CRITICAL WARNING: [Common 17-55] 'set_property' expects at least one object. [C:/Users/ricar/OneDrive/Escritorio/MEMORIA/CODIGOS/VIVADO/Nexys4DDR_Master.xdc:71]
Resolution: If [get_<value>] was used to populate the object, check to make sure this command returns at least one valid object.
WARNING: [Vivado 12-584] No ports matched 'AN[2]'. [C:/Users/ricar/OneDrive/Escritorio/MEMORIA/CODIGOS/VIVADO/Nexys4DDR_Master.xdc:72]
CRITICAL WARNING: [Common 17-55] 'set_property' expects at least one object. [C:/Users/ricar/OneDrive/Escritorio/MEMORIA/CODIGOS/VIVADO/Nexys4DDR_Master.xdc:72]
Resolution: If [get_<value>] was used to populate the object, check to make sure this command returns at least one valid object.
WARNING: [Vivado 12-584] No ports matched 'AN[3]'. [C:/Users/ricar/OneDrive/Escritorio/MEMORIA/CODIGOS/VIVADO/Nexys4DDR_Master.xdc:73]
CRITICAL WARNING: [Common 17-55] 'set_property' expects at least one object. [C:/Users/ricar/OneDrive/Escritorio/MEMORIA/CODIGOS/VIVADO/Nexys4DDR_Master.xdc:73]
Resolution: If [get_<value>] was used to populate the object, check to make sure this command returns at least one valid object.
WARNING: [Vivado 12-584] No ports matched 'AN[4]'. [C:/Users/ricar/OneDrive/Escritorio/MEMORIA/CODIGOS/VIVADO/Nexys4DDR_Master.xdc:74]
CRITICAL WARNING: [Common 17-55] 'set_property' expects at least one object. [C:/Users/ricar/OneDrive/Escritorio/MEMORIA/CODIGOS/VIVADO/Nexys4DDR_Master.xdc:74]
Resolution: If [get_<value>] was used to populate the object, check to make sure this command returns at least one valid object.
WARNING: [Vivado 12-584] No ports matched 'AN[5]'. [C:/Users/ricar/OneDrive/Escritorio/MEMORIA/CODIGOS/VIVADO/Nexys4DDR_Master.xdc:75]
CRITICAL WARNING: [Common 17-55] 'set_property' expects at least one object. [C:/Users/ricar/OneDrive/Escritorio/MEMORIA/CODIGOS/VIVADO/Nexys4DDR_Master.xdc:75]
Resolution: If [get_<value>] was used to populate the object, check to make sure this command returns at least one valid object.
WARNING: [Vivado 12-584] No ports matched 'AN[6]'. [C:/Users/ricar/OneDrive/Escritorio/MEMORIA/CODIGOS/VIVADO/Nexys4DDR_Master.xdc:76]
CRITICAL WARNING: [Common 17-55] 'set_property' expects at least one object. [C:/Users/ricar/OneDrive/Escritorio/MEMORIA/CODIGOS/VIVADO/Nexys4DDR_Master.xdc:76]
Resolution: If [get_<value>] was used to populate the object, check to make sure this command returns at least one valid object.
WARNING: [Vivado 12-584] No ports matched 'AN[7]'. [C:/Users/ricar/OneDrive/Escritorio/MEMORIA/CODIGOS/VIVADO/Nexys4DDR_Master.xdc:77]
CRITICAL WARNING: [Common 17-55] 'set_property' expects at least one object. [C:/Users/ricar/OneDrive/Escritorio/MEMORIA/CODIGOS/VIVADO/Nexys4DDR_Master.xdc:77]
Resolution: If [get_<value>] was used to populate the object, check to make sure this command returns at least one valid object.
WARNING: [Vivado 12-584] No ports matched 'BTNC'. [C:/Users/ricar/OneDrive/Escritorio/MEMORIA/CODIGOS/VIVADO/Nexys4DDR_Master.xdc:84]
CRITICAL WARNING: [Common 17-55] 'set_property' expects at least one object. [C:/Users/ricar/OneDrive/Escritorio/MEMORIA/CODIGOS/VIVADO/Nexys4DDR_Master.xdc:84]
Resolution: If [get_<value>] was used to populate the object, check to make sure this command returns at least one valid object.
WARNING: [Vivado 12-584] No ports matched 'VGA_R[0]'. [C:/Users/ricar/OneDrive/Escritorio/MEMORIA/CODIGOS/VIVADO/Nexys4DDR_Master.xdc:156]
CRITICAL WARNING: [Common 17-55] 'set_property' expects at least one object. [C:/Users/ricar/OneDrive/Escritorio/MEMORIA/CODIGOS/VIVADO/Nexys4DDR_Master.xdc:156]
Resolution: If [get_<value>] was used to populate the object, check to make sure this command returns at least one valid object.
WARNING: [Vivado 12-584] No ports matched 'VGA_R[1]'. [C:/Users/ricar/OneDrive/Escritorio/MEMORIA/CODIGOS/VIVADO/Nexys4DDR_Master.xdc:157]
CRITICAL WARNING: [Common 17-55] 'set_property' expects at least one object. [C:/Users/ricar/OneDrive/Escritorio/MEMORIA/CODIGOS/VIVADO/Nexys4DDR_Master.xdc:157]
Resolution: If [get_<value>] was used to populate the object, check to make sure this command returns at least one valid object.
WARNING: [Vivado 12-584] No ports matched 'VGA_R[2]'. [C:/Users/ricar/OneDrive/Escritorio/MEMORIA/CODIGOS/VIVADO/Nexys4DDR_Master.xdc:158]
CRITICAL WARNING: [Common 17-55] 'set_property' expects at least one object. [C:/Users/ricar/OneDrive/Escritorio/MEMORIA/CODIGOS/VIVADO/Nexys4DDR_Master.xdc:158]
Resolution: If [get_<value>] was used to populate the object, check to make sure this command returns at least one valid object.
WARNING: [Vivado 12-584] No ports matched 'VGA_R[3]'. [C:/Users/ricar/OneDrive/Escritorio/MEMORIA/CODIGOS/VIVADO/Nexys4DDR_Master.xdc:159]
CRITICAL WARNING: [Common 17-55] 'set_property' expects at least one object. [C:/Users/ricar/OneDrive/Escritorio/MEMORIA/CODIGOS/VIVADO/Nexys4DDR_Master.xdc:159]
Resolution: If [get_<value>] was used to populate the object, check to make sure this command returns at least one valid object.
WARNING: [Vivado 12-584] No ports matched 'VGA_G[0]'. [C:/Users/ricar/OneDrive/Escritorio/MEMORIA/CODIGOS/VIVADO/Nexys4DDR_Master.xdc:161]
CRITICAL WARNING: [Common 17-55] 'set_property' expects at least one object. [C:/Users/ricar/OneDrive/Escritorio/MEMORIA/CODIGOS/VIVADO/Nexys4DDR_Master.xdc:161]
Resolution: If [get_<value>] was used to populate the object, check to make sure this command returns at least one valid object.
WARNING: [Vivado 12-584] No ports matched 'VGA_G[1]'. [C:/Users/ricar/OneDrive/Escritorio/MEMORIA/CODIGOS/VIVADO/Nexys4DDR_Master.xdc:162]
CRITICAL WARNING: [Common 17-55] 'set_property' expects at least one object. [C:/Users/ricar/OneDrive/Escritorio/MEMORIA/CODIGOS/VIVADO/Nexys4DDR_Master.xdc:162]
Resolution: If [get_<value>] was used to populate the object, check to make sure this command returns at least one valid object.
WARNING: [Vivado 12-584] No ports matched 'VGA_G[2]'. [C:/Users/ricar/OneDrive/Escritorio/MEMORIA/CODIGOS/VIVADO/Nexys4DDR_Master.xdc:163]
CRITICAL WARNING: [Common 17-55] 'set_property' expects at least one object. [C:/Users/ricar/OneDrive/Escritorio/MEMORIA/CODIGOS/VIVADO/Nexys4DDR_Master.xdc:163]
Resolution: If [get_<value>] was used to populate the object, check to make sure this command returns at least one valid object.
WARNING: [Vivado 12-584] No ports matched 'VGA_G[3]'. [C:/Users/ricar/OneDrive/Escritorio/MEMORIA/CODIGOS/VIVADO/Nexys4DDR_Master.xdc:164]
CRITICAL WARNING: [Common 17-55] 'set_property' expects at least one object. [C:/Users/ricar/OneDrive/Escritorio/MEMORIA/CODIGOS/VIVADO/Nexys4DDR_Master.xdc:164]
Resolution: If [get_<value>] was used to populate the object, check to make sure this command returns at least one valid object.
WARNING: [Vivado 12-584] No ports matched 'VGA_B[0]'. [C:/Users/ricar/OneDrive/Escritorio/MEMORIA/CODIGOS/VIVADO/Nexys4DDR_Master.xdc:166]
CRITICAL WARNING: [Common 17-55] 'set_property' expects at least one object. [C:/Users/ricar/OneDrive/Escritorio/MEMORIA/CODIGOS/VIVADO/Nexys4DDR_Master.xdc:166]
Resolution: If [get_<value>] was used to populate the object, check to make sure this command returns at least one valid object.
WARNING: [Vivado 12-584] No ports matched 'VGA_B[1]'. [C:/Users/ricar/OneDrive/Escritorio/MEMORIA/CODIGOS/VIVADO/Nexys4DDR_Master.xdc:167]
CRITICAL WARNING: [Common 17-55] 'set_property' expects at least one object. [C:/Users/ricar/OneDrive/Escritorio/MEMORIA/CODIGOS/VIVADO/Nexys4DDR_Master.xdc:167]
Resolution: If [get_<value>] was used to populate the object, check to make sure this command returns at least one valid object.
WARNING: [Vivado 12-584] No ports matched 'VGA_B[2]'. [C:/Users/ricar/OneDrive/Escritorio/MEMORIA/CODIGOS/VIVADO/Nexys4DDR_Master.xdc:168]
CRITICAL WARNING: [Common 17-55] 'set_property' expects at least one object. [C:/Users/ricar/OneDrive/Escritorio/MEMORIA/CODIGOS/VIVADO/Nexys4DDR_Master.xdc:168]
Resolution: If [get_<value>] was used to populate the object, check to make sure this command returns at least one valid object.
WARNING: [Vivado 12-584] No ports matched 'VGA_B[3]'. [C:/Users/ricar/OneDrive/Escritorio/MEMORIA/CODIGOS/VIVADO/Nexys4DDR_Master.xdc:169]
CRITICAL WARNING: [Common 17-55] 'set_property' expects at least one object. [C:/Users/ricar/OneDrive/Escritorio/MEMORIA/CODIGOS/VIVADO/Nexys4DDR_Master.xdc:169]
Resolution: If [get_<value>] was used to populate the object, check to make sure this command returns at least one valid object.
WARNING: [Vivado 12-584] No ports matched 'VGA_HS'. [C:/Users/ricar/OneDrive/Escritorio/MEMORIA/CODIGOS/VIVADO/Nexys4DDR_Master.xdc:171]
CRITICAL WARNING: [Common 17-55] 'set_property' expects at least one object. [C:/Users/ricar/OneDrive/Escritorio/MEMORIA/CODIGOS/VIVADO/Nexys4DDR_Master.xdc:171]
Resolution: If [get_<value>] was used to populate the object, check to make sure this command returns at least one valid object.
WARNING: [Vivado 12-584] No ports matched 'VGA_VS'. [C:/Users/ricar/OneDrive/Escritorio/MEMORIA/CODIGOS/VIVADO/Nexys4DDR_Master.xdc:172]
CRITICAL WARNING: [Common 17-55] 'set_property' expects at least one object. [C:/Users/ricar/OneDrive/Escritorio/MEMORIA/CODIGOS/VIVADO/Nexys4DDR_Master.xdc:172]
Resolution: If [get_<value>] was used to populate the object, check to make sure this command returns at least one valid object.
WARNING: [Vivado 12-584] No ports matched 'uart_tx_usb'. [C:/Users/ricar/OneDrive/Escritorio/MEMORIA/CODIGOS/VIVADO/Nexys4DDR_Master.xdc:220]
CRITICAL WARNING: [Common 17-55] 'set_property' expects at least one object. [C:/Users/ricar/OneDrive/Escritorio/MEMORIA/CODIGOS/VIVADO/Nexys4DDR_Master.xdc:220]
Resolution: If [get_<value>] was used to populate the object, check to make sure this command returns at least one valid object.
Finished Parsing XDC File [C:/Users/ricar/OneDrive/Escritorio/MEMORIA/CODIGOS/VIVADO/Nexys4DDR_Master.xdc]
INFO: [Opt 31-138] Pushed 0 inverter(s) to 0 load pin(s).
Netlist sorting complete. Time (s): cpu = 00:00:00 ; elapsed = 00:00:00 . Memory (MB): peak = 1279.785 ; gain = 0.000
INFO: [Project 1-111] Unisim Transformation Summary:
No Unisim elements were transformed.

7 Infos, 62 Warnings, 62 Critical Warnings and 0 Errors encountered.
link_design completed successfully
link_design: Time (s): cpu = 00:00:05 ; elapsed = 00:00:06 . Memory (MB): peak = 1279.785 ; gain = 0.000
Command: opt_design
Attempting to get a license for feature 'Implementation' and/or device 'xc7a100t'
INFO: [Common 17-349] Got license for feature 'Implementation' and/or device 'xc7a100t'
Running DRC as a precondition to command opt_design

Starting DRC Task
INFO: [DRC 23-27] Running DRC with 2 threads
INFO: [Project 1-461] DRC finished with 0 Errors
INFO: [Project 1-462] Please refer to the DRC report (report_drc) for more information.

Time (s): cpu = 00:00:01 ; elapsed = 00:00:00.954 . Memory (MB): peak = 1279.785 ; gain = 0.000

Starting Cache Timing Information Task
INFO: [Timing 38-35] Done setting XDC timing constraints.
Ending Cache Timing Information Task | Checksum: 1e3235ba8

Time (s): cpu = 00:00:08 ; elapsed = 00:00:08 . Memory (MB): peak = 1420.723 ; gain = 140.938

Starting Logic Optimization Task

Phase 1 Retarget
INFO: [Opt 31-138] Pushed 0 inverter(s) to 0 load pin(s).
In IDDR TRANSFORM
INFO: [Opt 31-49] Retargeted 0 cell(s).
Phase 1 Retarget | Checksum: 1e3235ba8

Time (s): cpu = 00:00:00 ; elapsed = 00:00:00.023 . Memory (MB): peak = 1729.750 ; gain = 0.000
INFO: [Opt 31-389] Phase Retarget created 0 cells and removed 0 cells

Phase 2 Constant propagation
INFO: [Opt 31-138] Pushed 0 inverter(s) to 0 load pin(s).
Phase 2 Constant propagation | Checksum: 12ee165f8

Time (s): cpu = 00:00:00 ; elapsed = 00:00:00.032 . Memory (MB): peak = 1729.750 ; gain = 0.000
INFO: [Opt 31-389] Phase Constant propagation created 0 cells and removed 25 cells

Phase 3 Sweep
Phase 3 Sweep | Checksum: 1fb54a2e3

Time (s): cpu = 00:00:00 ; elapsed = 00:00:00.038 . Memory (MB): peak = 1729.750 ; gain = 0.000
INFO: [Opt 31-389] Phase Sweep created 0 cells and removed 4 cells

Phase 4 BUFG optimization
Phase 4 BUFG optimization | Checksum: 1fb54a2e3

Time (s): cpu = 00:00:00 ; elapsed = 00:00:00.065 . Memory (MB): peak = 1729.750 ; gain = 0.000
INFO: [Opt 31-662] Phase BUFG optimization created 0 cells of which 0 are BUFGs and removed 0 cells.

Phase 5 Shift Register Optimization
INFO: [Opt 31-1064] SRL Remap converted 0 SRLs to 0 registers and converted 0 registers of register chains to 0 SRLs
Phase 5 Shift Register Optimization | Checksum: 1fb54a2e3

Time (s): cpu = 00:00:00 ; elapsed = 00:00:00.069 . Memory (MB): peak = 1729.750 ; gain = 0.000
INFO: [Opt 31-389] Phase Shift Register Optimization created 0 cells and removed 0 cells

Phase 6 Post Processing Netlist
Phase 6 Post Processing Netlist | Checksum: 1fb54a2e3

Time (s): cpu = 00:00:00 ; elapsed = 00:00:00.071 . Memory (MB): peak = 1729.750 ; gain = 0.000
INFO: [Opt 31-389] Phase Post Processing Netlist created 0 cells and removed 0 cells
Opt_design Change Summary
=========================


-------------------------------------------------------------------------------------------------------------------------
|  Phase                        |  #Cells created  |  #Cells Removed  |  #Constrained objects preventing optimizations  |
-------------------------------------------------------------------------------------------------------------------------
|  Retarget                     |               0  |               0  |                                              0  |
|  Constant propagation         |               0  |              25  |                                              0  |
|  Sweep                        |               0  |               4  |                                              0  |
|  BUFG optimization            |               0  |               0  |                                              0  |
|  Shift Register Optimization  |               0  |               0  |                                              0  |
|  Post Processing Netlist      |               0  |               0  |                                              0  |
-------------------------------------------------------------------------------------------------------------------------



Starting Connectivity Check Task

Time (s): cpu = 00:00:00 ; elapsed = 00:00:00.001 . Memory (MB): peak = 1729.750 ; gain = 0.000
Ending Logic Optimization Task | Checksum: 1c1e08478

Time (s): cpu = 00:00:00 ; elapsed = 00:00:00.074 . Memory (MB): peak = 1729.750 ; gain = 0.000

Starting Power Optimization Task
INFO: [Pwropt 34-132] Skipping clock gating for clocks with a period < 2.00 ns.
Ending Power Optimization Task | Checksum: 1c1e08478

Time (s): cpu = 00:00:00 ; elapsed = 00:00:00.018 . Memory (MB): peak = 1729.750 ; gain = 0.000

Starting Final Cleanup Task
Ending Final Cleanup Task | Checksum: 1c1e08478

Time (s): cpu = 00:00:00 ; elapsed = 00:00:00 . Memory (MB): peak = 1729.750 ; gain = 0.000

Starting Netlist Obfuscation Task
Netlist sorting complete. Time (s): cpu = 00:00:00 ; elapsed = 00:00:00 . Memory (MB): peak = 1729.750 ; gain = 0.000
Ending Netlist Obfuscation Task | Checksum: 1c1e08478

Time (s): cpu = 00:00:00 ; elapsed = 00:00:00.001 . Memory (MB): peak = 1729.750 ; gain = 0.000
INFO: [Common 17-83] Releasing license: Implementation
24 Infos, 62 Warnings, 62 Critical Warnings and 0 Errors encountered.
opt_design completed successfully
opt_design: Time (s): cpu = 00:00:12 ; elapsed = 00:00:12 . Memory (MB): peak = 1729.750 ; gain = 449.965
INFO: [Timing 38-480] Writing timing data to binary archive.
Writing XDEF routing.
Writing XDEF routing logical nets.
Writing XDEF routing special nets.
Write XDEF Complete: Time (s): cpu = 00:00:00 ; elapsed = 00:00:00.031 . Memory (MB): peak = 1729.750 ; gain = 0.000
INFO: [Common 17-1381] The checkpoint 'C:/Users/ricar/OneDrive/Escritorio/MEMORIA/CODIGOS/VIVADO/UART/UART.runs/impl_1/TOP_UART_opt.dcp' has been generated.
INFO: [runtcl-4] Executing : report_drc -file TOP_UART_drc_opted.rpt -pb TOP_UART_drc_opted.pb -rpx TOP_UART_drc_opted.rpx
Command: report_drc -file TOP_UART_drc_opted.rpt -pb TOP_UART_drc_opted.pb -rpx TOP_UART_drc_opted.rpx
INFO: [IP_Flow 19-234] Refreshing IP repositories
INFO: [IP_Flow 19-1704] No user IP repositories specified
INFO: [IP_Flow 19-2313] Loaded Vivado IP repository 'C:/Xilinx/Vivado/2022.1/data/ip'.
INFO: [Timing 38-35] Done setting XDC timing constraints.
INFO: [DRC 23-27] Running DRC with 2 threads
INFO: [Vivado_Tcl 2-168] The results of DRC are in file C:/Users/ricar/OneDrive/Escritorio/MEMORIA/CODIGOS/VIVADO/UART/UART.runs/impl_1/TOP_UART_drc_opted.rpt.
report_drc completed successfully
Command: place_design
Attempting to get a license for feature 'Implementation' and/or device 'xc7a100t'
INFO: [Common 17-349] Got license for feature 'Implementation' and/or device 'xc7a100t'
INFO: [DRC 23-27] Running DRC with 2 threads
INFO: [Vivado_Tcl 4-198] DRC finished with 0 Errors
INFO: [Vivado_Tcl 4-199] Please refer to the DRC report (report_drc) for more information.
Running DRC as a precondition to command place_design
INFO: [DRC 23-27] Running DRC with 2 threads
INFO: [Vivado_Tcl 4-198] DRC finished with 0 Errors
INFO: [Vivado_Tcl 4-199] Please refer to the DRC report (report_drc) for more information.

Starting Placer Task
INFO: [Place 30-611] Multithreading enabled for place_design using a maximum of 2 CPUs

Phase 1 Placer Initialization

Phase 1.1 Placer Initialization Netlist Sorting
Netlist sorting complete. Time (s): cpu = 00:00:00 ; elapsed = 00:00:00 . Memory (MB): peak = 1761.887 ; gain = 0.000
Phase 1.1 Placer Initialization Netlist Sorting | Checksum: dedbb514

Time (s): cpu = 00:00:00 ; elapsed = 00:00:00.013 . Memory (MB): peak = 1761.887 ; gain = 0.000
Netlist sorting complete. Time (s): cpu = 00:00:00 ; elapsed = 00:00:00 . Memory (MB): peak = 1761.887 ; gain = 0.000

Phase 1.2 IO Placement/ Clock Placement/ Build Placer Device
Phase 1.2 IO Placement/ Clock Placement/ Build Placer Device | Checksum: dedbb514

Time (s): cpu = 00:00:01 ; elapsed = 00:00:00.217 . Memory (MB): peak = 1761.887 ; gain = 0.000

Phase 1.3 Build Placer Netlist Model
Phase 1.3 Build Placer Netlist Model | Checksum: 1c7ca60ff

Time (s): cpu = 00:00:01 ; elapsed = 00:00:00.311 . Memory (MB): peak = 1761.887 ; gain = 0.000

Phase 1.4 Constrain Clocks/Macros
Phase 1.4 Constrain Clocks/Macros | Checksum: 1c7ca60ff

Time (s): cpu = 00:00:01 ; elapsed = 00:00:00.317 . Memory (MB): peak = 1761.887 ; gain = 0.000
Phase 1 Placer Initialization | Checksum: 1c7ca60ff

Time (s): cpu = 00:00:01 ; elapsed = 00:00:00.318 . Memory (MB): peak = 1761.887 ; gain = 0.000

Phase 2 Final Placement Cleanup
Netlist sorting complete. Time (s): cpu = 00:00:00 ; elapsed = 00:00:00.001 . Memory (MB): peak = 1761.887 ; gain = 0.000

Time (s): cpu = 00:00:01 ; elapsed = 00:00:00.320 . Memory (MB): peak = 1761.887 ; gain = 0.000
INFO: [Place 30-281] No place-able instance is found; design doesn't contain any instance or all instances are placed
Ending Placer Task | Checksum: dedbb514

Time (s): cpu = 00:00:01 ; elapsed = 00:00:00.321 . Memory (MB): peak = 1761.887 ; gain = 0.000
INFO: [Common 17-83] Releasing license: Implementation
43 Infos, 62 Warnings, 62 Critical Warnings and 0 Errors encountered.
place_design completed successfully
INFO: [Timing 38-480] Writing timing data to binary archive.
Writing XDEF routing.
Writing XDEF routing logical nets.
Writing XDEF routing special nets.
Write XDEF Complete: Time (s): cpu = 00:00:00 ; elapsed = 00:00:00.037 . Memory (MB): peak = 1761.887 ; gain = 0.000
INFO: [Common 17-1381] The checkpoint 'C:/Users/ricar/OneDrive/Escritorio/MEMORIA/CODIGOS/VIVADO/UART/UART.runs/impl_1/TOP_UART_placed.dcp' has been generated.
INFO: [runtcl-4] Executing : report_io -file TOP_UART_io_placed.rpt
report_io: Time (s): cpu = 00:00:00 ; elapsed = 00:00:00.043 . Memory (MB): peak = 1761.887 ; gain = 0.000
INFO: [runtcl-4] Executing : report_utilization -file TOP_UART_utilization_placed.rpt -pb TOP_UART_utilization_placed.pb
INFO: [runtcl-4] Executing : report_control_sets -verbose -file TOP_UART_control_sets_placed.rpt
report_control_sets: Time (s): cpu = 00:00:00 ; elapsed = 00:00:00.001 . Memory (MB): peak = 1761.887 ; gain = 0.000
Command: phys_opt_design
Attempting to get a license for feature 'Implementation' and/or device 'xc7a100t'
INFO: [Common 17-349] Got license for feature 'Implementation' and/or device 'xc7a100t'
INFO: [Vivado_Tcl 4-241] Physical synthesis in post route mode ( 100.0% nets are fully routed)
INFO: [Timing 38-35] Done setting XDC timing constraints.
INFO: [Vivado_Tcl 4-383] Design worst setup slack (WNS) is greater than or equal to 0.000 ns. Skipping all physical synthesis optimizations.
INFO: [Vivado_Tcl 4-232] No setup violation found. The netlist was not modified.
INFO: [Common 17-83] Releasing license: Implementation
54 Infos, 62 Warnings, 62 Critical Warnings and 0 Errors encountered.
phys_opt_design completed successfully
INFO: [Timing 38-480] Writing timing data to binary archive.
Writing XDEF routing.
Writing XDEF routing logical nets.
Writing XDEF routing special nets.
Write XDEF Complete: Time (s): cpu = 00:00:00 ; elapsed = 00:00:00.028 . Memory (MB): peak = 1761.887 ; gain = 0.000
INFO: [Common 17-1381] The checkpoint 'C:/Users/ricar/OneDrive/Escritorio/MEMORIA/CODIGOS/VIVADO/UART/UART.runs/impl_1/TOP_UART_physopt.dcp' has been generated.
Command: route_design
Attempting to get a license for feature 'Implementation' and/or device 'xc7a100t'
INFO: [Common 17-349] Got license for feature 'Implementation' and/or device 'xc7a100t'
Running DRC as a precondition to command route_design
INFO: [DRC 23-27] Running DRC with 2 threads
INFO: [Vivado_Tcl 4-198] DRC finished with 0 Errors
INFO: [Vivado_Tcl 4-199] Please refer to the DRC report (report_drc) for more information.


Starting Routing Task
INFO: [Route 35-254] Multithreading enabled for route_design using a maximum of 2 CPUs

Phase 1 Build RT Design
Checksum: PlaceDB: d07d46ca ConstDB: 0 ShapeSum: e5e6e4a RouteDB: 0
Post Restoration Checksum: NetGraph: f4c01ec6 NumContArr: ef19053e Constraints: 0 Timing: 0
Phase 1 Build RT Design | Checksum: 1e3d92404

Time (s): cpu = 00:00:34 ; elapsed = 00:00:31 . Memory (MB): peak = 1873.961 ; gain = 107.859

Phase 2 Router Initialization

Phase 2.1 Fix Topology Constraints
Phase 2.1 Fix Topology Constraints | Checksum: 1e3d92404

Time (s): cpu = 00:00:34 ; elapsed = 00:00:31 . Memory (MB): peak = 1880.578 ; gain = 114.477

Phase 2.2 Pre Route Cleanup
Phase 2.2 Pre Route Cleanup | Checksum: 1e3d92404

Time (s): cpu = 00:00:34 ; elapsed = 00:00:31 . Memory (MB): peak = 1880.578 ; gain = 114.477
 Number of Nodes with overlaps = 0

Phase 2.3 Update Timing
Phase 2.3 Update Timing | Checksum: ec1d0d07

Time (s): cpu = 00:00:34 ; elapsed = 00:00:31 . Memory (MB): peak = 1888.973 ; gain = 122.871

Router Utilization Summary
  Global Vertical Routing Utilization    = 0 %
  Global Horizontal Routing Utilization  = 0 %
  Routable Net Status*
  *Does not include unroutable nets such as driverless and loadless.
  Run report_route_status for detailed report.
  Number of Failed Nets               = 0
    (Failed Nets is the sum of unrouted and partially routed nets)
  Number of Unrouted Nets             = 0
  Number of Partially Routed Nets     = 0
  Number of Node Overlaps             = 0

Phase 2 Router Initialization | Checksum: ec1d0d07

Time (s): cpu = 00:00:35 ; elapsed = 00:00:31 . Memory (MB): peak = 1890.410 ; gain = 124.309

Phase 3 Initial Routing

Phase 3.1 Global Routing
Phase 3.1 Global Routing | Checksum: ec1d0d07

Time (s): cpu = 00:00:35 ; elapsed = 00:00:31 . Memory (MB): peak = 1890.410 ; gain = 124.309
 Number of Nodes with overlaps = 0
Phase 3 Initial Routing | Checksum: ec1d0d07

Time (s): cpu = 00:00:35 ; elapsed = 00:00:31 . Memory (MB): peak = 1890.410 ; gain = 124.309

Phase 4 Rip-up And Reroute

Phase 4.1 Global Iteration 0
Phase 4.1 Global Iteration 0 | Checksum: ec1d0d07

Time (s): cpu = 00:00:35 ; elapsed = 00:00:32 . Memory (MB): peak = 1890.410 ; gain = 124.309
Phase 4 Rip-up And Reroute | Checksum: ec1d0d07

Time (s): cpu = 00:00:35 ; elapsed = 00:00:32 . Memory (MB): peak = 1890.410 ; gain = 124.309

Phase 5 Delay and Skew Optimization

Phase 5.1 Delay CleanUp
Phase 5.1 Delay CleanUp | Checksum: ec1d0d07

Time (s): cpu = 00:00:35 ; elapsed = 00:00:32 . Memory (MB): peak = 1890.410 ; gain = 124.309

Phase 5.2 Clock Skew Optimization
Phase 5.2 Clock Skew Optimization | Checksum: ec1d0d07

Time (s): cpu = 00:00:35 ; elapsed = 00:00:32 . Memory (MB): peak = 1890.410 ; gain = 124.309
Phase 5 Delay and Skew Optimization | Checksum: ec1d0d07

Time (s): cpu = 00:00:35 ; elapsed = 00:00:32 . Memory (MB): peak = 1890.410 ; gain = 124.309

Phase 6 Post Hold Fix

Phase 6.1 Hold Fix Iter

Phase 6.1.1 Update Timing
Phase 6.1.1 Update Timing | Checksum: ec1d0d07

Time (s): cpu = 00:00:35 ; elapsed = 00:00:32 . Memory (MB): peak = 1890.410 ; gain = 124.309
Phase 6.1 Hold Fix Iter | Checksum: ec1d0d07

Time (s): cpu = 00:00:35 ; elapsed = 00:00:32 . Memory (MB): peak = 1890.410 ; gain = 124.309
Phase 6 Post Hold Fix | Checksum: ec1d0d07

Time (s): cpu = 00:00:35 ; elapsed = 00:00:32 . Memory (MB): peak = 1890.410 ; gain = 124.309

Phase 7 Route finalize

Router Utilization Summary
  Global Vertical Routing Utilization    = 0 %
  Global Horizontal Routing Utilization  = 0 %
  Routable Net Status*
  *Does not include unroutable nets such as driverless and loadless.
  Run report_route_status for detailed report.
  Number of Failed Nets               = 0
    (Failed Nets is the sum of unrouted and partially routed nets)
  Number of Unrouted Nets             = 0
  Number of Partially Routed Nets     = 0
  Number of Node Overlaps             = 0

Phase 7 Route finalize | Checksum: ec1d0d07

Time (s): cpu = 00:00:35 ; elapsed = 00:00:32 . Memory (MB): peak = 1890.410 ; gain = 124.309

Phase 8 Verifying routed nets

 Verification completed successfully
Phase 8 Verifying routed nets | Checksum: ec1d0d07

Time (s): cpu = 00:00:35 ; elapsed = 00:00:32 . Memory (MB): peak = 1890.410 ; gain = 124.309

Phase 9 Depositing Routes
Phase 9 Depositing Routes | Checksum: ec1d0d07

Time (s): cpu = 00:00:35 ; elapsed = 00:00:32 . Memory (MB): peak = 1890.410 ; gain = 124.309

Phase 10 Post Router Timing
Phase 10 Post Router Timing | Checksum: ec1d0d07

Time (s): cpu = 00:00:35 ; elapsed = 00:00:32 . Memory (MB): peak = 1890.410 ; gain = 124.309
INFO: [Route 35-16] Router Completed Successfully

Time (s): cpu = 00:00:35 ; elapsed = 00:00:32 . Memory (MB): peak = 1890.410 ; gain = 124.309

Routing Is Done.
INFO: [Common 17-83] Releasing license: Implementation
63 Infos, 62 Warnings, 62 Critical Warnings and 0 Errors encountered.
route_design completed successfully
route_design: Time (s): cpu = 00:00:36 ; elapsed = 00:00:32 . Memory (MB): peak = 1890.410 ; gain = 128.523
INFO: [Timing 38-480] Writing timing data to binary archive.
Writing XDEF routing.
Writing XDEF routing logical nets.
Writing XDEF routing special nets.
Write XDEF Complete: Time (s): cpu = 00:00:00 ; elapsed = 00:00:00.031 . Memory (MB): peak = 1899.953 ; gain = 9.543
INFO: [Common 17-1381] The checkpoint 'C:/Users/ricar/OneDrive/Escritorio/MEMORIA/CODIGOS/VIVADO/UART/UART.runs/impl_1/TOP_UART_routed.dcp' has been generated.
INFO: [runtcl-4] Executing : report_drc -file TOP_UART_drc_routed.rpt -pb TOP_UART_drc_routed.pb -rpx TOP_UART_drc_routed.rpx
Command: report_drc -file TOP_UART_drc_routed.rpt -pb TOP_UART_drc_routed.pb -rpx TOP_UART_drc_routed.rpx
INFO: [IP_Flow 19-1839] IP Catalog is up to date.
INFO: [DRC 23-27] Running DRC with 2 threads
INFO: [Vivado_Tcl 2-168] The results of DRC are in file C:/Users/ricar/OneDrive/Escritorio/MEMORIA/CODIGOS/VIVADO/UART/UART.runs/impl_1/TOP_UART_drc_routed.rpt.
report_drc completed successfully
INFO: [runtcl-4] Executing : report_methodology -file TOP_UART_methodology_drc_routed.rpt -pb TOP_UART_methodology_drc_routed.pb -rpx TOP_UART_methodology_drc_routed.rpx
Command: report_methodology -file TOP_UART_methodology_drc_routed.rpt -pb TOP_UART_methodology_drc_routed.pb -rpx TOP_UART_methodology_drc_routed.rpx
INFO: [Timing 38-35] Done setting XDC timing constraints.
INFO: [DRC 23-133] Running Methodology with 2 threads
INFO: [Vivado_Tcl 2-1520] The results of Report Methodology are in file C:/Users/ricar/OneDrive/Escritorio/MEMORIA/CODIGOS/VIVADO/UART/UART.runs/impl_1/TOP_UART_methodology_drc_routed.rpt.
report_methodology completed successfully
INFO: [runtcl-4] Executing : report_power -file TOP_UART_power_routed.rpt -pb TOP_UART_power_summary_routed.pb -rpx TOP_UART_power_routed.rpx
Command: report_power -file TOP_UART_power_routed.rpt -pb TOP_UART_power_summary_routed.pb -rpx TOP_UART_power_routed.rpx
INFO: [Timing 38-35] Done setting XDC timing constraints.
Running Vector-less Activity Propagation...

Finished Running Vector-less Activity Propagation
75 Infos, 62 Warnings, 62 Critical Warnings and 0 Errors encountered.
report_power completed successfully
INFO: [runtcl-4] Executing : report_route_status -file TOP_UART_route_status.rpt -pb TOP_UART_route_status.pb
INFO: [runtcl-4] Executing : report_timing_summary -max_paths 10 -report_unconstrained -file TOP_UART_timing_summary_routed.rpt -pb TOP_UART_timing_summary_routed.pb -rpx TOP_UART_timing_summary_routed.rpx -warn_on_violation 
INFO: [Timing 38-91] UpdateTimingParams: Speed grade: -1, Delay Type: min_max.
INFO: [Timing 38-191] Multithreading enabled for timing update using a maximum of 2 CPUs
INFO: [runtcl-4] Executing : report_incremental_reuse -file TOP_UART_incremental_reuse_routed.rpt
INFO: [Vivado_Tcl 4-1062] Incremental flow is disabled. No incremental reuse Info to report.
INFO: [runtcl-4] Executing : report_clock_utilization -file TOP_UART_clock_utilization_routed.rpt
INFO: [runtcl-4] Executing : report_bus_skew -warn_on_violation -file TOP_UART_bus_skew_routed.rpt -pb TOP_UART_bus_skew_routed.pb -rpx TOP_UART_bus_skew_routed.rpx
INFO: [Timing 38-91] UpdateTimingParams: Speed grade: -1, Delay Type: min_max.
INFO: [Timing 38-191] Multithreading enabled for timing update using a maximum of 2 CPUs
INFO: [Common 17-206] Exiting Vivado at Fri Sep 30 23:56:51 2022...

*** Running vivado
    with args -log TOP_UART.vdi -applog -m64 -product Vivado -messageDb vivado.pb -mode batch -source TOP_UART.tcl -notrace



****** Vivado v2022.1 (64-bit)
  **** SW Build 3526262 on Mon Apr 18 15:48:16 MDT 2022
  **** IP Build 3524634 on Mon Apr 18 20:55:01 MDT 2022
    ** Copyright 1986-2022 Xilinx, Inc. All Rights Reserved.

source TOP_UART.tcl -notrace
Command: open_checkpoint TOP_UART_routed.dcp
INFO: [Device 21-403] Loading part xc7a100tcsg324-1
Netlist sorting complete. Time (s): cpu = 00:00:00 ; elapsed = 00:00:00 . Memory (MB): peak = 1285.551 ; gain = 0.000
INFO: [Project 1-479] Netlist was created with Vivado 2022.1
INFO: [Project 1-570] Preparing netlist for logic optimization
INFO: [Timing 38-478] Restoring timing data from binary archive.
INFO: [Timing 38-479] Binary timing data restore complete.
INFO: [Project 1-856] Restoring constraints from binary archive.
INFO: [Project 1-853] Binary constraint restore complete.
Reading XDEF placement.
Reading placer database...
Reading XDEF routing.
Read XDEF Files: Time (s): cpu = 00:00:00 ; elapsed = 00:00:00.084 . Memory (MB): peak = 1420.227 ; gain = 7.133
Restored from archive | CPU: 0.000000 secs | Memory: 0.000000 MB |
Finished XDEF File Restore: Time (s): cpu = 00:00:00 ; elapsed = 00:00:00.084 . Memory (MB): peak = 1420.227 ; gain = 7.133
Netlist sorting complete. Time (s): cpu = 00:00:00 ; elapsed = 00:00:00 . Memory (MB): peak = 1420.227 ; gain = 0.000
INFO: [Project 1-111] Unisim Transformation Summary:
No Unisim elements were transformed.

INFO: [Project 1-604] Checkpoint was created with Vivado v2022.1 (64-bit) build 3526262
open_checkpoint: Time (s): cpu = 00:00:18 ; elapsed = 00:00:19 . Memory (MB): peak = 1420.227 ; gain = 150.559
Command: write_bitstream -force TOP_UART.bit
Attempting to get a license for feature 'Implementation' and/or device 'xc7a100t'
INFO: [Common 17-349] Got license for feature 'Implementation' and/or device 'xc7a100t'
Running DRC as a precondition to command write_bitstream
INFO: [IP_Flow 19-234] Refreshing IP repositories
INFO: [IP_Flow 19-1704] No user IP repositories specified
INFO: [IP_Flow 19-2313] Loaded Vivado IP repository 'C:/Xilinx/Vivado/2022.1/data/ip'.
INFO: [DRC 23-27] Running DRC with 2 threads
WARNING: [DRC CFGBVS-1] Missing CFGBVS and CONFIG_VOLTAGE Design Properties: Neither the CFGBVS nor CONFIG_VOLTAGE voltage property is set in the current_design.  Configuration bank voltage select (CFGBVS) must be set to VCCO or GND, and CONFIG_VOLTAGE must be set to the correct configuration voltage, in order to determine the I/O voltage support for the pins in bank 0.  It is suggested to specify these either using the 'Edit Device Properties' function in the GUI or directly in the XDC file using the following syntax:

 set_property CFGBVS value1 [current_design]
 #where value1 is either VCCO or GND

 set_property CONFIG_VOLTAGE value2 [current_design]
 #where value2 is the voltage provided to configuration bank 0

Refer to the device configuration user guide for more information.
INFO: [Vivado 12-3199] DRC finished with 0 Errors, 1 Warnings
INFO: [Vivado 12-3200] Please refer to the DRC report (report_drc) for more information.
INFO: [Designutils 20-2272] Running write_bitstream with 2 threads.
Loading data files...
Loading site data...
Loading route data...
Processing options...
Creating bitmap...
Creating bitstream...
Writing bitstream ./TOP_UART.bit...
INFO: [Vivado 12-1842] Bitgen Completed Successfully.
INFO: [Project 1-1876] WebTalk data collection is mandatory when using a ULT device. To see the specific WebTalk data collected for your design, open the usage_statistics_webtalk.html or usage_statistics_webtalk.xml file in the implementation directory.
INFO: [Common 17-83] Releasing license: Implementation
20 Infos, 1 Warnings, 0 Critical Warnings and 0 Errors encountered.
write_bitstream completed successfully
write_bitstream: Time (s): cpu = 00:00:11 ; elapsed = 00:00:11 . Memory (MB): peak = 1915.238 ; gain = 495.012
INFO: [Common 17-206] Exiting Vivado at Fri Sep 30 23:57:41 2022...

*** Running vivado
    with args -log TOP_UART.vdi -applog -m64 -product Vivado -messageDb vivado.pb -mode batch -source TOP_UART.tcl -notrace



****** Vivado v2022.1 (64-bit)
  **** SW Build 3526262 on Mon Apr 18 15:48:16 MDT 2022
  **** IP Build 3524634 on Mon Apr 18 20:55:01 MDT 2022
    ** Copyright 1986-2022 Xilinx, Inc. All Rights Reserved.

source TOP_UART.tcl -notrace
Command: open_checkpoint TOP_UART_routed.dcp
INFO: [Device 21-403] Loading part xc7a100tcsg324-1
Netlist sorting complete. Time (s): cpu = 00:00:00 ; elapsed = 00:00:00 . Memory (MB): peak = 1285.715 ; gain = 0.000
INFO: [Project 1-479] Netlist was created with Vivado 2022.1
INFO: [Project 1-570] Preparing netlist for logic optimization
INFO: [Timing 38-478] Restoring timing data from binary archive.
INFO: [Timing 38-479] Binary timing data restore complete.
INFO: [Project 1-856] Restoring constraints from binary archive.
INFO: [Project 1-853] Binary constraint restore complete.
Reading XDEF placement.
Reading placer database...
Reading XDEF routing.
Read XDEF Files: Time (s): cpu = 00:00:01 ; elapsed = 00:00:00.096 . Memory (MB): peak = 1419.453 ; gain = 8.438
Restored from archive | CPU: 1.000000 secs | Memory: 0.000000 MB |
Finished XDEF File Restore: Time (s): cpu = 00:00:01 ; elapsed = 00:00:00.096 . Memory (MB): peak = 1419.453 ; gain = 8.438
Netlist sorting complete. Time (s): cpu = 00:00:00 ; elapsed = 00:00:00 . Memory (MB): peak = 1419.453 ; gain = 0.000
INFO: [Project 1-111] Unisim Transformation Summary:
No Unisim elements were transformed.

INFO: [Project 1-604] Checkpoint was created with Vivado v2022.1 (64-bit) build 3526262
open_checkpoint: Time (s): cpu = 00:00:20 ; elapsed = 00:00:21 . Memory (MB): peak = 1419.453 ; gain = 165.039
Command: write_bitstream -force TOP_UART.bit
Attempting to get a license for feature 'Implementation' and/or device 'xc7a100t'
INFO: [Common 17-349] Got license for feature 'Implementation' and/or device 'xc7a100t'
Running DRC as a precondition to command write_bitstream
INFO: [IP_Flow 19-234] Refreshing IP repositories
INFO: [IP_Flow 19-1704] No user IP repositories specified
INFO: [IP_Flow 19-2313] Loaded Vivado IP repository 'C:/Xilinx/Vivado/2022.1/data/ip'.
INFO: [DRC 23-27] Running DRC with 2 threads
WARNING: [DRC CFGBVS-1] Missing CFGBVS and CONFIG_VOLTAGE Design Properties: Neither the CFGBVS nor CONFIG_VOLTAGE voltage property is set in the current_design.  Configuration bank voltage select (CFGBVS) must be set to VCCO or GND, and CONFIG_VOLTAGE must be set to the correct configuration voltage, in order to determine the I/O voltage support for the pins in bank 0.  It is suggested to specify these either using the 'Edit Device Properties' function in the GUI or directly in the XDC file using the following syntax:

 set_property CFGBVS value1 [current_design]
 #where value1 is either VCCO or GND

 set_property CONFIG_VOLTAGE value2 [current_design]
 #where value2 is the voltage provided to configuration bank 0

Refer to the device configuration user guide for more information.
INFO: [Vivado 12-3199] DRC finished with 0 Errors, 1 Warnings
INFO: [Vivado 12-3200] Please refer to the DRC report (report_drc) for more information.
INFO: [Designutils 20-2272] Running write_bitstream with 2 threads.
Loading data files...
Loading site data...
Loading route data...
Processing options...
Creating bitmap...
Creating bitstream...
Writing bitstream ./TOP_UART.bit...
INFO: [Vivado 12-1842] Bitgen Completed Successfully.
INFO: [Project 1-1876] WebTalk data collection is mandatory when using a ULT device. To see the specific WebTalk data collected for your design, open the usage_statistics_webtalk.html or usage_statistics_webtalk.xml file in the implementation directory.
INFO: [Common 17-83] Releasing license: Implementation
20 Infos, 1 Warnings, 0 Critical Warnings and 0 Errors encountered.
write_bitstream completed successfully
write_bitstream: Time (s): cpu = 00:00:12 ; elapsed = 00:00:12 . Memory (MB): peak = 1916.844 ; gain = 497.391
INFO: [Common 17-206] Exiting Vivado at Sat Oct  1 14:34:02 2022...
