Copyright 1986-2022 Xilinx, Inc. All Rights Reserved.
-------------------------------------------------------------------------------------------------------------------------------------------
| Tool Version     : Vivado v.2022.1 (win64) Build 3526262 Mon Apr 18 15:48:16 MDT 2022
| Date             : Fri Nov 11 11:23:01 2022
| Host             : Richi-PC running 64-bit major release  (build 9200)
| Command          : report_power -file TOP_CPY_power_routed.rpt -pb TOP_CPY_power_summary_routed.pb -rpx TOP_CPY_power_routed.rpx
| Design           : TOP_CPY
| Device           : xc7a100tcsg324-1
| Design State     : routed
| Grade            : commercial
| Process          : typical
| Characterization : Production
-------------------------------------------------------------------------------------------------------------------------------------------

Power Report

Table of Contents
-----------------
1. Summary
1.1 On-Chip Components
1.2 Power Supply Summary
1.3 Confidence Level
2. Settings
2.1 Environment
2.2 Clock Constraints
3. Detailed Reports
3.1 By Hierarchy

1. Summary
----------

+--------------------------+--------------+
| Total On-Chip Power (W)  | 0.322        |
| Design Power Budget (W)  | Unspecified* |
| Power Budget Margin (W)  | NA           |
| Dynamic (W)              | 0.218        |
| Device Static (W)        | 0.104        |
| Effective TJA (C/W)      | 4.6          |
| Max Ambient (C)          | 83.5         |
| Junction Temperature (C) | 26.5         |
| Confidence Level         | Medium       |
| Setting File             | ---          |
| Simulation Activity File | ---          |
| Design Nets Matched      | NA           |
+--------------------------+--------------+
* Specify Design Power Budget using, set_operating_conditions -design_power_budget <value in Watts>


1.1 On-Chip Components
----------------------

+----------------+-----------+----------+-----------+-----------------+
| On-Chip        | Power (W) | Used     | Available | Utilization (%) |
+----------------+-----------+----------+-----------+-----------------+
| Clocks         |     0.010 |        5 |       --- |             --- |
| Slice Logic    |     0.002 |     1439 |       --- |             --- |
|   LUT as Logic |     0.001 |      606 |     63400 |            0.96 |
|   CARRY4       |    <0.001 |       22 |     15850 |            0.14 |
|   Register     |    <0.001 |      158 |    126800 |            0.12 |
|   F7/F8 Muxes  |    <0.001 |      162 |     63400 |            0.26 |
|   Others       |     0.000 |      363 |       --- |             --- |
| Signals        |     0.007 |     1627 |       --- |             --- |
| Block RAM      |     0.030 |      132 |       135 |           97.78 |
| MMCM           |     0.124 |        1 |         6 |           16.67 |
| I/O            |     0.046 |       49 |       210 |           23.33 |
| Static Power   |     0.104 |          |           |                 |
| Total          |     0.322 |          |           |                 |
+----------------+-----------+----------+-----------+-----------------+


1.2 Power Supply Summary
------------------------

+-----------+-------------+-----------+-------------+------------+-------------+-------------+------------+
| Source    | Voltage (V) | Total (A) | Dynamic (A) | Static (A) | Powerup (A) | Budget (A)  | Margin (A) |
+-----------+-------------+-----------+-------------+------------+-------------+-------------+------------+
| Vccint    |       1.000 |     0.065 |       0.046 |      0.019 |       NA    | Unspecified | NA         |
| Vccaux    |       1.800 |     0.089 |       0.070 |      0.018 |       NA    | Unspecified | NA         |
| Vcco33    |       3.300 |     0.017 |       0.013 |      0.004 |       NA    | Unspecified | NA         |
| Vcco25    |       2.500 |     0.000 |       0.000 |      0.000 |       NA    | Unspecified | NA         |
| Vcco18    |       1.800 |     0.000 |       0.000 |      0.000 |       NA    | Unspecified | NA         |
| Vcco15    |       1.500 |     0.000 |       0.000 |      0.000 |       NA    | Unspecified | NA         |
| Vcco135   |       1.350 |     0.000 |       0.000 |      0.000 |       NA    | Unspecified | NA         |
| Vcco12    |       1.200 |     0.000 |       0.000 |      0.000 |       NA    | Unspecified | NA         |
| Vccaux_io |       1.800 |     0.000 |       0.000 |      0.000 |       NA    | Unspecified | NA         |
| Vccbram   |       1.000 |     0.006 |       0.003 |      0.003 |       NA    | Unspecified | NA         |
| MGTAVcc   |       1.000 |     0.000 |       0.000 |      0.000 |       NA    | Unspecified | NA         |
| MGTAVtt   |       1.200 |     0.000 |       0.000 |      0.000 |       NA    | Unspecified | NA         |
| Vccadc    |       1.800 |     0.020 |       0.000 |      0.020 |       NA    | Unspecified | NA         |
+-----------+-------------+-----------+-------------+------------+-------------+-------------+------------+


1.3 Confidence Level
--------------------

+-----------------------------+------------+-------------------------------------------------------+------------------------------------------------------------------------------------------------------------+
| User Input Data             | Confidence | Details                                               | Action                                                                                                     |
+-----------------------------+------------+-------------------------------------------------------+------------------------------------------------------------------------------------------------------------+
| Design implementation state | High       | Design is routed                                      |                                                                                                            |
| Clock nodes activity        | High       | User specified more than 95% of clocks                |                                                                                                            |
| I/O nodes activity          | Medium     | More than 5% of inputs are missing user specification | Provide missing input activity with simulation results or by editing the "By Resource Type -> I/Os" view   |
| Internal nodes activity     | Medium     | User specified less than 25% of internal nodes        | Provide missing internal nodes activity with simulation results or by editing the "By Resource Type" views |
| Device models               | High       | Device models are Production                          |                                                                                                            |
|                             |            |                                                       |                                                                                                            |
| Overall confidence level    | Medium     |                                                       |                                                                                                            |
+-----------------------------+------------+-------------------------------------------------------+------------------------------------------------------------------------------------------------------------+


2. Settings
-----------

2.1 Environment
---------------

+-----------------------+--------------------------+
| Ambient Temp (C)      | 25.0                     |
| ThetaJA (C/W)         | 4.6                      |
| Airflow (LFM)         | 250                      |
| Heat Sink             | medium (Medium Profile)  |
| ThetaSA (C/W)         | 4.6                      |
| Board Selection       | medium (10"x10")         |
| # of Board Layers     | 12to15 (12 to 15 Layers) |
| Board Temperature (C) | 25.0                     |
+-----------------------+--------------------------+


2.2 Clock Constraints
---------------------

+--------------------+------------------------------+-----------------+
| Clock              | Domain                       | Constraint (ns) |
+--------------------+------------------------------+-----------------+
| clk_out1_clk_wiz_0 | inst/inst/clk_out1_clk_wiz_0 |            12.2 |
| clkfbout_clk_wiz_0 | inst/inst/clkfbout_clk_wiz_0 |            10.0 |
| sys_clk_pin        | CLK100MHZ                    |            10.0 |
+--------------------+------------------------------+-----------------+


3. Detailed Reports
-------------------

3.1 By Hierarchy
----------------

+------------------------+-----------+
| Name                   | Power (W) |
+------------------------+-----------+
| TOP_CPY                |     0.218 |
|   inst                 |     0.125 |
|     inst               |     0.125 |
|   insta                |     0.002 |
|   instamn              |     0.038 |
|     U0                 |     0.038 |
|       inst_blk_mem_gen |     0.038 |
|   m_driver             |     0.004 |
|   nolabel_line166      |     0.001 |
|   uart_basic_inst      |     0.001 |
+------------------------+-----------+


