#-----------------------------------------------------------
# Vivado v2021.1 (64-bit)
# SW Build 3247384 on Thu Jun 10 19:36:33 MDT 2021
# IP Build 3246043 on Fri Jun 11 00:30:35 MDT 2021
# Start of session at: Fri Jun 17 15:55:24 2022
# Process ID: 17440
# Current directory: C:/Users/ricar/Desktop/MEMORIA/sesion 9
# Command line: vivado.exe -gui_launcher_event rodinguilauncherevent19860 C:\Users\ricar\Desktop\MEMORIA\sesion 9\sesion 9.xpr
# Log file: C:/Users/ricar/Desktop/MEMORIA/sesion 9/vivado.log
# Journal file: C:/Users/ricar/Desktop/MEMORIA/sesion 9\vivado.jou
#-----------------------------------------------------------
start_gui
open_project {C:/Users/ricar/Desktop/MEMORIA/sesion 9/sesion 9.xpr}
INFO: [Project 1-313] Project file moved from 'C:/Users/ricar/Desktop/THE_FINAL_JAM/sesion 9' since last save.
Scanning sources...
Finished scanning sources
INFO: [IP_Flow 19-234] Refreshing IP repositories
INFO: [IP_Flow 19-1704] No user IP repositories specified
INFO: [IP_Flow 19-2313] Loaded Vivado IP repository 'C:/Xilinx/Vivado/2021.1/data/ip'.
WARNING: [IP_Flow 19-2162] IP 'clk_wiz_0' is locked:
* IP definition 'Clocking Wizard (5.4)' for IP 'clk_wiz_0' (customized with software release 2017.4) has a newer major version in the IP Catalog. * The IP Data in the repository is incompatible with the current instance (despite having identical Version and Revision). You will need to upgrade the IP before viewing the customization and generating outputs.
WARNING: [IP_Flow 19-2162] IP 'blk_mem_gen_0' is locked:
* IP definition 'Block Memory Generator (8.4)' for IP 'blk_mem_gen_0' (customized with software release 2017.4) has a different revision in the IP Catalog.
INFO: [Project 1-230] Project 'sesion 9.xpr' upgraded for this version of Vivado.
open_project: Time (s): cpu = 00:00:27 ; elapsed = 00:00:13 . Memory (MB): peak = 1124.914 ; gain = 0.000
upgrade_project -migrate_output_products
WARNING: [IP_Flow 19-2162] IP 'clk_wiz_0' is locked:
* IP definition 'Clocking Wizard (5.4)' for IP 'clk_wiz_0' (customized with software release 2017.4) has a newer major version in the IP Catalog. * The IP Data in the repository is incompatible with the current instance (despite having identical Version and Revision). You will need to upgrade the IP before viewing the customization and generating outputs.
INFO: [Coretcl 2-1819] Migrated 'clk_wiz_0.xci'
  Source files are located in 'c:/Users/ricar/Desktop/MEMORIA/sesion 9/sesion 9.srcs/sources_1/ip/clk_wiz_0'
  Output files are located in 'c:/Users/ricar/Desktop/MEMORIA/sesion 9/sesion 9.gen/sources_1/ip/clk_wiz_0'.
WARNING: [IP_Flow 19-2162] IP 'blk_mem_gen_0' is locked:
* IP definition 'Block Memory Generator (8.4)' for IP 'blk_mem_gen_0' (customized with software release 2017.4) has a different revision in the IP Catalog.
INFO: [Coretcl 2-1819] Migrated 'blk_mem_gen_0.xci'
  Source files are located in 'c:/Users/ricar/Desktop/MEMORIA/sesion 9/sesion 9.srcs/sources_1/ip/blk_mem_gen_0_1'
  Output files are located in 'c:/Users/ricar/Desktop/MEMORIA/sesion 9/sesion 9.gen/sources_1/ip/blk_mem_gen_0_1'.
update_compile_order -fileset sources_1
exit
INFO: [Common 17-206] Exiting Vivado at Fri Jun 17 17:07:29 2022...
