#-----------------------------------------------------------
# Vivado v2017.4 (64-bit)
# SW Build 2086221 on Fri Dec 15 20:55:39 MST 2017
# IP Build 2085800 on Fri Dec 15 22:25:07 MST 2017
# Start of session at: Wed Aug 22 14:39:29 2018
# Process ID: 7036
# Current directory: C:/Users/ricar/Desktop/THE_FINAL_JAM/sesion 9
# Command line: vivado.exe -gui_launcher_event rodinguilauncherevent16036 C:\Users\ricar\Desktop\THE_FINAL_JAM\sesion 9\sesion 9.xpr
# Log file: C:/Users/ricar/Desktop/THE_FINAL_JAM/sesion 9/vivado.log
# Journal file: C:/Users/ricar/Desktop/THE_FINAL_JAM/sesion 9\vivado.jou
#-----------------------------------------------------------
start_gui
open_project {C:/Users/ricar/Desktop/THE_FINAL_JAM/sesion 9/sesion 9.xpr}
INFO: [Project 1-313] Project file moved from 'C:/Users/fgarrido/Desktop/sesion 9_SEN/sesion 9_SEN/sesion 9/.Xil/Vivado-13748-Alpha-16/PrjAr/_X_' since last save.
Scanning sources...
Finished scanning sources
INFO: [IP_Flow 19-234] Refreshing IP repositories
INFO: [IP_Flow 19-1704] No user IP repositories specified
INFO: [IP_Flow 19-2313] Loaded Vivado IP repository 'C:/Xilinx/Vivado/2017.4/data/ip'.
open_project: Time (s): cpu = 00:00:26 ; elapsed = 00:00:29 . Memory (MB): peak = 737.000 ; gain = 66.918
update_compile_order -fileset sources_1
close [ open {C:/Users/ricar/Desktop/THE_FINAL_JAM/sesion 9/sesion 9.srcs/sources_1/new/dithering.sv} w ]
add_files {{C:/Users/ricar/Desktop/THE_FINAL_JAM/sesion 9/sesion 9.srcs/sources_1/new/dithering.sv}}
update_compile_order -fileset sources_1
exit
INFO: [Common 17-206] Exiting Vivado at Wed Aug 22 14:43:06 2018...
