#-----------------------------------------------------------
# Vivado v2017.4 (64-bit)
# SW Build 2086221 on Fri Dec 15 20:55:39 MST 2017
# IP Build 2085800 on Fri Dec 15 22:25:07 MST 2017
# Start of session at: Wed Aug 22 13:11:19 2018
# Process ID: 13748
# Current directory: C:/Users/fgarrido/Desktop/sesion 9_SEN/sesion 9_SEN/sesion 9
# Command line: vivado.exe -gui_launcher_event rodinguilauncherevent4932 C:\Users\fgarrido\Desktop\sesion 9_SEN\sesion 9_SEN\sesion 9\sesion 9.xpr
# Log file: C:/Users/fgarrido/Desktop/sesion 9_SEN/sesion 9_SEN/sesion 9/vivado.log
# Journal file: C:/Users/fgarrido/Desktop/sesion 9_SEN/sesion 9_SEN/sesion 9\vivado.jou
#-----------------------------------------------------------
start_gui
open_project {C:/Users/fgarrido/Desktop/sesion 9_SEN/sesion 9_SEN/sesion 9/sesion 9.xpr}
Scanning sources...
Finished scanning sources
INFO: [IP_Flow 19-234] Refreshing IP repositories
INFO: [IP_Flow 19-1704] No user IP repositories specified
INFO: [IP_Flow 19-2313] Loaded Vivado IP repository 'C:/Xilinx/Vivado/2017.4/data/ip'.
open_project: Time (s): cpu = 00:00:26 ; elapsed = 00:00:13 . Memory (MB): peak = 768.793 ; gain = 79.637
update_compile_order -fileset sources_1
archive_project {C:/Users/fgarrido/Desktop/sesion 9_SEN/sesion 9_SEN/sesion9_sindit.xpr.zip} -temp_dir {C:/Users/fgarrido/Desktop/sesion 9_SEN/sesion 9_SEN/sesion 9/.Xil/Vivado-13748-Alpha-16} -force -include_local_ip_cache
INFO: [Coretcl 2-137] starting archive...
INFO: [Coretcl 2-1499] Saving project copy to temporary location 'C:/Users/fgarrido/Desktop/sesion 9_SEN/sesion 9_SEN/sesion 9/.Xil/Vivado-13748-Alpha-16' for archiving project
Scanning sources...
Finished scanning sources
INFO: [IP_Flow 19-234] Refreshing IP repositories
INFO: [IP_Flow 19-1704] No user IP repositories specified
INFO: [IP_Flow 19-2313] Loaded Vivado IP repository 'C:/Xilinx/Vivado/2017.4/data/ip'.
INFO: [Coretcl 2-1211] Creating project copy for archival...
INFO: [ProjectBase 1-495] The host OS only allows 260 characters in a normal path. The project is stored in a path with more than 80 characters. If you experience any problem with archiving the project, please consider setting environment variable $TEMP to a shorter path.
Current project path is 'C:/Users/fgarrido/Desktop/sesion 9_SEN/sesion 9_SEN/sesion 9/.Xil/Vivado-13748-Alpha-16/PrjAr/_X_'.
INFO: [Coretcl 2-1213] Including run results for 'synth_1'
INFO: [Coretcl 2-1213] Including run results for 'clk_wiz_0_synth_1'
INFO: [Coretcl 2-1213] Including run results for 'blk_mem_gen_0_synth_1'
INFO: [Coretcl 2-1213] Including run results for 'impl_1'
INFO: [Coretcl 2-133] re-setting run 'clk_wiz_0_impl_1'...
INFO: [Coretcl 2-133] re-setting run 'blk_mem_gen_0_impl_1'...
INFO: [Coretcl 2-1212] Importing remotely added design sources and verilog include files (if any)...
INFO: [filemgmt 20-334] All file(s) are already imported in fileset: 'blk_mem_gen_0'
INFO: [filemgmt 20-348] Importing the appropriate files for fileset: 'blk_mem_gen_0'
INFO: [filemgmt 20-334] All file(s) are already imported in fileset: 'clk_wiz_0'
INFO: [filemgmt 20-348] Importing the appropriate files for fileset: 'clk_wiz_0'
INFO: [filemgmt 20-334] All file(s) are already imported in fileset: 'constrs_1'
INFO: [filemgmt 20-348] Importing the appropriate files for fileset: 'constrs_1'
INFO: [filemgmt 20-348] Importing the appropriate files for fileset: 'sources_1'
