#-----------------------------------------------------------
# Vivado v2017.4 (64-bit)
# SW Build 2086221 on Fri Dec 15 20:55:39 MST 2017
# IP Build 2085800 on Fri Dec 15 22:25:07 MST 2017
# Start of session at: Wed Aug 22 14:43:22 2018
# Process ID: 13928
# Current directory: C:/Users/ricar/Desktop/THE_FINAL_JAM/sesion 9
# Command line: vivado.exe -gui_launcher_event rodinguilauncherevent15172 C:\Users\ricar\Desktop\THE_FINAL_JAM\sesion 9\sesion 9.xpr
# Log file: C:/Users/ricar/Desktop/THE_FINAL_JAM/sesion 9/vivado.log
# Journal file: C:/Users/ricar/Desktop/THE_FINAL_JAM/sesion 9\vivado.jou
#-----------------------------------------------------------
start_gui
open_project {C:/Users/ricar/Desktop/THE_FINAL_JAM/sesion 9/sesion 9.xpr}
Scanning sources...
Finished scanning sources
INFO: [IP_Flow 19-234] Refreshing IP repositories
INFO: [IP_Flow 19-1704] No user IP repositories specified
INFO: [IP_Flow 19-2313] Loaded Vivado IP repository 'C:/Xilinx/Vivado/2017.4/data/ip'.
open_project: Time (s): cpu = 00:00:28 ; elapsed = 00:00:20 . Memory (MB): peak = 750.254 ; gain = 56.574
update_compile_order -fileset sources_1
update_compile_order -fileset sources_1
exit
INFO: [Common 17-206] Exiting Vivado at Thu Aug 23 22:36:53 2018...
