#-----------------------------------------------------------
# Vivado v2021.1 (64-bit)
# SW Build 3247384 on Thu Jun 10 19:36:33 MDT 2021
# IP Build 3246043 on Fri Jun 11 00:30:35 MDT 2021
# Start of session at: Thu Jun 16 12:13:10 2022
# Process ID: 21904
# Current directory: C:/Users/ricar/Desktop/MEMORIA/CODIGOS/Rule30
# Command line: vivado.exe -gui_launcher_event rodinguilauncherevent24348 C:\Users\ricar\Desktop\MEMORIA\CODIGOS\Rule30\Rule30.xpr
# Log file: C:/Users/ricar/Desktop/MEMORIA/CODIGOS/Rule30/vivado.log
# Journal file: C:/Users/ricar/Desktop/MEMORIA/CODIGOS/Rule30\vivado.jou
#-----------------------------------------------------------
start_gui
open_project C:/Users/ricar/Desktop/MEMORIA/CODIGOS/Rule30/Rule30.xpr
WARNING: [filemgmt 56-3] Default IP Output Path : Could not find the directory 'C:/Users/ricar/Desktop/MEMORIA/CODIGOS/Rule30/Rule30.gen/sources_1'.
Scanning sources...
Finished scanning sources
INFO: [IP_Flow 19-234] Refreshing IP repositories
INFO: [IP_Flow 19-1704] No user IP repositories specified
INFO: [IP_Flow 19-2313] Loaded Vivado IP repository 'C:/Xilinx/Vivado/2021.1/data/ip'.
open_project: Time (s): cpu = 00:00:24 ; elapsed = 00:00:11 . Memory (MB): peak = 1124.941 ; gain = 0.000
update_compile_order -fileset sources_1
set_property top CA [current_fileset]
INFO: [Common 17-41] Interrupt caught. Command should exit soon.
