#-----------------------------------------------------------
# Vivado v2022.1 (64-bit)
# SW Build 3526262 on Mon Apr 18 15:48:16 MDT 2022
# IP Build 3524634 on Mon Apr 18 20:55:01 MDT 2022
# Start of session at: Sat Nov 12 15:32:33 2022
# Process ID: 39688
# Current directory: C:/Users/ricar/OneDrive/Escritorio/MEMORIA/CA_imageProcessingOnFPGA/VIVADO/CA_LOAD
# Command line: vivado.exe -gui_launcher_event rodinguilauncherevent20740 C:\Users\ricar\OneDrive\Escritorio\MEMORIA\CA_imageProcessingOnFPGA\VIVADO\CA_LOAD\CA_LOAD.xpr
# Log file: C:/Users/ricar/OneDrive/Escritorio/MEMORIA/CA_imageProcessingOnFPGA/VIVADO/CA_LOAD/vivado.log
# Journal file: C:/Users/ricar/OneDrive/Escritorio/MEMORIA/CA_imageProcessingOnFPGA/VIVADO/CA_LOAD\vivado.jou
# Running On: Richi-PC, OS: Windows, CPU Frequency: 2400 MHz, CPU Physical cores: 4, Host memory: 12730 MB
#-----------------------------------------------------------
start_gui
open_project C:/Users/ricar/OneDrive/Escritorio/MEMORIA/CA_imageProcessingOnFPGA/VIVADO/CA_LOAD/CA_LOAD.xpr
INFO: [ProjectBase 1-489] The host OS only allows 260 characters in a normal path. The project is stored in a path with more than 80 characters. If you experience issues with IP, Block Designs, or files not being found, please consider moving the project to a location with a shorter path. Alternately consider using the OS subst command to map part of the path to a drive letter.
Current project path is 'C:/Users/ricar/OneDrive/Escritorio/MEMORIA/CA_imageProcessingOnFPGA/VIVADO/CA_LOAD'
WARNING: [Board 49-26] cannot add Board Part xilinx.com:k26c:part0:1.2 available at C:/Xilinx/Vivado/2022.1/data/xhub/boards/XilinxBoardStore/boards/Xilinx/k26c/1.2/board.xml as part xck26-sfvc784-2lv-c specified in board_part file is either invalid or not available
WARNING: [Board 49-26] cannot add Board Part xilinx.com:k26c:part0:1.3 available at C:/Xilinx/Vivado/2022.1/data/xhub/boards/XilinxBoardStore/boards/Xilinx/k26c/1.3/board.xml as part xck26-sfvc784-2lv-c specified in board_part file is either invalid or not available
WARNING: [Board 49-26] cannot add Board Part xilinx.com:k26i:part0:1.2 available at C:/Xilinx/Vivado/2022.1/data/xhub/boards/XilinxBoardStore/boards/Xilinx/k26i/1.2/board.xml as part xck26-sfvc784-2lvi-i specified in board_part file is either invalid or not available
WARNING: [Board 49-26] cannot add Board Part xilinx.com:k26i:part0:1.3 available at C:/Xilinx/Vivado/2022.1/data/xhub/boards/XilinxBoardStore/boards/Xilinx/k26i/1.3/board.xml as part xck26-sfvc784-2lvi-i specified in board_part file is either invalid or not available
WARNING: [Board 49-26] cannot add Board Part xilinx.com:kc705:part0:1.6 available at C:/Xilinx/Vivado/2022.1/data/xhub/boards/XilinxBoardStore/boards/Xilinx/kc705/1.6/board.xml as part xc7k325tffg900-2 specified in board_part file is either invalid or not available
WARNING: [Board 49-26] cannot add Board Part xilinx.com:kcu105:part0:1.6 available at C:/Xilinx/Vivado/2022.1/data/xhub/boards/XilinxBoardStore/boards/Xilinx/kcu105/1.6/board.xml as part xcku040-ffva1156-2-e specified in board_part file is either invalid or not available
WARNING: [Board 49-26] cannot add Board Part xilinx.com:kcu105:part0:1.7 available at C:/Xilinx/Vivado/2022.1/data/xhub/boards/XilinxBoardStore/boards/Xilinx/kcu105/1.7/board.xml as part xcku040-ffva1156-2-e specified in board_part file is either invalid or not available
WARNING: [Board 49-26] cannot add Board Part xilinx.com:kcu116:part0:1.4 available at C:/Xilinx/Vivado/2022.1/data/xhub/boards/XilinxBoardStore/boards/Xilinx/kcu116/1.4/board.xml as part xcku5p-ffvb676-2-e specified in board_part file is either invalid or not available
WARNING: [Board 49-26] cannot add Board Part xilinx.com:kcu116:part0:1.5 available at C:/Xilinx/Vivado/2022.1/data/xhub/boards/XilinxBoardStore/boards/Xilinx/kcu116/1.5/board.xml as part xcku5p-ffvb676-2-e specified in board_part file is either invalid or not available
WARNING: [Board 49-26] cannot add Board Part xilinx.com:kcu1500:part0:1.2 available at C:/Xilinx/Vivado/2022.1/data/xhub/boards/XilinxBoardStore/boards/Xilinx/kcu1500/1.2/board.xml as part xcku115-flvb2104-2-e specified in board_part file is either invalid or not available
WARNING: [Board 49-26] cannot add Board Part xilinx.com:kv260_som:part0:1.2 available at C:/Xilinx/Vivado/2022.1/data/xhub/boards/XilinxBoardStore/boards/Xilinx/kv260_som/1.2/board.xml as part xck26-sfvc784-2lv-c specified in board_part file is either invalid or not available
WARNING: [Board 49-26] cannot add Board Part xilinx.com:kv260_som:part0:1.3 available at C:/Xilinx/Vivado/2022.1/data/xhub/boards/XilinxBoardStore/boards/Xilinx/kv260_som/1.3/board.xml as part xck26-sfvc784-2lv-c specified in board_part file is either invalid or not available
WARNING: [Board 49-26] cannot add Board Part xilinx.com:sp701:part0:1.0 available at C:/Xilinx/Vivado/2022.1/data/xhub/boards/XilinxBoardStore/boards/Xilinx/sp701/1.0/board.xml as part xc7s100fgga676-2 specified in board_part file is either invalid or not available
WARNING: [Board 49-26] cannot add Board Part xilinx.com:sp701:part0:1.1 available at C:/Xilinx/Vivado/2022.1/data/xhub/boards/XilinxBoardStore/boards/Xilinx/sp701/1.1/board.xml as part xc7s100fgga676-2 specified in board_part file is either invalid or not available
WARNING: [Board 49-26] cannot add Board Part xilinx.com:vc707:part0:1.4 available at C:/Xilinx/Vivado/2022.1/data/xhub/boards/XilinxBoardStore/boards/Xilinx/vc707/1.4/board.xml as part xc7vx485tffg1761-2 specified in board_part file is either invalid or not available
WARNING: [Board 49-26] cannot add Board Part xilinx.com:vc709:part0:1.8 available at C:/Xilinx/Vivado/2022.1/data/xhub/boards/XilinxBoardStore/boards/Xilinx/vc709/1.8/board.xml as part xc7vx690tffg1761-2 specified in board_part file is either invalid or not available
WARNING: [Board 49-26] cannot add Board Part xilinx.com:vck190:part0:2.2 available at C:/Xilinx/Vivado/2022.1/data/xhub/boards/XilinxBoardStore/boards/Xilinx/vck190/production/2.2/board.xml as part xcvc1902-vsva2197-2mp-e-s specified in board_part file is either invalid or not available
WARNING: [Board 49-26] cannot add Board Part xilinx.com:vck190:part0:3.0 available at C:/Xilinx/Vivado/2022.1/data/xhub/boards/XilinxBoardStore/boards/Xilinx/vck190/production/3.0/board.xml as part xcvc1902-vsva2197-2mp-e-s specified in board_part file is either invalid or not available
WARNING: [Board 49-26] cannot add Board Part xilinx.com:vck190_newl:part0:1.0 available at C:/Xilinx/Vivado/2022.1/data/xhub/boards/XilinxBoardStore/boards/Xilinx/vck190_newl/production/1.0/board.xml as part xcvc1902-vsva2197-2mp-e-s specified in board_part file is either invalid or not available
WARNING: [Board 49-26] cannot add Board Part xilinx.com:vcu108:part0:1.6 available at C:/Xilinx/Vivado/2022.1/data/xhub/boards/XilinxBoardStore/boards/Xilinx/vcu108/1.6/board.xml as part xcvu095-ffva2104-2-e specified in board_part file is either invalid or not available
WARNING: [Board 49-26] cannot add Board Part xilinx.com:vcu108:part0:1.7 available at C:/Xilinx/Vivado/2022.1/data/xhub/boards/XilinxBoardStore/boards/Xilinx/vcu108/1.7/board.xml as part xcvu095-ffva2104-2-e specified in board_part file is either invalid or not available
WARNING: [Board 49-26] cannot add Board Part xilinx.com:vcu110:part0:1.4 available at C:/Xilinx/Vivado/2022.1/data/xhub/boards/XilinxBoardStore/boards/Xilinx/vcu110/1.4/board.xml as part xcvu190-flgc2104-2-e specified in board_part file is either invalid or not available
WARNING: [Board 49-26] cannot add Board Part xilinx.com:vcu118:part0:2.0 available at C:/Xilinx/Vivado/2022.1/data/xhub/boards/XilinxBoardStore/boards/Xilinx/vcu118/2.0/board.xml as part xcvu9p-flga2104-2l-e specified in board_part file is either invalid or not available
WARNING: [Board 49-26] cannot add Board Part xilinx.com:vcu118:part0:2.3 available at C:/Xilinx/Vivado/2022.1/data/xhub/boards/XilinxBoardStore/boards/Xilinx/vcu118/2.3/board.xml as part xcvu9p-flga2104-2l-e specified in board_part file is either invalid or not available
WARNING: [Board 49-26] cannot add Board Part xilinx.com:vcu118:part0:2.4 available at C:/Xilinx/Vivado/2022.1/data/xhub/boards/XilinxBoardStore/boards/Xilinx/vcu118/2.4/board.xml as part xcvu9p-flga2104-2l-e specified in board_part file is either invalid or not available
WARNING: [Board 49-26] cannot add Board Part xilinx.com:vcu128:part0:1.0 available at C:/Xilinx/Vivado/2022.1/data/xhub/boards/XilinxBoardStore/boards/Xilinx/vcu128/production/1.0/board.xml as part xcvu37p-fsvh2892-2l-e specified in board_part file is either invalid or not available
WARNING: [Board 49-26] cannot add Board Part xilinx.com:vcu129:part0:1.0 available at C:/Xilinx/Vivado/2022.1/data/xhub/boards/XilinxBoardStore/boards/Xilinx/vcu129/production/1.0/board.xml as part xcvu29p-fsga2577-2l-e specified in board_part file is either invalid or not available
WARNING: [Board 49-26] cannot add Board Part xilinx.com:vcu1525:part0:1.3 available at C:/Xilinx/Vivado/2022.1/data/xhub/boards/XilinxBoardStore/boards/Xilinx/vcu1525/1.3/board.xml as part xcvu9p-fsgd2104-2l-e specified in board_part file is either invalid or not available
WARNING: [Board 49-26] cannot add Board Part xilinx.com:vermeo_t1_mpsoc:part0:1.0 available at C:/Xilinx/Vivado/2022.1/data/xhub/boards/XilinxBoardStore/boards/Xilinx/vermeo_t1_mpsoc/1.0/board.xml as part xczu19eg-ffvd1760-2l-e specified in board_part file is either invalid or not available
WARNING: [Board 49-26] cannot add Board Part xilinx.com:vermeo_t1_rfsoc:part0:1.0 available at C:/Xilinx/Vivado/2022.1/data/xhub/boards/XilinxBoardStore/boards/Xilinx/vermeo_t1_rfsoc/1.0/board.xml as part xczu21dr-ffvd1156-2l-e specified in board_part file is either invalid or not available
WARNING: [Board 49-26] cannot add Board Part xilinx.com:vmk180:part0:2.2 available at C:/Xilinx/Vivado/2022.1/data/xhub/boards/XilinxBoardStore/boards/Xilinx/vmk180/production/2.2/board.xml as part xcvm1802-vsva2197-2mp-e-s specified in board_part file is either invalid or not available
WARNING: [Board 49-26] cannot add Board Part xilinx.com:vmk180:part0:3.0 available at C:/Xilinx/Vivado/2022.1/data/xhub/boards/XilinxBoardStore/boards/Xilinx/vmk180/production/3.0/board.xml as part xcvm1802-vsva2197-2mp-e-s specified in board_part file is either invalid or not available
WARNING: [Board 49-26] cannot add Board Part xilinx.com:vmk180_newl:part0:1.0 available at C:/Xilinx/Vivado/2022.1/data/xhub/boards/XilinxBoardStore/boards/Xilinx/vmk180_newl/production/1.0/board.xml as part xcvm1802-vsva2197-2mp-e-s specified in board_part file is either invalid or not available
WARNING: [Board 49-26] cannot add Board Part xilinx.com:vpk120_es:part0:1.2 available at C:/Xilinx/Vivado/2022.1/data/xhub/boards/XilinxBoardStore/boards/Xilinx/vpk120/es/1.2/board.xml as part xcvp1202-vsva2785-2mp-e-s-es1 specified in board_part file is either invalid or not available
WARNING: [Board 49-26] cannot add Board Part xilinx.com:vpk120_es_revb:part0:1.0 available at C:/Xilinx/Vivado/2022.1/data/xhub/boards/XilinxBoardStore/boards/Xilinx/vpk120_revb/es/1.0/board.xml as part xcvp1202-vsva2785-2mp-e-s-es1 specified in board_part file is either invalid or not available
WARNING: [Board 49-26] cannot add Board Part xilinx.com:zc706:part0:1.4 available at C:/Xilinx/Vivado/2022.1/data/xhub/boards/XilinxBoardStore/boards/Xilinx/zc706/1.4/board.xml as part xc7z045ffg900-2 specified in board_part file is either invalid or not available
WARNING: [Board 49-26] cannot add Board Part xilinx.com:zcu102:part0:3.3 available at C:/Xilinx/Vivado/2022.1/data/xhub/boards/XilinxBoardStore/boards/Xilinx/zcu102/3.3/board.xml as part xczu9eg-ffvb1156-2-e specified in board_part file is either invalid or not available
WARNING: [Board 49-26] cannot add Board Part xilinx.com:zcu102:part0:3.4 available at C:/Xilinx/Vivado/2022.1/data/xhub/boards/XilinxBoardStore/boards/Xilinx/zcu102/3.4/board.xml as part xczu9eg-ffvb1156-2-e specified in board_part file is either invalid or not available
WARNING: [Board 49-26] cannot add Board Part xilinx.com:zcu104:part0:1.1 available at C:/Xilinx/Vivado/2022.1/data/xhub/boards/XilinxBoardStore/boards/Xilinx/zcu104/1.1/board.xml as part xczu7ev-ffvc1156-2-e specified in board_part file is either invalid or not available
WARNING: [Board 49-26] cannot add Board Part xilinx.com:zcu106:part0:2.4 available at C:/Xilinx/Vivado/2022.1/data/xhub/boards/XilinxBoardStore/boards/Xilinx/zcu106/2.4/board.xml as part xczu7ev-ffvc1156-2-e specified in board_part file is either invalid or not available
WARNING: [Board 49-26] cannot add Board Part xilinx.com:zcu106:part0:2.5 available at C:/Xilinx/Vivado/2022.1/data/xhub/boards/XilinxBoardStore/boards/Xilinx/zcu106/2.5/board.xml as part xczu7ev-ffvc1156-2-e specified in board_part file is either invalid or not available
WARNING: [Board 49-26] cannot add Board Part xilinx.com:zcu106:part0:2.6 available at C:/Xilinx/Vivado/2022.1/data/xhub/boards/XilinxBoardStore/boards/Xilinx/zcu106/2.6/board.xml as part xczu7ev-ffvc1156-2-e specified in board_part file is either invalid or not available
WARNING: [Board 49-26] cannot add Board Part xilinx.com:zcu111:part0:1.2 available at C:/Xilinx/Vivado/2022.1/data/xhub/boards/XilinxBoardStore/boards/Xilinx/zcu111/1.2/board.xml as part xczu28dr-ffvg1517-2-e specified in board_part file is either invalid or not available
WARNING: [Board 49-26] cannot add Board Part xilinx.com:zcu111:part0:1.3 available at C:/Xilinx/Vivado/2022.1/data/xhub/boards/XilinxBoardStore/boards/Xilinx/zcu111/1.3/board.xml as part xczu28dr-ffvg1517-2-e specified in board_part file is either invalid or not available
WARNING: [Board 49-26] cannot add Board Part xilinx.com:zcu111:part0:1.4 available at C:/Xilinx/Vivado/2022.1/data/xhub/boards/XilinxBoardStore/boards/Xilinx/zcu111/1.4/board.xml as part xczu28dr-ffvg1517-2-e specified in board_part file is either invalid or not available
WARNING: [Board 49-26] cannot add Board Part xilinx.com:zcu1275:part0:1.0 available at C:/Xilinx/Vivado/2022.1/data/xhub/boards/XilinxBoardStore/boards/Xilinx/zcu1275/1.0/board.xml as part xczu29dr-ffvf1760-2-e specified in board_part file is either invalid or not available
WARNING: [Board 49-26] cannot add Board Part xilinx.com:zcu1285:part0:1.0 available at C:/Xilinx/Vivado/2022.1/data/xhub/boards/XilinxBoardStore/boards/Xilinx/zcu1285/1.0/board.xml as part xczu39dr-ffvf1760-2-i specified in board_part file is either invalid or not available
WARNING: [Board 49-26] cannot add Board Part xilinx.com:zcu208:part0:2.0 available at C:/Xilinx/Vivado/2022.1/data/xhub/boards/XilinxBoardStore/boards/Xilinx/zcu208/production/2.0/board.xml as part xczu48dr-fsvg1517-2-e specified in board_part file is either invalid or not available
WARNING: [Board 49-26] cannot add Board Part xilinx.com:zcu208ld:part0:2.0 available at C:/Xilinx/Vivado/2022.1/data/xhub/boards/XilinxBoardStore/boards/Xilinx/zcu208ld/production/2.0/board.xml as part xczu58dr-fsvg1517-2-i specified in board_part file is either invalid or not available
WARNING: [Board 49-26] cannot add Board Part xilinx.com:zcu216:part0:2.0 available at C:/Xilinx/Vivado/2022.1/data/xhub/boards/XilinxBoardStore/boards/Xilinx/zcu216/production/2.0/board.xml as part xczu49dr-ffvf1760-2-e specified in board_part file is either invalid or not available
WARNING: [Board 49-26] cannot add Board Part xilinx.com:zcu216ld:part0:2.0 available at C:/Xilinx/Vivado/2022.1/data/xhub/boards/XilinxBoardStore/boards/Xilinx/zcu216ld/production/2.0/board.xml as part xczu59dr-ffvf1760-2-i specified in board_part file is either invalid or not available
WARNING: [Board 49-26] cannot add Board Part xilinx.com:zcu670:part0:2.0 available at C:/Xilinx/Vivado/2022.1/data/xhub/boards/XilinxBoardStore/boards/Xilinx/zcu670/2.0/board.xml as part xczu67dr-fsve1156-2-i specified in board_part file is either invalid or not available
WARNING: [Board 49-26] cannot add Board Part xilinx.com:zcu670ld:part0:1.0 available at C:/Xilinx/Vivado/2022.1/data/xhub/boards/XilinxBoardStore/boards/Xilinx/zcu670ld/1.0/board.xml as part xczu57dr-fsve1156-2-i specified in board_part file is either invalid or not available
INFO: [filemgmt 56-3] Default IP Output Path : Could not find the directory 'C:/Users/ricar/OneDrive/Escritorio/MEMORIA/CA_imageProcessingOnFPGA/VIVADO/CA_LOAD/CA_LOAD.gen/sources_1'.
Scanning sources...
Finished scanning sources
INFO: [IP_Flow 19-234] Refreshing IP repositories
INFO: [IP_Flow 19-1704] No user IP repositories specified
INFO: [IP_Flow 19-2313] Loaded Vivado IP repository 'C:/Xilinx/Vivado/2022.1/data/ip'.
open_project: Time (s): cpu = 00:00:26 ; elapsed = 00:00:08 . Memory (MB): peak = 1640.305 ; gain = 0.000
update_compile_order -fileset sources_1
launch_simulation
Command: launch_simulation 
INFO: [Vivado 12-12493] Simulation top is 'sim_GRID_MODES'
WARNING: [Vivado 12-13340] Unable to auto find GCC executables from simulator install path! (path not set)
WARNING: [Vivado 12-13277] Compiled library path does not exist: ''
INFO: [Vivado 12-5682] Launching behavioral simulation in 'C:/Users/ricar/OneDrive/Escritorio/MEMORIA/CA_imageProcessingOnFPGA/VIVADO/CA_LOAD/CA_LOAD.sim/sim_1/behav/xsim'
INFO: [SIM-utils-51] Simulation object is 'sim_1'
INFO: [SIM-utils-72] Using boost library from 'C:/Xilinx/Vivado/2022.1/tps/boost_1_72_0'
INFO: [SIM-utils-54] Inspecting design source files for 'sim_GRID_MODES' in fileset 'sim_1'...
INFO: [USF-XSim-97] Finding global include files...
INFO: [USF-XSim-98] Fetching design files from 'sim_1'...
INFO: [USF-XSim-2] XSim::Compile design
INFO: [USF-XSim-61] Executing 'COMPILE and ANALYZE' step in 'C:/Users/ricar/OneDrive/Escritorio/MEMORIA/CA_imageProcessingOnFPGA/VIVADO/CA_LOAD/CA_LOAD.sim/sim_1/behav/xsim'
"xvlog --incr --relax -L uvm -prj sim_GRID_MODES_vlog.prj"
INFO: [VRFC 10-2263] Analyzing SystemVerilog file "C:/Users/ricar/OneDrive/Escritorio/MEMORIA/CA_imageProcessingOnFPGA/VIVADO/CA_LOAD/CA_LOAD.srcs/sources_1/new/CELDA.sv" into library xil_defaultlib
INFO: [VRFC 10-311] analyzing module CELDA
INFO: [VRFC 10-2263] Analyzing SystemVerilog file "C:/Users/ricar/OneDrive/Escritorio/MEMORIA/CA_imageProcessingOnFPGA/VIVADO/CA_LOAD/CA_LOAD.srcs/sources_1/new/FSM_OPERATION_MODES.sv" into library xil_defaultlib
INFO: [VRFC 10-311] analyzing module FSM_OPERATION_MODES
WARNING: [VRFC 10-9336] redeclaration of ANSI port 'state' is not allowed [C:/Users/ricar/OneDrive/Escritorio/MEMORIA/CA_imageProcessingOnFPGA/VIVADO/CA_LOAD/CA_LOAD.srcs/sources_1/new/FSM_OPERATION_MODES.sv:40]
WARNING: [VRFC 10-3028] 'state' was previously declared with a range [C:/Users/ricar/OneDrive/Escritorio/MEMORIA/CA_imageProcessingOnFPGA/VIVADO/CA_LOAD/CA_LOAD.srcs/sources_1/new/FSM_OPERATION_MODES.sv:40]
INFO: [VRFC 10-2263] Analyzing SystemVerilog file "C:/Users/ricar/OneDrive/Escritorio/MEMORIA/CA_imageProcessingOnFPGA/VIVADO/CA_LOAD/CA_LOAD.srcs/sources_1/new/GRID_SCRIPT.sv" into library xil_defaultlib
INFO: [VRFC 10-311] analyzing module GRID_SCRIPT
INFO: [VRFC 10-2263] Analyzing SystemVerilog file "C:/Users/ricar/OneDrive/Escritorio/MEMORIA/CA_imageProcessingOnFPGA/VIVADO/CA_LOAD/CA_LOAD.srcs/sim_1/new/sim_GRID_MODES.sv" into library xil_defaultlib
INFO: [VRFC 10-311] analyzing module sim_GRID_MODES
INFO: [USF-XSim-69] 'compile' step finished in '2' seconds
INFO: [USF-XSim-3] XSim::Elaborate design
INFO: [USF-XSim-61] Executing 'ELABORATE' step in 'C:/Users/ricar/OneDrive/Escritorio/MEMORIA/CA_imageProcessingOnFPGA/VIVADO/CA_LOAD/CA_LOAD.sim/sim_1/behav/xsim'
"xelab --incr --debug typical --relax --mt 2 -L xil_defaultlib -L uvm -L unisims_ver -L unimacro_ver -L secureip --snapshot sim_GRID_MODES_behav xil_defaultlib.sim_GRID_MODES xil_defaultlib.glbl -log elaborate.log"
Vivado Simulator v2022.1
Copyright 1986-1999, 2001-2022 Xilinx, Inc. All Rights Reserved.
Running: C:/Xilinx/Vivado/2022.1/bin/unwrapped/win64.o/xelab.exe --incr --debug typical --relax --mt 2 -L xil_defaultlib -L uvm -L unisims_ver -L unimacro_ver -L secureip --snapshot sim_GRID_MODES_behav xil_defaultlib.sim_GRID_MODES xil_defaultlib.glbl -log elaborate.log 
Using 2 slave threads.
Starting static elaboration
Pass Through NonSizing Optimizer
WARNING: [VRFC 10-3705] select index 9 into 'gen' is out of bounds [C:/Users/ricar/OneDrive/Escritorio/MEMORIA/CA_imageProcessingOnFPGA/VIVADO/CA_LOAD/CA_LOAD.srcs/sources_1/new/GRID_SCRIPT.sv:157]
WARNING: [VRFC 10-3705] select index 9 into 'gen' is out of bounds [C:/Users/ricar/OneDrive/Escritorio/MEMORIA/CA_imageProcessingOnFPGA/VIVADO/CA_LOAD/CA_LOAD.srcs/sources_1/new/GRID_SCRIPT.sv:159]
WARNING: [VRFC 10-3705] select index 9 into 'gen' is out of bounds [C:/Users/ricar/OneDrive/Escritorio/MEMORIA/CA_imageProcessingOnFPGA/VIVADO/CA_LOAD/CA_LOAD.srcs/sources_1/new/GRID_SCRIPT.sv:183]
WARNING: [VRFC 10-3705] select index 10 into 'gen' is out of bounds [C:/Users/ricar/OneDrive/Escritorio/MEMORIA/CA_imageProcessingOnFPGA/VIVADO/CA_LOAD/CA_LOAD.srcs/sources_1/new/GRID_SCRIPT.sv:184]
WARNING: [VRFC 10-3705] select index 9 into 'gen' is out of bounds [C:/Users/ricar/OneDrive/Escritorio/MEMORIA/CA_imageProcessingOnFPGA/VIVADO/CA_LOAD/CA_LOAD.srcs/sources_1/new/GRID_SCRIPT.sv:207]
WARNING: [VRFC 10-3705] select index 10 into 'gen' is out of bounds [C:/Users/ricar/OneDrive/Escritorio/MEMORIA/CA_imageProcessingOnFPGA/VIVADO/CA_LOAD/CA_LOAD.srcs/sources_1/new/GRID_SCRIPT.sv:208]
WARNING: [VRFC 10-3705] select index 11 into 'gen' is out of bounds [C:/Users/ricar/OneDrive/Escritorio/MEMORIA/CA_imageProcessingOnFPGA/VIVADO/CA_LOAD/CA_LOAD.srcs/sources_1/new/GRID_SCRIPT.sv:209]
WARNING: [VRFC 10-3705] select index 10 into 'gen' is out of bounds [C:/Users/ricar/OneDrive/Escritorio/MEMORIA/CA_imageProcessingOnFPGA/VIVADO/CA_LOAD/CA_LOAD.srcs/sources_1/new/GRID_SCRIPT.sv:232]
WARNING: [VRFC 10-3705] select index 11 into 'gen' is out of bounds [C:/Users/ricar/OneDrive/Escritorio/MEMORIA/CA_imageProcessingOnFPGA/VIVADO/CA_LOAD/CA_LOAD.srcs/sources_1/new/GRID_SCRIPT.sv:233]
WARNING: [VRFC 10-3705] select index 10 into 'gen' is out of bounds [C:/Users/ricar/OneDrive/Escritorio/MEMORIA/CA_imageProcessingOnFPGA/VIVADO/CA_LOAD/CA_LOAD.srcs/sources_1/new/GRID_SCRIPT.sv:234]
WARNING: [VRFC 10-3705] select index 9 into 'gen' is out of bounds [C:/Users/ricar/OneDrive/Escritorio/MEMORIA/CA_imageProcessingOnFPGA/VIVADO/CA_LOAD/CA_LOAD.srcs/sources_1/new/GRID_SCRIPT.sv:254]
WARNING: [VRFC 10-3705] select index 9 into 'gen' is out of bounds [C:/Users/ricar/OneDrive/Escritorio/MEMORIA/CA_imageProcessingOnFPGA/VIVADO/CA_LOAD/CA_LOAD.srcs/sources_1/new/GRID_SCRIPT.sv:255]
WARNING: [VRFC 10-3705] select index 13 into 'gen' is out of bounds [C:/Users/ricar/OneDrive/Escritorio/MEMORIA/CA_imageProcessingOnFPGA/VIVADO/CA_LOAD/CA_LOAD.srcs/sources_1/new/GRID_SCRIPT.sv:257]
WARNING: [VRFC 10-3705] select index 12 into 'gen' is out of bounds [C:/Users/ricar/OneDrive/Escritorio/MEMORIA/CA_imageProcessingOnFPGA/VIVADO/CA_LOAD/CA_LOAD.srcs/sources_1/new/GRID_SCRIPT.sv:258]
WARNING: [VRFC 10-3705] select index 13 into 'gen' is out of bounds [C:/Users/ricar/OneDrive/Escritorio/MEMORIA/CA_imageProcessingOnFPGA/VIVADO/CA_LOAD/CA_LOAD.srcs/sources_1/new/GRID_SCRIPT.sv:259]
WARNING: [VRFC 10-3705] select index 10 into 'gen' is out of bounds [C:/Users/ricar/OneDrive/Escritorio/MEMORIA/CA_imageProcessingOnFPGA/VIVADO/CA_LOAD/CA_LOAD.srcs/sources_1/new/GRID_SCRIPT.sv:280]
WARNING: [VRFC 10-3705] select index 12 into 'gen' is out of bounds [C:/Users/ricar/OneDrive/Escritorio/MEMORIA/CA_imageProcessingOnFPGA/VIVADO/CA_LOAD/CA_LOAD.srcs/sources_1/new/GRID_SCRIPT.sv:282]
WARNING: [VRFC 10-3705] select index 13 into 'gen' is out of bounds [C:/Users/ricar/OneDrive/Escritorio/MEMORIA/CA_imageProcessingOnFPGA/VIVADO/CA_LOAD/CA_LOAD.srcs/sources_1/new/GRID_SCRIPT.sv:283]
WARNING: [VRFC 10-3705] select index 14 into 'gen' is out of bounds [C:/Users/ricar/OneDrive/Escritorio/MEMORIA/CA_imageProcessingOnFPGA/VIVADO/CA_LOAD/CA_LOAD.srcs/sources_1/new/GRID_SCRIPT.sv:284]
WARNING: [VRFC 10-3705] select index 9 into 'gen' is out of bounds [C:/Users/ricar/OneDrive/Escritorio/MEMORIA/CA_imageProcessingOnFPGA/VIVADO/CA_LOAD/CA_LOAD.srcs/sources_1/new/GRID_SCRIPT.sv:286]
WARNING: [VRFC 10-3705] select index 9 into 'gen' is out of bounds [C:/Users/ricar/OneDrive/Escritorio/MEMORIA/CA_imageProcessingOnFPGA/VIVADO/CA_LOAD/CA_LOAD.srcs/sources_1/new/GRID_SCRIPT.sv:287]
WARNING: [VRFC 10-3705] select index 9 into 'gen' is out of bounds [C:/Users/ricar/OneDrive/Escritorio/MEMORIA/CA_imageProcessingOnFPGA/VIVADO/CA_LOAD/CA_LOAD.srcs/sources_1/new/GRID_SCRIPT.sv:304]
WARNING: [VRFC 10-3705] select index 11 into 'gen' is out of bounds [C:/Users/ricar/OneDrive/Escritorio/MEMORIA/CA_imageProcessingOnFPGA/VIVADO/CA_LOAD/CA_LOAD.srcs/sources_1/new/GRID_SCRIPT.sv:305]
WARNING: [VRFC 10-3705] select index 13 into 'gen' is out of bounds [C:/Users/ricar/OneDrive/Escritorio/MEMORIA/CA_imageProcessingOnFPGA/VIVADO/CA_LOAD/CA_LOAD.srcs/sources_1/new/GRID_SCRIPT.sv:307]
WARNING: [VRFC 10-3705] select index 14 into 'gen' is out of bounds [C:/Users/ricar/OneDrive/Escritorio/MEMORIA/CA_imageProcessingOnFPGA/VIVADO/CA_LOAD/CA_LOAD.srcs/sources_1/new/GRID_SCRIPT.sv:308]
WARNING: [VRFC 10-3705] select index 15 into 'gen' is out of bounds [C:/Users/ricar/OneDrive/Escritorio/MEMORIA/CA_imageProcessingOnFPGA/VIVADO/CA_LOAD/CA_LOAD.srcs/sources_1/new/GRID_SCRIPT.sv:309]
WARNING: [VRFC 10-3705] select index 10 into 'gen' is out of bounds [C:/Users/ricar/OneDrive/Escritorio/MEMORIA/CA_imageProcessingOnFPGA/VIVADO/CA_LOAD/CA_LOAD.srcs/sources_1/new/GRID_SCRIPT.sv:311]
WARNING: [VRFC 10-3705] select index 10 into 'gen' is out of bounds [C:/Users/ricar/OneDrive/Escritorio/MEMORIA/CA_imageProcessingOnFPGA/VIVADO/CA_LOAD/CA_LOAD.srcs/sources_1/new/GRID_SCRIPT.sv:312]
WARNING: [VRFC 10-3705] select index 10 into 'gen' is out of bounds [C:/Users/ricar/OneDrive/Escritorio/MEMORIA/CA_imageProcessingOnFPGA/VIVADO/CA_LOAD/CA_LOAD.srcs/sources_1/new/GRID_SCRIPT.sv:329]
WARNING: [VRFC 10-3705] select index 10 into 'gen' is out of bounds [C:/Users/ricar/OneDrive/Escritorio/MEMORIA/CA_imageProcessingOnFPGA/VIVADO/CA_LOAD/CA_LOAD.srcs/sources_1/new/GRID_SCRIPT.sv:330]
WARNING: [VRFC 10-3705] select index 14 into 'gen' is out of bounds [C:/Users/ricar/OneDrive/Escritorio/MEMORIA/CA_imageProcessingOnFPGA/VIVADO/CA_LOAD/CA_LOAD.srcs/sources_1/new/GRID_SCRIPT.sv:332]
WARNING: [VRFC 10-3705] select index 15 into 'gen' is out of bounds [C:/Users/ricar/OneDrive/Escritorio/MEMORIA/CA_imageProcessingOnFPGA/VIVADO/CA_LOAD/CA_LOAD.srcs/sources_1/new/GRID_SCRIPT.sv:333]
WARNING: [VRFC 10-3705] select index 14 into 'gen' is out of bounds [C:/Users/ricar/OneDrive/Escritorio/MEMORIA/CA_imageProcessingOnFPGA/VIVADO/CA_LOAD/CA_LOAD.srcs/sources_1/new/GRID_SCRIPT.sv:334]
WARNING: [VRFC 10-3705] select index 11 into 'gen' is out of bounds [C:/Users/ricar/OneDrive/Escritorio/MEMORIA/CA_imageProcessingOnFPGA/VIVADO/CA_LOAD/CA_LOAD.srcs/sources_1/new/GRID_SCRIPT.sv:336]
WARNING: [VRFC 10-3705] select index 11 into 'gen' is out of bounds [C:/Users/ricar/OneDrive/Escritorio/MEMORIA/CA_imageProcessingOnFPGA/VIVADO/CA_LOAD/CA_LOAD.srcs/sources_1/new/GRID_SCRIPT.sv:337]
WARNING: [VRFC 10-3705] select index 9 into 'gen' is out of bounds [C:/Users/ricar/OneDrive/Escritorio/MEMORIA/CA_imageProcessingOnFPGA/VIVADO/CA_LOAD/CA_LOAD.srcs/sources_1/new/GRID_SCRIPT.sv:350]
WARNING: [VRFC 10-3705] select index 9 into 'gen' is out of bounds [C:/Users/ricar/OneDrive/Escritorio/MEMORIA/CA_imageProcessingOnFPGA/VIVADO/CA_LOAD/CA_LOAD.srcs/sources_1/new/GRID_SCRIPT.sv:352]
WARNING: [VRFC 10-3705] select index 13 into 'gen' is out of bounds [C:/Users/ricar/OneDrive/Escritorio/MEMORIA/CA_imageProcessingOnFPGA/VIVADO/CA_LOAD/CA_LOAD.srcs/sources_1/new/GRID_SCRIPT.sv:354]
WARNING: [VRFC 10-3705] select index 13 into 'gen' is out of bounds [C:/Users/ricar/OneDrive/Escritorio/MEMORIA/CA_imageProcessingOnFPGA/VIVADO/CA_LOAD/CA_LOAD.srcs/sources_1/new/GRID_SCRIPT.sv:355]
WARNING: [VRFC 10-3705] select index 17 into 'gen' is out of bounds [C:/Users/ricar/OneDrive/Escritorio/MEMORIA/CA_imageProcessingOnFPGA/VIVADO/CA_LOAD/CA_LOAD.srcs/sources_1/new/GRID_SCRIPT.sv:357]
WARNING: [VRFC 10-3705] select index 16 into 'gen' is out of bounds [C:/Users/ricar/OneDrive/Escritorio/MEMORIA/CA_imageProcessingOnFPGA/VIVADO/CA_LOAD/CA_LOAD.srcs/sources_1/new/GRID_SCRIPT.sv:358]
WARNING: [VRFC 10-3705] select index 17 into 'gen' is out of bounds [C:/Users/ricar/OneDrive/Escritorio/MEMORIA/CA_imageProcessingOnFPGA/VIVADO/CA_LOAD/CA_LOAD.srcs/sources_1/new/GRID_SCRIPT.sv:359]
WARNING: [VRFC 10-3705] select index 12 into 'gen' is out of bounds [C:/Users/ricar/OneDrive/Escritorio/MEMORIA/CA_imageProcessingOnFPGA/VIVADO/CA_LOAD/CA_LOAD.srcs/sources_1/new/GRID_SCRIPT.sv:361]
WARNING: [VRFC 10-3705] select index 12 into 'gen' is out of bounds [C:/Users/ricar/OneDrive/Escritorio/MEMORIA/CA_imageProcessingOnFPGA/VIVADO/CA_LOAD/CA_LOAD.srcs/sources_1/new/GRID_SCRIPT.sv:362]
WARNING: [VRFC 10-3705] select index 9 into 'gen' is out of bounds [C:/Users/ricar/OneDrive/Escritorio/MEMORIA/CA_imageProcessingOnFPGA/VIVADO/CA_LOAD/CA_LOAD.srcs/sources_1/new/GRID_SCRIPT.sv:376]
WARNING: [VRFC 10-3705] select index 10 into 'gen' is out of bounds [C:/Users/ricar/OneDrive/Escritorio/MEMORIA/CA_imageProcessingOnFPGA/VIVADO/CA_LOAD/CA_LOAD.srcs/sources_1/new/GRID_SCRIPT.sv:377]
WARNING: [VRFC 10-3705] select index 12 into 'gen' is out of bounds [C:/Users/ricar/OneDrive/Escritorio/MEMORIA/CA_imageProcessingOnFPGA/VIVADO/CA_LOAD/CA_LOAD.srcs/sources_1/new/GRID_SCRIPT.sv:379]
WARNING: [VRFC 10-3705] select index 14 into 'gen' is out of bounds [C:/Users/ricar/OneDrive/Escritorio/MEMORIA/CA_imageProcessingOnFPGA/VIVADO/CA_LOAD/CA_LOAD.srcs/sources_1/new/GRID_SCRIPT.sv:380]
WARNING: [VRFC 10-3705] select index 16 into 'gen' is out of bounds [C:/Users/ricar/OneDrive/Escritorio/MEMORIA/CA_imageProcessingOnFPGA/VIVADO/CA_LOAD/CA_LOAD.srcs/sources_1/new/GRID_SCRIPT.sv:382]
WARNING: [VRFC 10-3705] select index 17 into 'gen' is out of bounds [C:/Users/ricar/OneDrive/Escritorio/MEMORIA/CA_imageProcessingOnFPGA/VIVADO/CA_LOAD/CA_LOAD.srcs/sources_1/new/GRID_SCRIPT.sv:383]
WARNING: [VRFC 10-3705] select index 18 into 'gen' is out of bounds [C:/Users/ricar/OneDrive/Escritorio/MEMORIA/CA_imageProcessingOnFPGA/VIVADO/CA_LOAD/CA_LOAD.srcs/sources_1/new/GRID_SCRIPT.sv:384]
WARNING: [VRFC 10-3705] select index 13 into 'gen' is out of bounds [C:/Users/ricar/OneDrive/Escritorio/MEMORIA/CA_imageProcessingOnFPGA/VIVADO/CA_LOAD/CA_LOAD.srcs/sources_1/new/GRID_SCRIPT.sv:386]
WARNING: [VRFC 10-3705] select index 13 into 'gen' is out of bounds [C:/Users/ricar/OneDrive/Escritorio/MEMORIA/CA_imageProcessingOnFPGA/VIVADO/CA_LOAD/CA_LOAD.srcs/sources_1/new/GRID_SCRIPT.sv:387]
WARNING: [VRFC 10-3705] select index 9 into 'gen' is out of bounds [C:/Users/ricar/OneDrive/Escritorio/MEMORIA/CA_imageProcessingOnFPGA/VIVADO/CA_LOAD/CA_LOAD.srcs/sources_1/new/GRID_SCRIPT.sv:400]
WARNING: [VRFC 10-3705] select index 10 into 'gen' is out of bounds [C:/Users/ricar/OneDrive/Escritorio/MEMORIA/CA_imageProcessingOnFPGA/VIVADO/CA_LOAD/CA_LOAD.srcs/sources_1/new/GRID_SCRIPT.sv:401]
WARNING: [VRFC 10-3705] select index 11 into 'gen' is out of bounds [C:/Users/ricar/OneDrive/Escritorio/MEMORIA/CA_imageProcessingOnFPGA/VIVADO/CA_LOAD/CA_LOAD.srcs/sources_1/new/GRID_SCRIPT.sv:402]
WARNING: [VRFC 10-3705] select index 13 into 'gen' is out of bounds [C:/Users/ricar/OneDrive/Escritorio/MEMORIA/CA_imageProcessingOnFPGA/VIVADO/CA_LOAD/CA_LOAD.srcs/sources_1/new/GRID_SCRIPT.sv:404]
WARNING: [VRFC 10-3705] select index 15 into 'gen' is out of bounds [C:/Users/ricar/OneDrive/Escritorio/MEMORIA/CA_imageProcessingOnFPGA/VIVADO/CA_LOAD/CA_LOAD.srcs/sources_1/new/GRID_SCRIPT.sv:405]
WARNING: [VRFC 10-3705] select index 17 into 'gen' is out of bounds [C:/Users/ricar/OneDrive/Escritorio/MEMORIA/CA_imageProcessingOnFPGA/VIVADO/CA_LOAD/CA_LOAD.srcs/sources_1/new/GRID_SCRIPT.sv:407]
WARNING: [VRFC 10-3705] select index 18 into 'gen' is out of bounds [C:/Users/ricar/OneDrive/Escritorio/MEMORIA/CA_imageProcessingOnFPGA/VIVADO/CA_LOAD/CA_LOAD.srcs/sources_1/new/GRID_SCRIPT.sv:408]
WARNING: [VRFC 10-3705] select index 19 into 'gen' is out of bounds [C:/Users/ricar/OneDrive/Escritorio/MEMORIA/CA_imageProcessingOnFPGA/VIVADO/CA_LOAD/CA_LOAD.srcs/sources_1/new/GRID_SCRIPT.sv:409]
WARNING: [VRFC 10-3705] select index 14 into 'gen' is out of bounds [C:/Users/ricar/OneDrive/Escritorio/MEMORIA/CA_imageProcessingOnFPGA/VIVADO/CA_LOAD/CA_LOAD.srcs/sources_1/new/GRID_SCRIPT.sv:411]
WARNING: [VRFC 10-3705] select index 14 into 'gen' is out of bounds [C:/Users/ricar/OneDrive/Escritorio/MEMORIA/CA_imageProcessingOnFPGA/VIVADO/CA_LOAD/CA_LOAD.srcs/sources_1/new/GRID_SCRIPT.sv:412]
WARNING: [VRFC 10-3705] select index 10 into 'gen' is out of bounds [C:/Users/ricar/OneDrive/Escritorio/MEMORIA/CA_imageProcessingOnFPGA/VIVADO/CA_LOAD/CA_LOAD.srcs/sources_1/new/GRID_SCRIPT.sv:425]
WARNING: [VRFC 10-3705] select index 11 into 'gen' is out of bounds [C:/Users/ricar/OneDrive/Escritorio/MEMORIA/CA_imageProcessingOnFPGA/VIVADO/CA_LOAD/CA_LOAD.srcs/sources_1/new/GRID_SCRIPT.sv:426]
WARNING: [VRFC 10-3705] select index 10 into 'gen' is out of bounds [C:/Users/ricar/OneDrive/Escritorio/MEMORIA/CA_imageProcessingOnFPGA/VIVADO/CA_LOAD/CA_LOAD.srcs/sources_1/new/GRID_SCRIPT.sv:427]
WARNING: [VRFC 10-3705] select index 14 into 'gen' is out of bounds [C:/Users/ricar/OneDrive/Escritorio/MEMORIA/CA_imageProcessingOnFPGA/VIVADO/CA_LOAD/CA_LOAD.srcs/sources_1/new/GRID_SCRIPT.sv:429]
WARNING: [VRFC 10-3705] select index 14 into 'gen' is out of bounds [C:/Users/ricar/OneDrive/Escritorio/MEMORIA/CA_imageProcessingOnFPGA/VIVADO/CA_LOAD/CA_LOAD.srcs/sources_1/new/GRID_SCRIPT.sv:430]
WARNING: [VRFC 10-3705] select index 18 into 'gen' is out of bounds [C:/Users/ricar/OneDrive/Escritorio/MEMORIA/CA_imageProcessingOnFPGA/VIVADO/CA_LOAD/CA_LOAD.srcs/sources_1/new/GRID_SCRIPT.sv:432]
WARNING: [VRFC 10-3705] select index 19 into 'gen' is out of bounds [C:/Users/ricar/OneDrive/Escritorio/MEMORIA/CA_imageProcessingOnFPGA/VIVADO/CA_LOAD/CA_LOAD.srcs/sources_1/new/GRID_SCRIPT.sv:433]
WARNING: [VRFC 10-3705] select index 18 into 'gen' is out of bounds [C:/Users/ricar/OneDrive/Escritorio/MEMORIA/CA_imageProcessingOnFPGA/VIVADO/CA_LOAD/CA_LOAD.srcs/sources_1/new/GRID_SCRIPT.sv:434]
WARNING: [VRFC 10-3705] select index 15 into 'gen' is out of bounds [C:/Users/ricar/OneDrive/Escritorio/MEMORIA/CA_imageProcessingOnFPGA/VIVADO/CA_LOAD/CA_LOAD.srcs/sources_1/new/GRID_SCRIPT.sv:436]
WARNING: [VRFC 10-3705] select index 15 into 'gen' is out of bounds [C:/Users/ricar/OneDrive/Escritorio/MEMORIA/CA_imageProcessingOnFPGA/VIVADO/CA_LOAD/CA_LOAD.srcs/sources_1/new/GRID_SCRIPT.sv:437]
WARNING: [VRFC 10-3705] select index 13 into 'gen' is out of bounds [C:/Users/ricar/OneDrive/Escritorio/MEMORIA/CA_imageProcessingOnFPGA/VIVADO/CA_LOAD/CA_LOAD.srcs/sources_1/new/GRID_SCRIPT.sv:450]
WARNING: [VRFC 10-3705] select index 12 into 'gen' is out of bounds [C:/Users/ricar/OneDrive/Escritorio/MEMORIA/CA_imageProcessingOnFPGA/VIVADO/CA_LOAD/CA_LOAD.srcs/sources_1/new/GRID_SCRIPT.sv:451]
WARNING: [VRFC 10-3705] select index 13 into 'gen' is out of bounds [C:/Users/ricar/OneDrive/Escritorio/MEMORIA/CA_imageProcessingOnFPGA/VIVADO/CA_LOAD/CA_LOAD.srcs/sources_1/new/GRID_SCRIPT.sv:452]
WARNING: [VRFC 10-3705] select index 17 into 'gen' is out of bounds [C:/Users/ricar/OneDrive/Escritorio/MEMORIA/CA_imageProcessingOnFPGA/VIVADO/CA_LOAD/CA_LOAD.srcs/sources_1/new/GRID_SCRIPT.sv:454]
WARNING: [VRFC 10-3705] select index 17 into 'gen' is out of bounds [C:/Users/ricar/OneDrive/Escritorio/MEMORIA/CA_imageProcessingOnFPGA/VIVADO/CA_LOAD/CA_LOAD.srcs/sources_1/new/GRID_SCRIPT.sv:455]
WARNING: [VRFC 10-3705] select index 13 into 'gen' is out of bounds [C:/Users/ricar/OneDrive/Escritorio/MEMORIA/CA_imageProcessingOnFPGA/VIVADO/CA_LOAD/CA_LOAD.srcs/sources_1/new/GRID_SCRIPT.sv:457]
WARNING: [VRFC 10-3705] select index 12 into 'gen' is out of bounds [C:/Users/ricar/OneDrive/Escritorio/MEMORIA/CA_imageProcessingOnFPGA/VIVADO/CA_LOAD/CA_LOAD.srcs/sources_1/new/GRID_SCRIPT.sv:458]
WARNING: [VRFC 10-3705] select index 13 into 'gen' is out of bounds [C:/Users/ricar/OneDrive/Escritorio/MEMORIA/CA_imageProcessingOnFPGA/VIVADO/CA_LOAD/CA_LOAD.srcs/sources_1/new/GRID_SCRIPT.sv:459]
WARNING: [VRFC 10-3705] select index 16 into 'gen' is out of bounds [C:/Users/ricar/OneDrive/Escritorio/MEMORIA/CA_imageProcessingOnFPGA/VIVADO/CA_LOAD/CA_LOAD.srcs/sources_1/new/GRID_SCRIPT.sv:461]
WARNING: [VRFC 10-3705] select index 16 into 'gen' is out of bounds [C:/Users/ricar/OneDrive/Escritorio/MEMORIA/CA_imageProcessingOnFPGA/VIVADO/CA_LOAD/CA_LOAD.srcs/sources_1/new/GRID_SCRIPT.sv:462]
WARNING: [VRFC 10-3705] select index 12 into 'gen' is out of bounds [C:/Users/ricar/OneDrive/Escritorio/MEMORIA/CA_imageProcessingOnFPGA/VIVADO/CA_LOAD/CA_LOAD.srcs/sources_1/new/GRID_SCRIPT.sv:475]
WARNING: [VRFC 10-3705] select index 13 into 'gen' is out of bounds [C:/Users/ricar/OneDrive/Escritorio/MEMORIA/CA_imageProcessingOnFPGA/VIVADO/CA_LOAD/CA_LOAD.srcs/sources_1/new/GRID_SCRIPT.sv:476]
WARNING: [VRFC 10-3705] select index 14 into 'gen' is out of bounds [C:/Users/ricar/OneDrive/Escritorio/MEMORIA/CA_imageProcessingOnFPGA/VIVADO/CA_LOAD/CA_LOAD.srcs/sources_1/new/GRID_SCRIPT.sv:477]
WARNING: [VRFC 10-3705] select index 16 into 'gen' is out of bounds [C:/Users/ricar/OneDrive/Escritorio/MEMORIA/CA_imageProcessingOnFPGA/VIVADO/CA_LOAD/CA_LOAD.srcs/sources_1/new/GRID_SCRIPT.sv:479]
WARNING: [VRFC 10-3705] select index 18 into 'gen' is out of bounds [C:/Users/ricar/OneDrive/Escritorio/MEMORIA/CA_imageProcessingOnFPGA/VIVADO/CA_LOAD/CA_LOAD.srcs/sources_1/new/GRID_SCRIPT.sv:480]
WARNING: [VRFC 10-3705] select index 12 into 'gen' is out of bounds [C:/Users/ricar/OneDrive/Escritorio/MEMORIA/CA_imageProcessingOnFPGA/VIVADO/CA_LOAD/CA_LOAD.srcs/sources_1/new/GRID_SCRIPT.sv:482]
WARNING: [VRFC 10-3705] select index 13 into 'gen' is out of bounds [C:/Users/ricar/OneDrive/Escritorio/MEMORIA/CA_imageProcessingOnFPGA/VIVADO/CA_LOAD/CA_LOAD.srcs/sources_1/new/GRID_SCRIPT.sv:483]
WARNING: [VRFC 10-3705] select index 14 into 'gen' is out of bounds [C:/Users/ricar/OneDrive/Escritorio/MEMORIA/CA_imageProcessingOnFPGA/VIVADO/CA_LOAD/CA_LOAD.srcs/sources_1/new/GRID_SCRIPT.sv:484]
WARNING: [VRFC 10-3705] select index 17 into 'gen' is out of bounds [C:/Users/ricar/OneDrive/Escritorio/MEMORIA/CA_imageProcessingOnFPGA/VIVADO/CA_LOAD/CA_LOAD.srcs/sources_1/new/GRID_SCRIPT.sv:486]
WARNING: [VRFC 10-3705] select index 17 into 'gen' is out of bounds [C:/Users/ricar/OneDrive/Escritorio/MEMORIA/CA_imageProcessingOnFPGA/VIVADO/CA_LOAD/CA_LOAD.srcs/sources_1/new/GRID_SCRIPT.sv:487]
WARNING: [VRFC 10-3705] select index 13 into 'gen' is out of bounds [C:/Users/ricar/OneDrive/Escritorio/MEMORIA/CA_imageProcessingOnFPGA/VIVADO/CA_LOAD/CA_LOAD.srcs/sources_1/new/GRID_SCRIPT.sv:500]
WARNING: [VRFC 10-3705] select index 14 into 'gen' is out of bounds [C:/Users/ricar/OneDrive/Escritorio/MEMORIA/CA_imageProcessingOnFPGA/VIVADO/CA_LOAD/CA_LOAD.srcs/sources_1/new/GRID_SCRIPT.sv:501]
WARNING: [VRFC 10-3705] select index 15 into 'gen' is out of bounds [C:/Users/ricar/OneDrive/Escritorio/MEMORIA/CA_imageProcessingOnFPGA/VIVADO/CA_LOAD/CA_LOAD.srcs/sources_1/new/GRID_SCRIPT.sv:502]
WARNING: [VRFC 10-3705] select index 17 into 'gen' is out of bounds [C:/Users/ricar/OneDrive/Escritorio/MEMORIA/CA_imageProcessingOnFPGA/VIVADO/CA_LOAD/CA_LOAD.srcs/sources_1/new/GRID_SCRIPT.sv:504]
WARNING: [VRFC 10-3705] select index 19 into 'gen' is out of bounds [C:/Users/ricar/OneDrive/Escritorio/MEMORIA/CA_imageProcessingOnFPGA/VIVADO/CA_LOAD/CA_LOAD.srcs/sources_1/new/GRID_SCRIPT.sv:505]
WARNING: [VRFC 10-3705] select index 13 into 'gen' is out of bounds [C:/Users/ricar/OneDrive/Escritorio/MEMORIA/CA_imageProcessingOnFPGA/VIVADO/CA_LOAD/CA_LOAD.srcs/sources_1/new/GRID_SCRIPT.sv:507]
WARNING: [VRFC 10-3705] select index 14 into 'gen' is out of bounds [C:/Users/ricar/OneDrive/Escritorio/MEMORIA/CA_imageProcessingOnFPGA/VIVADO/CA_LOAD/CA_LOAD.srcs/sources_1/new/GRID_SCRIPT.sv:508]
WARNING: [VRFC 10-3705] select index 15 into 'gen' is out of bounds [C:/Users/ricar/OneDrive/Escritorio/MEMORIA/CA_imageProcessingOnFPGA/VIVADO/CA_LOAD/CA_LOAD.srcs/sources_1/new/GRID_SCRIPT.sv:509]
WARNING: [VRFC 10-3705] select index 18 into 'gen' is out of bounds [C:/Users/ricar/OneDrive/Escritorio/MEMORIA/CA_imageProcessingOnFPGA/VIVADO/CA_LOAD/CA_LOAD.srcs/sources_1/new/GRID_SCRIPT.sv:511]
WARNING: [VRFC 10-3705] select index 18 into 'gen' is out of bounds [C:/Users/ricar/OneDrive/Escritorio/MEMORIA/CA_imageProcessingOnFPGA/VIVADO/CA_LOAD/CA_LOAD.srcs/sources_1/new/GRID_SCRIPT.sv:512]
WARNING: [VRFC 10-3705] select index 14 into 'gen' is out of bounds [C:/Users/ricar/OneDrive/Escritorio/MEMORIA/CA_imageProcessingOnFPGA/VIVADO/CA_LOAD/CA_LOAD.srcs/sources_1/new/GRID_SCRIPT.sv:525]
WARNING: [VRFC 10-3705] select index 15 into 'gen' is out of bounds [C:/Users/ricar/OneDrive/Escritorio/MEMORIA/CA_imageProcessingOnFPGA/VIVADO/CA_LOAD/CA_LOAD.srcs/sources_1/new/GRID_SCRIPT.sv:526]
WARNING: [VRFC 10-3705] select index 14 into 'gen' is out of bounds [C:/Users/ricar/OneDrive/Escritorio/MEMORIA/CA_imageProcessingOnFPGA/VIVADO/CA_LOAD/CA_LOAD.srcs/sources_1/new/GRID_SCRIPT.sv:527]
WARNING: [VRFC 10-3705] select index 18 into 'gen' is out of bounds [C:/Users/ricar/OneDrive/Escritorio/MEMORIA/CA_imageProcessingOnFPGA/VIVADO/CA_LOAD/CA_LOAD.srcs/sources_1/new/GRID_SCRIPT.sv:529]
WARNING: [VRFC 10-3705] select index 18 into 'gen' is out of bounds [C:/Users/ricar/OneDrive/Escritorio/MEMORIA/CA_imageProcessingOnFPGA/VIVADO/CA_LOAD/CA_LOAD.srcs/sources_1/new/GRID_SCRIPT.sv:530]
WARNING: [VRFC 10-3705] select index 14 into 'gen' is out of bounds [C:/Users/ricar/OneDrive/Escritorio/MEMORIA/CA_imageProcessingOnFPGA/VIVADO/CA_LOAD/CA_LOAD.srcs/sources_1/new/GRID_SCRIPT.sv:532]
WARNING: [VRFC 10-3705] select index 15 into 'gen' is out of bounds [C:/Users/ricar/OneDrive/Escritorio/MEMORIA/CA_imageProcessingOnFPGA/VIVADO/CA_LOAD/CA_LOAD.srcs/sources_1/new/GRID_SCRIPT.sv:533]
WARNING: [VRFC 10-3705] select index 14 into 'gen' is out of bounds [C:/Users/ricar/OneDrive/Escritorio/MEMORIA/CA_imageProcessingOnFPGA/VIVADO/CA_LOAD/CA_LOAD.srcs/sources_1/new/GRID_SCRIPT.sv:534]
WARNING: [VRFC 10-3705] select index 19 into 'gen' is out of bounds [C:/Users/ricar/OneDrive/Escritorio/MEMORIA/CA_imageProcessingOnFPGA/VIVADO/CA_LOAD/CA_LOAD.srcs/sources_1/new/GRID_SCRIPT.sv:536]
WARNING: [VRFC 10-3705] select index 19 into 'gen' is out of bounds [C:/Users/ricar/OneDrive/Escritorio/MEMORIA/CA_imageProcessingOnFPGA/VIVADO/CA_LOAD/CA_LOAD.srcs/sources_1/new/GRID_SCRIPT.sv:537]
WARNING: [VRFC 10-3705] select index 19 into 'gen' is out of bounds [C:/Users/ricar/OneDrive/Escritorio/MEMORIA/CA_imageProcessingOnFPGA/VIVADO/CA_LOAD/CA_LOAD.srcs/sources_1/new/GRID_SCRIPT.sv:542]
Completed static elaboration
Starting simulation data flow analysis
Completed simulation data flow analysis
Time Resolution for simulation is 1ps
Compiling module xil_defaultlib.FSM_OPERATION_MODES
Compiling module xil_defaultlib.CELDA(load_cell=1)
Compiling module xil_defaultlib.CELDA
Compiling module xil_defaultlib.GRID_SCRIPT
Compiling module xil_defaultlib.sim_GRID_MODES
Compiling module xil_defaultlib.glbl
Built simulation snapshot sim_GRID_MODES_behav
run_program: Time (s): cpu = 00:00:01 ; elapsed = 00:00:13 . Memory (MB): peak = 1640.305 ; gain = 0.000
INFO: [USF-XSim-69] 'elaborate' step finished in '13' seconds
INFO: [USF-XSim-4] XSim::Simulate design
INFO: [USF-XSim-61] Executing 'SIMULATE' step in 'C:/Users/ricar/OneDrive/Escritorio/MEMORIA/CA_imageProcessingOnFPGA/VIVADO/CA_LOAD/CA_LOAD.sim/sim_1/behav/xsim'
INFO: [USF-XSim-98] *** Running xsim
   with args "sim_GRID_MODES_behav -key {Behavioral:sim_1:Functional:sim_GRID_MODES} -tclbatch {sim_GRID_MODES.tcl} -log {simulate.log}"
INFO: [USF-XSim-8] Loading simulator feature
Time resolution is 1 ps
source sim_GRID_MODES.tcl
# set curr_wave [current_wave_config]
# if { [string length $curr_wave] == 0 } {
#   if { [llength [get_objects]] > 0} {
#     add_wave /
#     set_property needs_save false [current_wave_config]
#   } else {
#      send_msg_id Add_Wave-1 WARNING "No top level signals found. Simulator will start without a wave window. If you want to open a wave window go to 'File->New Waveform Configuration' or type 'create_wave_config' in the TCL console."
#   }
# }
# run 1000ns
INFO: [USF-XSim-96] XSim completed. Design snapshot 'sim_GRID_MODES_behav' loaded.
INFO: [USF-XSim-97] XSim simulation ran for 1000ns
launch_simulation: Time (s): cpu = 00:00:10 ; elapsed = 00:00:18 . Memory (MB): peak = 1640.305 ; gain = 0.000
relaunch_sim
Command: launch_simulation -step compile -simset sim_1 -mode behavioral
INFO: [Vivado 12-12493] Simulation top is 'sim_GRID_MODES'
WARNING: [Vivado 12-13340] Unable to auto find GCC executables from simulator install path! (path not set)
WARNING: [Vivado 12-13277] Compiled library path does not exist: ''
INFO: [Vivado 12-5682] Launching behavioral simulation in 'C:/Users/ricar/OneDrive/Escritorio/MEMORIA/CA_imageProcessingOnFPGA/VIVADO/CA_LOAD/CA_LOAD.sim/sim_1/behav/xsim'
INFO: [SIM-utils-51] Simulation object is 'sim_1'
INFO: [SIM-utils-72] Using boost library from 'C:/Xilinx/Vivado/2022.1/tps/boost_1_72_0'
INFO: [SIM-utils-54] Inspecting design source files for 'sim_GRID_MODES' in fileset 'sim_1'...
INFO: [USF-XSim-97] Finding global include files...
INFO: [USF-XSim-98] Fetching design files from 'sim_1'...
INFO: [USF-XSim-2] XSim::Compile design
INFO: [USF-XSim-61] Executing 'COMPILE and ANALYZE' step in 'C:/Users/ricar/OneDrive/Escritorio/MEMORIA/CA_imageProcessingOnFPGA/VIVADO/CA_LOAD/CA_LOAD.sim/sim_1/behav/xsim'
"xvlog --incr --relax -L uvm -prj sim_GRID_MODES_vlog.prj"
INFO: [VRFC 10-2263] Analyzing SystemVerilog file "C:/Users/ricar/OneDrive/Escritorio/MEMORIA/CA_imageProcessingOnFPGA/VIVADO/CA_LOAD/CA_LOAD.srcs/sources_1/new/CELDA.sv" into library xil_defaultlib
INFO: [VRFC 10-311] analyzing module CELDA
INFO: [VRFC 10-2263] Analyzing SystemVerilog file "C:/Users/ricar/OneDrive/Escritorio/MEMORIA/CA_imageProcessingOnFPGA/VIVADO/CA_LOAD/CA_LOAD.srcs/sources_1/new/FSM_OPERATION_MODES.sv" into library xil_defaultlib
INFO: [VRFC 10-311] analyzing module FSM_OPERATION_MODES
WARNING: [VRFC 10-9336] redeclaration of ANSI port 'state' is not allowed [C:/Users/ricar/OneDrive/Escritorio/MEMORIA/CA_imageProcessingOnFPGA/VIVADO/CA_LOAD/CA_LOAD.srcs/sources_1/new/FSM_OPERATION_MODES.sv:40]
WARNING: [VRFC 10-3028] 'state' was previously declared with a range [C:/Users/ricar/OneDrive/Escritorio/MEMORIA/CA_imageProcessingOnFPGA/VIVADO/CA_LOAD/CA_LOAD.srcs/sources_1/new/FSM_OPERATION_MODES.sv:40]
INFO: [VRFC 10-2263] Analyzing SystemVerilog file "C:/Users/ricar/OneDrive/Escritorio/MEMORIA/CA_imageProcessingOnFPGA/VIVADO/CA_LOAD/CA_LOAD.srcs/sources_1/new/GRID_SCRIPT.sv" into library xil_defaultlib
INFO: [VRFC 10-311] analyzing module GRID_SCRIPT
INFO: [VRFC 10-2263] Analyzing SystemVerilog file "C:/Users/ricar/OneDrive/Escritorio/MEMORIA/CA_imageProcessingOnFPGA/VIVADO/CA_LOAD/CA_LOAD.srcs/sim_1/new/sim_GRID_MODES.sv" into library xil_defaultlib
INFO: [VRFC 10-311] analyzing module sim_GRID_MODES
INFO: [USF-XSim-69] 'compile' step finished in '1' seconds
Command: launch_simulation -step elaborate -simset sim_1 -mode behavioral
INFO: [Vivado 12-12493] Simulation top is 'sim_GRID_MODES'
WARNING: [Vivado 12-13340] Unable to auto find GCC executables from simulator install path! (path not set)
WARNING: [Vivado 12-13277] Compiled library path does not exist: ''
INFO: [Vivado 12-5682] Launching behavioral simulation in 'C:/Users/ricar/OneDrive/Escritorio/MEMORIA/CA_imageProcessingOnFPGA/VIVADO/CA_LOAD/CA_LOAD.sim/sim_1/behav/xsim'
INFO: [SIM-utils-51] Simulation object is 'sim_1'
INFO: [USF-XSim-3] XSim::Elaborate design
INFO: [USF-XSim-61] Executing 'ELABORATE' step in 'C:/Users/ricar/OneDrive/Escritorio/MEMORIA/CA_imageProcessingOnFPGA/VIVADO/CA_LOAD/CA_LOAD.sim/sim_1/behav/xsim'
"xelab --incr --debug typical --relax --mt 2 -L xil_defaultlib -L uvm -L unisims_ver -L unimacro_ver -L secureip --snapshot sim_GRID_MODES_behav xil_defaultlib.sim_GRID_MODES xil_defaultlib.glbl -log elaborate.log"
Vivado Simulator v2022.1
Copyright 1986-1999, 2001-2022 Xilinx, Inc. All Rights Reserved.
Running: C:/Xilinx/Vivado/2022.1/bin/unwrapped/win64.o/xelab.exe --incr --debug typical --relax --mt 2 -L xil_defaultlib -L uvm -L unisims_ver -L unimacro_ver -L secureip --snapshot sim_GRID_MODES_behav xil_defaultlib.sim_GRID_MODES xil_defaultlib.glbl -log elaborate.log 
Using 2 slave threads.
Starting static elaboration
Pass Through NonSizing Optimizer
WARNING: [VRFC 10-3705] select index 9 into 'gen' is out of bounds [C:/Users/ricar/OneDrive/Escritorio/MEMORIA/CA_imageProcessingOnFPGA/VIVADO/CA_LOAD/CA_LOAD.srcs/sources_1/new/GRID_SCRIPT.sv:157]
WARNING: [VRFC 10-3705] select index 9 into 'gen' is out of bounds [C:/Users/ricar/OneDrive/Escritorio/MEMORIA/CA_imageProcessingOnFPGA/VIVADO/CA_LOAD/CA_LOAD.srcs/sources_1/new/GRID_SCRIPT.sv:159]
WARNING: [VRFC 10-3705] select index 9 into 'gen' is out of bounds [C:/Users/ricar/OneDrive/Escritorio/MEMORIA/CA_imageProcessingOnFPGA/VIVADO/CA_LOAD/CA_LOAD.srcs/sources_1/new/GRID_SCRIPT.sv:183]
WARNING: [VRFC 10-3705] select index 10 into 'gen' is out of bounds [C:/Users/ricar/OneDrive/Escritorio/MEMORIA/CA_imageProcessingOnFPGA/VIVADO/CA_LOAD/CA_LOAD.srcs/sources_1/new/GRID_SCRIPT.sv:184]
WARNING: [VRFC 10-3705] select index 9 into 'gen' is out of bounds [C:/Users/ricar/OneDrive/Escritorio/MEMORIA/CA_imageProcessingOnFPGA/VIVADO/CA_LOAD/CA_LOAD.srcs/sources_1/new/GRID_SCRIPT.sv:207]
WARNING: [VRFC 10-3705] select index 10 into 'gen' is out of bounds [C:/Users/ricar/OneDrive/Escritorio/MEMORIA/CA_imageProcessingOnFPGA/VIVADO/CA_LOAD/CA_LOAD.srcs/sources_1/new/GRID_SCRIPT.sv:208]
WARNING: [VRFC 10-3705] select index 11 into 'gen' is out of bounds [C:/Users/ricar/OneDrive/Escritorio/MEMORIA/CA_imageProcessingOnFPGA/VIVADO/CA_LOAD/CA_LOAD.srcs/sources_1/new/GRID_SCRIPT.sv:209]
WARNING: [VRFC 10-3705] select index 10 into 'gen' is out of bounds [C:/Users/ricar/OneDrive/Escritorio/MEMORIA/CA_imageProcessingOnFPGA/VIVADO/CA_LOAD/CA_LOAD.srcs/sources_1/new/GRID_SCRIPT.sv:232]
WARNING: [VRFC 10-3705] select index 11 into 'gen' is out of bounds [C:/Users/ricar/OneDrive/Escritorio/MEMORIA/CA_imageProcessingOnFPGA/VIVADO/CA_LOAD/CA_LOAD.srcs/sources_1/new/GRID_SCRIPT.sv:233]
WARNING: [VRFC 10-3705] select index 10 into 'gen' is out of bounds [C:/Users/ricar/OneDrive/Escritorio/MEMORIA/CA_imageProcessingOnFPGA/VIVADO/CA_LOAD/CA_LOAD.srcs/sources_1/new/GRID_SCRIPT.sv:234]
WARNING: [VRFC 10-3705] select index 9 into 'gen' is out of bounds [C:/Users/ricar/OneDrive/Escritorio/MEMORIA/CA_imageProcessingOnFPGA/VIVADO/CA_LOAD/CA_LOAD.srcs/sources_1/new/GRID_SCRIPT.sv:254]
WARNING: [VRFC 10-3705] select index 9 into 'gen' is out of bounds [C:/Users/ricar/OneDrive/Escritorio/MEMORIA/CA_imageProcessingOnFPGA/VIVADO/CA_LOAD/CA_LOAD.srcs/sources_1/new/GRID_SCRIPT.sv:255]
WARNING: [VRFC 10-3705] select index 13 into 'gen' is out of bounds [C:/Users/ricar/OneDrive/Escritorio/MEMORIA/CA_imageProcessingOnFPGA/VIVADO/CA_LOAD/CA_LOAD.srcs/sources_1/new/GRID_SCRIPT.sv:257]
WARNING: [VRFC 10-3705] select index 12 into 'gen' is out of bounds [C:/Users/ricar/OneDrive/Escritorio/MEMORIA/CA_imageProcessingOnFPGA/VIVADO/CA_LOAD/CA_LOAD.srcs/sources_1/new/GRID_SCRIPT.sv:258]
WARNING: [VRFC 10-3705] select index 13 into 'gen' is out of bounds [C:/Users/ricar/OneDrive/Escritorio/MEMORIA/CA_imageProcessingOnFPGA/VIVADO/CA_LOAD/CA_LOAD.srcs/sources_1/new/GRID_SCRIPT.sv:259]
WARNING: [VRFC 10-3705] select index 10 into 'gen' is out of bounds [C:/Users/ricar/OneDrive/Escritorio/MEMORIA/CA_imageProcessingOnFPGA/VIVADO/CA_LOAD/CA_LOAD.srcs/sources_1/new/GRID_SCRIPT.sv:280]
WARNING: [VRFC 10-3705] select index 12 into 'gen' is out of bounds [C:/Users/ricar/OneDrive/Escritorio/MEMORIA/CA_imageProcessingOnFPGA/VIVADO/CA_LOAD/CA_LOAD.srcs/sources_1/new/GRID_SCRIPT.sv:282]
WARNING: [VRFC 10-3705] select index 13 into 'gen' is out of bounds [C:/Users/ricar/OneDrive/Escritorio/MEMORIA/CA_imageProcessingOnFPGA/VIVADO/CA_LOAD/CA_LOAD.srcs/sources_1/new/GRID_SCRIPT.sv:283]
WARNING: [VRFC 10-3705] select index 14 into 'gen' is out of bounds [C:/Users/ricar/OneDrive/Escritorio/MEMORIA/CA_imageProcessingOnFPGA/VIVADO/CA_LOAD/CA_LOAD.srcs/sources_1/new/GRID_SCRIPT.sv:284]
WARNING: [VRFC 10-3705] select index 9 into 'gen' is out of bounds [C:/Users/ricar/OneDrive/Escritorio/MEMORIA/CA_imageProcessingOnFPGA/VIVADO/CA_LOAD/CA_LOAD.srcs/sources_1/new/GRID_SCRIPT.sv:286]
WARNING: [VRFC 10-3705] select index 9 into 'gen' is out of bounds [C:/Users/ricar/OneDrive/Escritorio/MEMORIA/CA_imageProcessingOnFPGA/VIVADO/CA_LOAD/CA_LOAD.srcs/sources_1/new/GRID_SCRIPT.sv:287]
WARNING: [VRFC 10-3705] select index 9 into 'gen' is out of bounds [C:/Users/ricar/OneDrive/Escritorio/MEMORIA/CA_imageProcessingOnFPGA/VIVADO/CA_LOAD/CA_LOAD.srcs/sources_1/new/GRID_SCRIPT.sv:304]
WARNING: [VRFC 10-3705] select index 11 into 'gen' is out of bounds [C:/Users/ricar/OneDrive/Escritorio/MEMORIA/CA_imageProcessingOnFPGA/VIVADO/CA_LOAD/CA_LOAD.srcs/sources_1/new/GRID_SCRIPT.sv:305]
WARNING: [VRFC 10-3705] select index 13 into 'gen' is out of bounds [C:/Users/ricar/OneDrive/Escritorio/MEMORIA/CA_imageProcessingOnFPGA/VIVADO/CA_LOAD/CA_LOAD.srcs/sources_1/new/GRID_SCRIPT.sv:307]
WARNING: [VRFC 10-3705] select index 14 into 'gen' is out of bounds [C:/Users/ricar/OneDrive/Escritorio/MEMORIA/CA_imageProcessingOnFPGA/VIVADO/CA_LOAD/CA_LOAD.srcs/sources_1/new/GRID_SCRIPT.sv:308]
WARNING: [VRFC 10-3705] select index 15 into 'gen' is out of bounds [C:/Users/ricar/OneDrive/Escritorio/MEMORIA/CA_imageProcessingOnFPGA/VIVADO/CA_LOAD/CA_LOAD.srcs/sources_1/new/GRID_SCRIPT.sv:309]
WARNING: [VRFC 10-3705] select index 10 into 'gen' is out of bounds [C:/Users/ricar/OneDrive/Escritorio/MEMORIA/CA_imageProcessingOnFPGA/VIVADO/CA_LOAD/CA_LOAD.srcs/sources_1/new/GRID_SCRIPT.sv:311]
WARNING: [VRFC 10-3705] select index 10 into 'gen' is out of bounds [C:/Users/ricar/OneDrive/Escritorio/MEMORIA/CA_imageProcessingOnFPGA/VIVADO/CA_LOAD/CA_LOAD.srcs/sources_1/new/GRID_SCRIPT.sv:312]
WARNING: [VRFC 10-3705] select index 10 into 'gen' is out of bounds [C:/Users/ricar/OneDrive/Escritorio/MEMORIA/CA_imageProcessingOnFPGA/VIVADO/CA_LOAD/CA_LOAD.srcs/sources_1/new/GRID_SCRIPT.sv:329]
WARNING: [VRFC 10-3705] select index 10 into 'gen' is out of bounds [C:/Users/ricar/OneDrive/Escritorio/MEMORIA/CA_imageProcessingOnFPGA/VIVADO/CA_LOAD/CA_LOAD.srcs/sources_1/new/GRID_SCRIPT.sv:330]
WARNING: [VRFC 10-3705] select index 14 into 'gen' is out of bounds [C:/Users/ricar/OneDrive/Escritorio/MEMORIA/CA_imageProcessingOnFPGA/VIVADO/CA_LOAD/CA_LOAD.srcs/sources_1/new/GRID_SCRIPT.sv:332]
WARNING: [VRFC 10-3705] select index 15 into 'gen' is out of bounds [C:/Users/ricar/OneDrive/Escritorio/MEMORIA/CA_imageProcessingOnFPGA/VIVADO/CA_LOAD/CA_LOAD.srcs/sources_1/new/GRID_SCRIPT.sv:333]
WARNING: [VRFC 10-3705] select index 14 into 'gen' is out of bounds [C:/Users/ricar/OneDrive/Escritorio/MEMORIA/CA_imageProcessingOnFPGA/VIVADO/CA_LOAD/CA_LOAD.srcs/sources_1/new/GRID_SCRIPT.sv:334]
WARNING: [VRFC 10-3705] select index 11 into 'gen' is out of bounds [C:/Users/ricar/OneDrive/Escritorio/MEMORIA/CA_imageProcessingOnFPGA/VIVADO/CA_LOAD/CA_LOAD.srcs/sources_1/new/GRID_SCRIPT.sv:336]
WARNING: [VRFC 10-3705] select index 11 into 'gen' is out of bounds [C:/Users/ricar/OneDrive/Escritorio/MEMORIA/CA_imageProcessingOnFPGA/VIVADO/CA_LOAD/CA_LOAD.srcs/sources_1/new/GRID_SCRIPT.sv:337]
WARNING: [VRFC 10-3705] select index 9 into 'gen' is out of bounds [C:/Users/ricar/OneDrive/Escritorio/MEMORIA/CA_imageProcessingOnFPGA/VIVADO/CA_LOAD/CA_LOAD.srcs/sources_1/new/GRID_SCRIPT.sv:350]
WARNING: [VRFC 10-3705] select index 9 into 'gen' is out of bounds [C:/Users/ricar/OneDrive/Escritorio/MEMORIA/CA_imageProcessingOnFPGA/VIVADO/CA_LOAD/CA_LOAD.srcs/sources_1/new/GRID_SCRIPT.sv:352]
WARNING: [VRFC 10-3705] select index 13 into 'gen' is out of bounds [C:/Users/ricar/OneDrive/Escritorio/MEMORIA/CA_imageProcessingOnFPGA/VIVADO/CA_LOAD/CA_LOAD.srcs/sources_1/new/GRID_SCRIPT.sv:354]
WARNING: [VRFC 10-3705] select index 13 into 'gen' is out of bounds [C:/Users/ricar/OneDrive/Escritorio/MEMORIA/CA_imageProcessingOnFPGA/VIVADO/CA_LOAD/CA_LOAD.srcs/sources_1/new/GRID_SCRIPT.sv:355]
WARNING: [VRFC 10-3705] select index 17 into 'gen' is out of bounds [C:/Users/ricar/OneDrive/Escritorio/MEMORIA/CA_imageProcessingOnFPGA/VIVADO/CA_LOAD/CA_LOAD.srcs/sources_1/new/GRID_SCRIPT.sv:357]
WARNING: [VRFC 10-3705] select index 16 into 'gen' is out of bounds [C:/Users/ricar/OneDrive/Escritorio/MEMORIA/CA_imageProcessingOnFPGA/VIVADO/CA_LOAD/CA_LOAD.srcs/sources_1/new/GRID_SCRIPT.sv:358]
WARNING: [VRFC 10-3705] select index 17 into 'gen' is out of bounds [C:/Users/ricar/OneDrive/Escritorio/MEMORIA/CA_imageProcessingOnFPGA/VIVADO/CA_LOAD/CA_LOAD.srcs/sources_1/new/GRID_SCRIPT.sv:359]
WARNING: [VRFC 10-3705] select index 12 into 'gen' is out of bounds [C:/Users/ricar/OneDrive/Escritorio/MEMORIA/CA_imageProcessingOnFPGA/VIVADO/CA_LOAD/CA_LOAD.srcs/sources_1/new/GRID_SCRIPT.sv:361]
WARNING: [VRFC 10-3705] select index 12 into 'gen' is out of bounds [C:/Users/ricar/OneDrive/Escritorio/MEMORIA/CA_imageProcessingOnFPGA/VIVADO/CA_LOAD/CA_LOAD.srcs/sources_1/new/GRID_SCRIPT.sv:362]
WARNING: [VRFC 10-3705] select index 9 into 'gen' is out of bounds [C:/Users/ricar/OneDrive/Escritorio/MEMORIA/CA_imageProcessingOnFPGA/VIVADO/CA_LOAD/CA_LOAD.srcs/sources_1/new/GRID_SCRIPT.sv:376]
WARNING: [VRFC 10-3705] select index 10 into 'gen' is out of bounds [C:/Users/ricar/OneDrive/Escritorio/MEMORIA/CA_imageProcessingOnFPGA/VIVADO/CA_LOAD/CA_LOAD.srcs/sources_1/new/GRID_SCRIPT.sv:377]
WARNING: [VRFC 10-3705] select index 12 into 'gen' is out of bounds [C:/Users/ricar/OneDrive/Escritorio/MEMORIA/CA_imageProcessingOnFPGA/VIVADO/CA_LOAD/CA_LOAD.srcs/sources_1/new/GRID_SCRIPT.sv:379]
WARNING: [VRFC 10-3705] select index 14 into 'gen' is out of bounds [C:/Users/ricar/OneDrive/Escritorio/MEMORIA/CA_imageProcessingOnFPGA/VIVADO/CA_LOAD/CA_LOAD.srcs/sources_1/new/GRID_SCRIPT.sv:380]
WARNING: [VRFC 10-3705] select index 16 into 'gen' is out of bounds [C:/Users/ricar/OneDrive/Escritorio/MEMORIA/CA_imageProcessingOnFPGA/VIVADO/CA_LOAD/CA_LOAD.srcs/sources_1/new/GRID_SCRIPT.sv:382]
WARNING: [VRFC 10-3705] select index 17 into 'gen' is out of bounds [C:/Users/ricar/OneDrive/Escritorio/MEMORIA/CA_imageProcessingOnFPGA/VIVADO/CA_LOAD/CA_LOAD.srcs/sources_1/new/GRID_SCRIPT.sv:383]
WARNING: [VRFC 10-3705] select index 18 into 'gen' is out of bounds [C:/Users/ricar/OneDrive/Escritorio/MEMORIA/CA_imageProcessingOnFPGA/VIVADO/CA_LOAD/CA_LOAD.srcs/sources_1/new/GRID_SCRIPT.sv:384]
WARNING: [VRFC 10-3705] select index 13 into 'gen' is out of bounds [C:/Users/ricar/OneDrive/Escritorio/MEMORIA/CA_imageProcessingOnFPGA/VIVADO/CA_LOAD/CA_LOAD.srcs/sources_1/new/GRID_SCRIPT.sv:386]
WARNING: [VRFC 10-3705] select index 13 into 'gen' is out of bounds [C:/Users/ricar/OneDrive/Escritorio/MEMORIA/CA_imageProcessingOnFPGA/VIVADO/CA_LOAD/CA_LOAD.srcs/sources_1/new/GRID_SCRIPT.sv:387]
WARNING: [VRFC 10-3705] select index 9 into 'gen' is out of bounds [C:/Users/ricar/OneDrive/Escritorio/MEMORIA/CA_imageProcessingOnFPGA/VIVADO/CA_LOAD/CA_LOAD.srcs/sources_1/new/GRID_SCRIPT.sv:400]
WARNING: [VRFC 10-3705] select index 10 into 'gen' is out of bounds [C:/Users/ricar/OneDrive/Escritorio/MEMORIA/CA_imageProcessingOnFPGA/VIVADO/CA_LOAD/CA_LOAD.srcs/sources_1/new/GRID_SCRIPT.sv:401]
WARNING: [VRFC 10-3705] select index 11 into 'gen' is out of bounds [C:/Users/ricar/OneDrive/Escritorio/MEMORIA/CA_imageProcessingOnFPGA/VIVADO/CA_LOAD/CA_LOAD.srcs/sources_1/new/GRID_SCRIPT.sv:402]
WARNING: [VRFC 10-3705] select index 13 into 'gen' is out of bounds [C:/Users/ricar/OneDrive/Escritorio/MEMORIA/CA_imageProcessingOnFPGA/VIVADO/CA_LOAD/CA_LOAD.srcs/sources_1/new/GRID_SCRIPT.sv:404]
WARNING: [VRFC 10-3705] select index 15 into 'gen' is out of bounds [C:/Users/ricar/OneDrive/Escritorio/MEMORIA/CA_imageProcessingOnFPGA/VIVADO/CA_LOAD/CA_LOAD.srcs/sources_1/new/GRID_SCRIPT.sv:405]
WARNING: [VRFC 10-3705] select index 17 into 'gen' is out of bounds [C:/Users/ricar/OneDrive/Escritorio/MEMORIA/CA_imageProcessingOnFPGA/VIVADO/CA_LOAD/CA_LOAD.srcs/sources_1/new/GRID_SCRIPT.sv:407]
WARNING: [VRFC 10-3705] select index 18 into 'gen' is out of bounds [C:/Users/ricar/OneDrive/Escritorio/MEMORIA/CA_imageProcessingOnFPGA/VIVADO/CA_LOAD/CA_LOAD.srcs/sources_1/new/GRID_SCRIPT.sv:408]
WARNING: [VRFC 10-3705] select index 19 into 'gen' is out of bounds [C:/Users/ricar/OneDrive/Escritorio/MEMORIA/CA_imageProcessingOnFPGA/VIVADO/CA_LOAD/CA_LOAD.srcs/sources_1/new/GRID_SCRIPT.sv:409]
WARNING: [VRFC 10-3705] select index 14 into 'gen' is out of bounds [C:/Users/ricar/OneDrive/Escritorio/MEMORIA/CA_imageProcessingOnFPGA/VIVADO/CA_LOAD/CA_LOAD.srcs/sources_1/new/GRID_SCRIPT.sv:411]
WARNING: [VRFC 10-3705] select index 14 into 'gen' is out of bounds [C:/Users/ricar/OneDrive/Escritorio/MEMORIA/CA_imageProcessingOnFPGA/VIVADO/CA_LOAD/CA_LOAD.srcs/sources_1/new/GRID_SCRIPT.sv:412]
WARNING: [VRFC 10-3705] select index 10 into 'gen' is out of bounds [C:/Users/ricar/OneDrive/Escritorio/MEMORIA/CA_imageProcessingOnFPGA/VIVADO/CA_LOAD/CA_LOAD.srcs/sources_1/new/GRID_SCRIPT.sv:425]
WARNING: [VRFC 10-3705] select index 11 into 'gen' is out of bounds [C:/Users/ricar/OneDrive/Escritorio/MEMORIA/CA_imageProcessingOnFPGA/VIVADO/CA_LOAD/CA_LOAD.srcs/sources_1/new/GRID_SCRIPT.sv:426]
WARNING: [VRFC 10-3705] select index 10 into 'gen' is out of bounds [C:/Users/ricar/OneDrive/Escritorio/MEMORIA/CA_imageProcessingOnFPGA/VIVADO/CA_LOAD/CA_LOAD.srcs/sources_1/new/GRID_SCRIPT.sv:427]
WARNING: [VRFC 10-3705] select index 14 into 'gen' is out of bounds [C:/Users/ricar/OneDrive/Escritorio/MEMORIA/CA_imageProcessingOnFPGA/VIVADO/CA_LOAD/CA_LOAD.srcs/sources_1/new/GRID_SCRIPT.sv:429]
WARNING: [VRFC 10-3705] select index 14 into 'gen' is out of bounds [C:/Users/ricar/OneDrive/Escritorio/MEMORIA/CA_imageProcessingOnFPGA/VIVADO/CA_LOAD/CA_LOAD.srcs/sources_1/new/GRID_SCRIPT.sv:430]
WARNING: [VRFC 10-3705] select index 18 into 'gen' is out of bounds [C:/Users/ricar/OneDrive/Escritorio/MEMORIA/CA_imageProcessingOnFPGA/VIVADO/CA_LOAD/CA_LOAD.srcs/sources_1/new/GRID_SCRIPT.sv:432]
WARNING: [VRFC 10-3705] select index 19 into 'gen' is out of bounds [C:/Users/ricar/OneDrive/Escritorio/MEMORIA/CA_imageProcessingOnFPGA/VIVADO/CA_LOAD/CA_LOAD.srcs/sources_1/new/GRID_SCRIPT.sv:433]
WARNING: [VRFC 10-3705] select index 18 into 'gen' is out of bounds [C:/Users/ricar/OneDrive/Escritorio/MEMORIA/CA_imageProcessingOnFPGA/VIVADO/CA_LOAD/CA_LOAD.srcs/sources_1/new/GRID_SCRIPT.sv:434]
WARNING: [VRFC 10-3705] select index 15 into 'gen' is out of bounds [C:/Users/ricar/OneDrive/Escritorio/MEMORIA/CA_imageProcessingOnFPGA/VIVADO/CA_LOAD/CA_LOAD.srcs/sources_1/new/GRID_SCRIPT.sv:436]
WARNING: [VRFC 10-3705] select index 15 into 'gen' is out of bounds [C:/Users/ricar/OneDrive/Escritorio/MEMORIA/CA_imageProcessingOnFPGA/VIVADO/CA_LOAD/CA_LOAD.srcs/sources_1/new/GRID_SCRIPT.sv:437]
WARNING: [VRFC 10-3705] select index 13 into 'gen' is out of bounds [C:/Users/ricar/OneDrive/Escritorio/MEMORIA/CA_imageProcessingOnFPGA/VIVADO/CA_LOAD/CA_LOAD.srcs/sources_1/new/GRID_SCRIPT.sv:450]
WARNING: [VRFC 10-3705] select index 12 into 'gen' is out of bounds [C:/Users/ricar/OneDrive/Escritorio/MEMORIA/CA_imageProcessingOnFPGA/VIVADO/CA_LOAD/CA_LOAD.srcs/sources_1/new/GRID_SCRIPT.sv:451]
WARNING: [VRFC 10-3705] select index 13 into 'gen' is out of bounds [C:/Users/ricar/OneDrive/Escritorio/MEMORIA/CA_imageProcessingOnFPGA/VIVADO/CA_LOAD/CA_LOAD.srcs/sources_1/new/GRID_SCRIPT.sv:452]
WARNING: [VRFC 10-3705] select index 17 into 'gen' is out of bounds [C:/Users/ricar/OneDrive/Escritorio/MEMORIA/CA_imageProcessingOnFPGA/VIVADO/CA_LOAD/CA_LOAD.srcs/sources_1/new/GRID_SCRIPT.sv:454]
WARNING: [VRFC 10-3705] select index 17 into 'gen' is out of bounds [C:/Users/ricar/OneDrive/Escritorio/MEMORIA/CA_imageProcessingOnFPGA/VIVADO/CA_LOAD/CA_LOAD.srcs/sources_1/new/GRID_SCRIPT.sv:455]
WARNING: [VRFC 10-3705] select index 13 into 'gen' is out of bounds [C:/Users/ricar/OneDrive/Escritorio/MEMORIA/CA_imageProcessingOnFPGA/VIVADO/CA_LOAD/CA_LOAD.srcs/sources_1/new/GRID_SCRIPT.sv:457]
WARNING: [VRFC 10-3705] select index 12 into 'gen' is out of bounds [C:/Users/ricar/OneDrive/Escritorio/MEMORIA/CA_imageProcessingOnFPGA/VIVADO/CA_LOAD/CA_LOAD.srcs/sources_1/new/GRID_SCRIPT.sv:458]
WARNING: [VRFC 10-3705] select index 13 into 'gen' is out of bounds [C:/Users/ricar/OneDrive/Escritorio/MEMORIA/CA_imageProcessingOnFPGA/VIVADO/CA_LOAD/CA_LOAD.srcs/sources_1/new/GRID_SCRIPT.sv:459]
WARNING: [VRFC 10-3705] select index 16 into 'gen' is out of bounds [C:/Users/ricar/OneDrive/Escritorio/MEMORIA/CA_imageProcessingOnFPGA/VIVADO/CA_LOAD/CA_LOAD.srcs/sources_1/new/GRID_SCRIPT.sv:461]
WARNING: [VRFC 10-3705] select index 16 into 'gen' is out of bounds [C:/Users/ricar/OneDrive/Escritorio/MEMORIA/CA_imageProcessingOnFPGA/VIVADO/CA_LOAD/CA_LOAD.srcs/sources_1/new/GRID_SCRIPT.sv:462]
WARNING: [VRFC 10-3705] select index 12 into 'gen' is out of bounds [C:/Users/ricar/OneDrive/Escritorio/MEMORIA/CA_imageProcessingOnFPGA/VIVADO/CA_LOAD/CA_LOAD.srcs/sources_1/new/GRID_SCRIPT.sv:475]
WARNING: [VRFC 10-3705] select index 13 into 'gen' is out of bounds [C:/Users/ricar/OneDrive/Escritorio/MEMORIA/CA_imageProcessingOnFPGA/VIVADO/CA_LOAD/CA_LOAD.srcs/sources_1/new/GRID_SCRIPT.sv:476]
WARNING: [VRFC 10-3705] select index 14 into 'gen' is out of bounds [C:/Users/ricar/OneDrive/Escritorio/MEMORIA/CA_imageProcessingOnFPGA/VIVADO/CA_LOAD/CA_LOAD.srcs/sources_1/new/GRID_SCRIPT.sv:477]
WARNING: [VRFC 10-3705] select index 16 into 'gen' is out of bounds [C:/Users/ricar/OneDrive/Escritorio/MEMORIA/CA_imageProcessingOnFPGA/VIVADO/CA_LOAD/CA_LOAD.srcs/sources_1/new/GRID_SCRIPT.sv:479]
WARNING: [VRFC 10-3705] select index 18 into 'gen' is out of bounds [C:/Users/ricar/OneDrive/Escritorio/MEMORIA/CA_imageProcessingOnFPGA/VIVADO/CA_LOAD/CA_LOAD.srcs/sources_1/new/GRID_SCRIPT.sv:480]
WARNING: [VRFC 10-3705] select index 12 into 'gen' is out of bounds [C:/Users/ricar/OneDrive/Escritorio/MEMORIA/CA_imageProcessingOnFPGA/VIVADO/CA_LOAD/CA_LOAD.srcs/sources_1/new/GRID_SCRIPT.sv:482]
WARNING: [VRFC 10-3705] select index 13 into 'gen' is out of bounds [C:/Users/ricar/OneDrive/Escritorio/MEMORIA/CA_imageProcessingOnFPGA/VIVADO/CA_LOAD/CA_LOAD.srcs/sources_1/new/GRID_SCRIPT.sv:483]
WARNING: [VRFC 10-3705] select index 14 into 'gen' is out of bounds [C:/Users/ricar/OneDrive/Escritorio/MEMORIA/CA_imageProcessingOnFPGA/VIVADO/CA_LOAD/CA_LOAD.srcs/sources_1/new/GRID_SCRIPT.sv:484]
WARNING: [VRFC 10-3705] select index 17 into 'gen' is out of bounds [C:/Users/ricar/OneDrive/Escritorio/MEMORIA/CA_imageProcessingOnFPGA/VIVADO/CA_LOAD/CA_LOAD.srcs/sources_1/new/GRID_SCRIPT.sv:486]
WARNING: [VRFC 10-3705] select index 17 into 'gen' is out of bounds [C:/Users/ricar/OneDrive/Escritorio/MEMORIA/CA_imageProcessingOnFPGA/VIVADO/CA_LOAD/CA_LOAD.srcs/sources_1/new/GRID_SCRIPT.sv:487]
WARNING: [VRFC 10-3705] select index 13 into 'gen' is out of bounds [C:/Users/ricar/OneDrive/Escritorio/MEMORIA/CA_imageProcessingOnFPGA/VIVADO/CA_LOAD/CA_LOAD.srcs/sources_1/new/GRID_SCRIPT.sv:500]
WARNING: [VRFC 10-3705] select index 14 into 'gen' is out of bounds [C:/Users/ricar/OneDrive/Escritorio/MEMORIA/CA_imageProcessingOnFPGA/VIVADO/CA_LOAD/CA_LOAD.srcs/sources_1/new/GRID_SCRIPT.sv:501]
WARNING: [VRFC 10-3705] select index 15 into 'gen' is out of bounds [C:/Users/ricar/OneDrive/Escritorio/MEMORIA/CA_imageProcessingOnFPGA/VIVADO/CA_LOAD/CA_LOAD.srcs/sources_1/new/GRID_SCRIPT.sv:502]
WARNING: [VRFC 10-3705] select index 17 into 'gen' is out of bounds [C:/Users/ricar/OneDrive/Escritorio/MEMORIA/CA_imageProcessingOnFPGA/VIVADO/CA_LOAD/CA_LOAD.srcs/sources_1/new/GRID_SCRIPT.sv:504]
WARNING: [VRFC 10-3705] select index 19 into 'gen' is out of bounds [C:/Users/ricar/OneDrive/Escritorio/MEMORIA/CA_imageProcessingOnFPGA/VIVADO/CA_LOAD/CA_LOAD.srcs/sources_1/new/GRID_SCRIPT.sv:505]
WARNING: [VRFC 10-3705] select index 13 into 'gen' is out of bounds [C:/Users/ricar/OneDrive/Escritorio/MEMORIA/CA_imageProcessingOnFPGA/VIVADO/CA_LOAD/CA_LOAD.srcs/sources_1/new/GRID_SCRIPT.sv:507]
WARNING: [VRFC 10-3705] select index 14 into 'gen' is out of bounds [C:/Users/ricar/OneDrive/Escritorio/MEMORIA/CA_imageProcessingOnFPGA/VIVADO/CA_LOAD/CA_LOAD.srcs/sources_1/new/GRID_SCRIPT.sv:508]
WARNING: [VRFC 10-3705] select index 15 into 'gen' is out of bounds [C:/Users/ricar/OneDrive/Escritorio/MEMORIA/CA_imageProcessingOnFPGA/VIVADO/CA_LOAD/CA_LOAD.srcs/sources_1/new/GRID_SCRIPT.sv:509]
WARNING: [VRFC 10-3705] select index 18 into 'gen' is out of bounds [C:/Users/ricar/OneDrive/Escritorio/MEMORIA/CA_imageProcessingOnFPGA/VIVADO/CA_LOAD/CA_LOAD.srcs/sources_1/new/GRID_SCRIPT.sv:511]
WARNING: [VRFC 10-3705] select index 18 into 'gen' is out of bounds [C:/Users/ricar/OneDrive/Escritorio/MEMORIA/CA_imageProcessingOnFPGA/VIVADO/CA_LOAD/CA_LOAD.srcs/sources_1/new/GRID_SCRIPT.sv:512]
WARNING: [VRFC 10-3705] select index 14 into 'gen' is out of bounds [C:/Users/ricar/OneDrive/Escritorio/MEMORIA/CA_imageProcessingOnFPGA/VIVADO/CA_LOAD/CA_LOAD.srcs/sources_1/new/GRID_SCRIPT.sv:525]
WARNING: [VRFC 10-3705] select index 15 into 'gen' is out of bounds [C:/Users/ricar/OneDrive/Escritorio/MEMORIA/CA_imageProcessingOnFPGA/VIVADO/CA_LOAD/CA_LOAD.srcs/sources_1/new/GRID_SCRIPT.sv:526]
WARNING: [VRFC 10-3705] select index 14 into 'gen' is out of bounds [C:/Users/ricar/OneDrive/Escritorio/MEMORIA/CA_imageProcessingOnFPGA/VIVADO/CA_LOAD/CA_LOAD.srcs/sources_1/new/GRID_SCRIPT.sv:527]
WARNING: [VRFC 10-3705] select index 18 into 'gen' is out of bounds [C:/Users/ricar/OneDrive/Escritorio/MEMORIA/CA_imageProcessingOnFPGA/VIVADO/CA_LOAD/CA_LOAD.srcs/sources_1/new/GRID_SCRIPT.sv:529]
WARNING: [VRFC 10-3705] select index 18 into 'gen' is out of bounds [C:/Users/ricar/OneDrive/Escritorio/MEMORIA/CA_imageProcessingOnFPGA/VIVADO/CA_LOAD/CA_LOAD.srcs/sources_1/new/GRID_SCRIPT.sv:530]
WARNING: [VRFC 10-3705] select index 14 into 'gen' is out of bounds [C:/Users/ricar/OneDrive/Escritorio/MEMORIA/CA_imageProcessingOnFPGA/VIVADO/CA_LOAD/CA_LOAD.srcs/sources_1/new/GRID_SCRIPT.sv:532]
WARNING: [VRFC 10-3705] select index 15 into 'gen' is out of bounds [C:/Users/ricar/OneDrive/Escritorio/MEMORIA/CA_imageProcessingOnFPGA/VIVADO/CA_LOAD/CA_LOAD.srcs/sources_1/new/GRID_SCRIPT.sv:533]
WARNING: [VRFC 10-3705] select index 14 into 'gen' is out of bounds [C:/Users/ricar/OneDrive/Escritorio/MEMORIA/CA_imageProcessingOnFPGA/VIVADO/CA_LOAD/CA_LOAD.srcs/sources_1/new/GRID_SCRIPT.sv:534]
WARNING: [VRFC 10-3705] select index 19 into 'gen' is out of bounds [C:/Users/ricar/OneDrive/Escritorio/MEMORIA/CA_imageProcessingOnFPGA/VIVADO/CA_LOAD/CA_LOAD.srcs/sources_1/new/GRID_SCRIPT.sv:536]
WARNING: [VRFC 10-3705] select index 19 into 'gen' is out of bounds [C:/Users/ricar/OneDrive/Escritorio/MEMORIA/CA_imageProcessingOnFPGA/VIVADO/CA_LOAD/CA_LOAD.srcs/sources_1/new/GRID_SCRIPT.sv:537]
WARNING: [VRFC 10-3705] select index 19 into 'gen' is out of bounds [C:/Users/ricar/OneDrive/Escritorio/MEMORIA/CA_imageProcessingOnFPGA/VIVADO/CA_LOAD/CA_LOAD.srcs/sources_1/new/GRID_SCRIPT.sv:542]
Completed static elaboration
Starting simulation data flow analysis
Completed simulation data flow analysis
Time Resolution for simulation is 1ps
Compiling module xil_defaultlib.FSM_OPERATION_MODES
Compiling module xil_defaultlib.CELDA(load_cell=1)
Compiling module xil_defaultlib.CELDA
Compiling module xil_defaultlib.GRID_SCRIPT
Compiling module xil_defaultlib.sim_GRID_MODES
Compiling module xil_defaultlib.glbl
Built simulation snapshot sim_GRID_MODES_behav
run_program: Time (s): cpu = 00:00:01 ; elapsed = 00:00:12 . Memory (MB): peak = 1640.305 ; gain = 0.000
INFO: [USF-XSim-69] 'elaborate' step finished in '12' seconds
launch_simulation: Time (s): cpu = 00:00:01 ; elapsed = 00:00:12 . Memory (MB): peak = 1640.305 ; gain = 0.000
Time resolution is 1 ps
relaunch_sim: Time (s): cpu = 00:00:03 ; elapsed = 00:00:16 . Memory (MB): peak = 1640.305 ; gain = 0.000
relaunch_sim
Command: launch_simulation -step compile -simset sim_1 -mode behavioral
INFO: [Vivado 12-12493] Simulation top is 'sim_GRID_MODES'
WARNING: [Vivado 12-13340] Unable to auto find GCC executables from simulator install path! (path not set)
WARNING: [Vivado 12-13277] Compiled library path does not exist: ''
INFO: [Vivado 12-5682] Launching behavioral simulation in 'C:/Users/ricar/OneDrive/Escritorio/MEMORIA/CA_imageProcessingOnFPGA/VIVADO/CA_LOAD/CA_LOAD.sim/sim_1/behav/xsim'
INFO: [SIM-utils-51] Simulation object is 'sim_1'
INFO: [USF-XSim-2] XSim::Compile design
INFO: [USF-XSim-61] Executing 'COMPILE and ANALYZE' step in 'C:/Users/ricar/OneDrive/Escritorio/MEMORIA/CA_imageProcessingOnFPGA/VIVADO/CA_LOAD/CA_LOAD.sim/sim_1/behav/xsim'
"xvlog --incr --relax -L uvm -prj sim_GRID_MODES_vlog.prj"
INFO: [VRFC 10-2263] Analyzing SystemVerilog file "C:/Users/ricar/OneDrive/Escritorio/MEMORIA/CA_imageProcessingOnFPGA/VIVADO/CA_LOAD/CA_LOAD.srcs/sources_1/new/CELDA.sv" into library xil_defaultlib
INFO: [VRFC 10-311] analyzing module CELDA
INFO: [VRFC 10-2263] Analyzing SystemVerilog file "C:/Users/ricar/OneDrive/Escritorio/MEMORIA/CA_imageProcessingOnFPGA/VIVADO/CA_LOAD/CA_LOAD.srcs/sources_1/new/FSM_OPERATION_MODES.sv" into library xil_defaultlib
INFO: [VRFC 10-311] analyzing module FSM_OPERATION_MODES
WARNING: [VRFC 10-9336] redeclaration of ANSI port 'state' is not allowed [C:/Users/ricar/OneDrive/Escritorio/MEMORIA/CA_imageProcessingOnFPGA/VIVADO/CA_LOAD/CA_LOAD.srcs/sources_1/new/FSM_OPERATION_MODES.sv:40]
WARNING: [VRFC 10-3028] 'state' was previously declared with a range [C:/Users/ricar/OneDrive/Escritorio/MEMORIA/CA_imageProcessingOnFPGA/VIVADO/CA_LOAD/CA_LOAD.srcs/sources_1/new/FSM_OPERATION_MODES.sv:40]
INFO: [VRFC 10-2263] Analyzing SystemVerilog file "C:/Users/ricar/OneDrive/Escritorio/MEMORIA/CA_imageProcessingOnFPGA/VIVADO/CA_LOAD/CA_LOAD.srcs/sources_1/new/GRID_SCRIPT.sv" into library xil_defaultlib
INFO: [VRFC 10-311] analyzing module GRID_SCRIPT
INFO: [VRFC 10-2263] Analyzing SystemVerilog file "C:/Users/ricar/OneDrive/Escritorio/MEMORIA/CA_imageProcessingOnFPGA/VIVADO/CA_LOAD/CA_LOAD.srcs/sim_1/new/sim_GRID_MODES.sv" into library xil_defaultlib
INFO: [VRFC 10-311] analyzing module sim_GRID_MODES
INFO: [USF-XSim-69] 'compile' step finished in '1' seconds
Command: launch_simulation -step elaborate -simset sim_1 -mode behavioral
INFO: [Vivado 12-12493] Simulation top is 'sim_GRID_MODES'
WARNING: [Vivado 12-13340] Unable to auto find GCC executables from simulator install path! (path not set)
WARNING: [Vivado 12-13277] Compiled library path does not exist: ''
INFO: [Vivado 12-5682] Launching behavioral simulation in 'C:/Users/ricar/OneDrive/Escritorio/MEMORIA/CA_imageProcessingOnFPGA/VIVADO/CA_LOAD/CA_LOAD.sim/sim_1/behav/xsim'
INFO: [SIM-utils-51] Simulation object is 'sim_1'
INFO: [USF-XSim-3] XSim::Elaborate design
INFO: [USF-XSim-61] Executing 'ELABORATE' step in 'C:/Users/ricar/OneDrive/Escritorio/MEMORIA/CA_imageProcessingOnFPGA/VIVADO/CA_LOAD/CA_LOAD.sim/sim_1/behav/xsim'
"xelab --incr --debug typical --relax --mt 2 -L xil_defaultlib -L uvm -L unisims_ver -L unimacro_ver -L secureip --snapshot sim_GRID_MODES_behav xil_defaultlib.sim_GRID_MODES xil_defaultlib.glbl -log elaborate.log"
Vivado Simulator v2022.1
Copyright 1986-1999, 2001-2022 Xilinx, Inc. All Rights Reserved.
Running: C:/Xilinx/Vivado/2022.1/bin/unwrapped/win64.o/xelab.exe --incr --debug typical --relax --mt 2 -L xil_defaultlib -L uvm -L unisims_ver -L unimacro_ver -L secureip --snapshot sim_GRID_MODES_behav xil_defaultlib.sim_GRID_MODES xil_defaultlib.glbl -log elaborate.log 
Using 2 slave threads.
Starting static elaboration
Pass Through NonSizing Optimizer
Completed static elaboration
Starting simulation data flow analysis
Completed simulation data flow analysis
Time Resolution for simulation is 1ps
Compiling module xil_defaultlib.FSM_OPERATION_MODES(M=4,N=5)
Compiling module xil_defaultlib.CELDA(load_cell=1)
Compiling module xil_defaultlib.CELDA
Compiling module xil_defaultlib.GRID_SCRIPT(M=4,N=5)
Compiling module xil_defaultlib.sim_GRID_MODES
Compiling module xil_defaultlib.glbl
Built simulation snapshot sim_GRID_MODES_behav
INFO: [USF-XSim-69] 'elaborate' step finished in '2' seconds
Time resolution is 1 ps
relaunch_sim: Time (s): cpu = 00:00:01 ; elapsed = 00:00:06 . Memory (MB): peak = 1640.305 ; gain = 0.000
