
*** Running vivado
    with args -log TOP_UART.vds -m64 -product Vivado -mode batch -messageDb vivado.pb -notrace -source TOP_UART.tcl



****** Vivado v2022.1 (64-bit)
  **** SW Build 3526262 on Mon Apr 18 15:48:16 MDT 2022
  **** IP Build 3524634 on Mon Apr 18 20:55:01 MDT 2022
    ** Copyright 1986-2022 Xilinx, Inc. All Rights Reserved.

source TOP_UART.tcl -notrace
Command: read_checkpoint -auto_incremental -incremental C:/Users/ricar/OneDrive/Escritorio/MEMORIA/CODIGOS/VIVADO/UART/UART.srcs/utils_1/imports/synth_1/TOP_UART.dcp
INFO: [Vivado 12-5825] Read reference checkpoint from C:/Users/ricar/OneDrive/Escritorio/MEMORIA/CODIGOS/VIVADO/UART/UART.srcs/utils_1/imports/synth_1/TOP_UART.dcp for incremental synthesis
INFO: [Vivado 12-7989] Please ensure there are no constraint changes
Command: synth_design -top TOP_UART -part xc7a100tcsg324-1
Starting synth_design
Attempting to get a license for feature 'Synthesis' and/or device 'xc7a100t'
INFO: [Common 17-349] Got license for feature 'Synthesis' and/or device 'xc7a100t'
INFO: [Device 21-403] Loading part xc7a100tcsg324-1
INFO: [Designutils 20-5440] No compile time benefit to using incremental synthesis; A full resynthesis will be run
INFO: [Designutils 20-4379] Flow is switching to default flow due to incremental criteria not met. If you would like to alter this behaviour and have the flow terminate instead, please set the following parameter config_implementation {autoIncr.Synth.RejectBehavior Terminate}
INFO: [Synth 8-7079] Multithreading enabled for synth_design using a maximum of 2 processes.
INFO: [Synth 8-7078] Launching helper process for spawning children vivado processes
INFO: [Synth 8-7075] Helper process launched with PID 20324
---------------------------------------------------------------------------------
Starting RTL Elaboration : Time (s): cpu = 00:00:06 ; elapsed = 00:00:06 . Memory (MB): peak = 1278.996 ; gain = 0.000
---------------------------------------------------------------------------------
INFO: [Synth 8-6157] synthesizing module 'TOP_UART' [C:/Users/ricar/OneDrive/Escritorio/MEMORIA/CODIGOS/VIVADO/UART/UART.srcs/sources_1/new/TOP_UART.sv:23]
INFO: [Synth 8-6157] synthesizing module 'uart_baud_tick_gen' [C:/Users/ricar/OneDrive/Escritorio/MEMORIA/CODIGOS/VIVADO/UART/UART.srcs/sources_1/new/uart_baud_tick_gen.v:17]
	Parameter CLK_FREQUENCY bound to: 100000000 - type: integer 
	Parameter BAUD_RATE bound to: 115200 - type: integer 
	Parameter OVERSAMPLING bound to: 8 - type: integer 
INFO: [Synth 8-6155] done synthesizing module 'uart_baud_tick_gen' (0#1) [C:/Users/ricar/OneDrive/Escritorio/MEMORIA/CODIGOS/VIVADO/UART/UART.srcs/sources_1/new/uart_baud_tick_gen.v:17]
INFO: [Synth 8-6157] synthesizing module 'uart_rx' [C:/Users/ricar/OneDrive/Escritorio/MEMORIA/CODIGOS/VIVADO/UART/UART.srcs/sources_1/new/uart_rx.v:22]
INFO: [Synth 8-6157] synthesizing module 'data_sync' [C:/Users/ricar/OneDrive/Escritorio/MEMORIA/CODIGOS/VIVADO/UART/UART.srcs/sources_1/new/data_sync.v:22]
INFO: [Synth 8-6155] done synthesizing module 'data_sync' (0#1) [C:/Users/ricar/OneDrive/Escritorio/MEMORIA/CODIGOS/VIVADO/UART/UART.srcs/sources_1/new/data_sync.v:22]
INFO: [Synth 8-155] case statement is not full and has no default [C:/Users/ricar/OneDrive/Escritorio/MEMORIA/CODIGOS/VIVADO/UART/UART.srcs/sources_1/new/uart_rx.v:97]
INFO: [Synth 8-6155] done synthesizing module 'uart_rx' (0#1) [C:/Users/ricar/OneDrive/Escritorio/MEMORIA/CODIGOS/VIVADO/UART/UART.srcs/sources_1/new/uart_rx.v:22]
INFO: [Synth 8-6155] done synthesizing module 'TOP_UART' (0#1) [C:/Users/ricar/OneDrive/Escritorio/MEMORIA/CODIGOS/VIVADO/UART/UART.srcs/sources_1/new/TOP_UART.sv:23]
WARNING: [Synth 8-3848] Net clk in module/entity TOP_UART does not have driver. [C:/Users/ricar/OneDrive/Escritorio/MEMORIA/CODIGOS/VIVADO/UART/UART.srcs/sources_1/new/TOP_UART.sv:49]
WARNING: [Synth 8-3848] Net clk in module/entity TOP_UART does not have driver. [C:/Users/ricar/OneDrive/Escritorio/MEMORIA/CODIGOS/VIVADO/UART/UART.srcs/sources_1/new/TOP_UART.sv:49]
WARNING: [Synth 8-3848] Net rst in module/entity TOP_UART does not have driver. [C:/Users/ricar/OneDrive/Escritorio/MEMORIA/CODIGOS/VIVADO/UART/UART.srcs/sources_1/new/TOP_UART.sv:55]
WARNING: [Synth 8-3848] Net rx in module/entity TOP_UART does not have driver. [C:/Users/ricar/OneDrive/Escritorio/MEMORIA/CODIGOS/VIVADO/UART/UART.srcs/sources_1/new/TOP_UART.sv:57]
WARNING: [Synth 8-7129] Port CLK100MHZ in module TOP_UART is either unconnected or has no load
WARNING: [Synth 8-7129] Port uart_rx in module TOP_UART is either unconnected or has no load
WARNING: [Synth 8-7129] Port CPU_RESETN in module TOP_UART is either unconnected or has no load
---------------------------------------------------------------------------------
Finished RTL Elaboration : Time (s): cpu = 00:00:07 ; elapsed = 00:00:08 . Memory (MB): peak = 1278.996 ; gain = 0.000
---------------------------------------------------------------------------------
---------------------------------------------------------------------------------
Start Handling Custom Attributes
---------------------------------------------------------------------------------
---------------------------------------------------------------------------------
Finished Handling Custom Attributes : Time (s): cpu = 00:00:07 ; elapsed = 00:00:08 . Memory (MB): peak = 1278.996 ; gain = 0.000
---------------------------------------------------------------------------------
---------------------------------------------------------------------------------
Finished RTL Optimization Phase 1 : Time (s): cpu = 00:00:07 ; elapsed = 00:00:08 . Memory (MB): peak = 1278.996 ; gain = 0.000
---------------------------------------------------------------------------------
Netlist sorting complete. Time (s): cpu = 00:00:00 ; elapsed = 00:00:00 . Memory (MB): peak = 1278.996 ; gain = 0.000
INFO: [Project 1-570] Preparing netlist for logic optimization

Processing XDC Constraints
Initializing timing engine
Parsing XDC File [C:/Users/ricar/OneDrive/Escritorio/MEMORIA/CODIGOS/VIVADO/Nexys4DDR_Master.xdc]
WARNING: [Vivado 12-584] No ports matched 'SW[0]'. [C:/Users/ricar/OneDrive/Escritorio/MEMORIA/CODIGOS/VIVADO/Nexys4DDR_Master.xdc:13]
CRITICAL WARNING: [Common 17-55] 'set_property' expects at least one object. [C:/Users/ricar/OneDrive/Escritorio/MEMORIA/CODIGOS/VIVADO/Nexys4DDR_Master.xdc:13]
Resolution: If [get_<value>] was used to populate the object, check to make sure this command returns at least one valid object.
WARNING: [Vivado 12-584] No ports matched 'SW[1]'. [C:/Users/ricar/OneDrive/Escritorio/MEMORIA/CODIGOS/VIVADO/Nexys4DDR_Master.xdc:14]
CRITICAL WARNING: [Common 17-55] 'set_property' expects at least one object. [C:/Users/ricar/OneDrive/Escritorio/MEMORIA/CODIGOS/VIVADO/Nexys4DDR_Master.xdc:14]
Resolution: If [get_<value>] was used to populate the object, check to make sure this command returns at least one valid object.
WARNING: [Vivado 12-584] No ports matched 'SW[2]'. [C:/Users/ricar/OneDrive/Escritorio/MEMORIA/CODIGOS/VIVADO/Nexys4DDR_Master.xdc:15]
CRITICAL WARNING: [Common 17-55] 'set_property' expects at least one object. [C:/Users/ricar/OneDrive/Escritorio/MEMORIA/CODIGOS/VIVADO/Nexys4DDR_Master.xdc:15]
Resolution: If [get_<value>] was used to populate the object, check to make sure this command returns at least one valid object.
WARNING: [Vivado 12-584] No ports matched 'SW[3]'. [C:/Users/ricar/OneDrive/Escritorio/MEMORIA/CODIGOS/VIVADO/Nexys4DDR_Master.xdc:16]
CRITICAL WARNING: [Common 17-55] 'set_property' expects at least one object. [C:/Users/ricar/OneDrive/Escritorio/MEMORIA/CODIGOS/VIVADO/Nexys4DDR_Master.xdc:16]
Resolution: If [get_<value>] was used to populate the object, check to make sure this command returns at least one valid object.
WARNING: [Vivado 12-584] No ports matched 'SW[4]'. [C:/Users/ricar/OneDrive/Escritorio/MEMORIA/CODIGOS/VIVADO/Nexys4DDR_Master.xdc:17]
CRITICAL WARNING: [Common 17-55] 'set_property' expects at least one object. [C:/Users/ricar/OneDrive/Escritorio/MEMORIA/CODIGOS/VIVADO/Nexys4DDR_Master.xdc:17]
Resolution: If [get_<value>] was used to populate the object, check to make sure this command returns at least one valid object.
WARNING: [Vivado 12-584] No ports matched 'SW[5]'. [C:/Users/ricar/OneDrive/Escritorio/MEMORIA/CODIGOS/VIVADO/Nexys4DDR_Master.xdc:18]
CRITICAL WARNING: [Common 17-55] 'set_property' expects at least one object. [C:/Users/ricar/OneDrive/Escritorio/MEMORIA/CODIGOS/VIVADO/Nexys4DDR_Master.xdc:18]
Resolution: If [get_<value>] was used to populate the object, check to make sure this command returns at least one valid object.
WARNING: [Vivado 12-584] No ports matched 'SW[6]'. [C:/Users/ricar/OneDrive/Escritorio/MEMORIA/CODIGOS/VIVADO/Nexys4DDR_Master.xdc:19]
CRITICAL WARNING: [Common 17-55] 'set_property' expects at least one object. [C:/Users/ricar/OneDrive/Escritorio/MEMORIA/CODIGOS/VIVADO/Nexys4DDR_Master.xdc:19]
Resolution: If [get_<value>] was used to populate the object, check to make sure this command returns at least one valid object.
WARNING: [Vivado 12-584] No ports matched 'SW[7]'. [C:/Users/ricar/OneDrive/Escritorio/MEMORIA/CODIGOS/VIVADO/Nexys4DDR_Master.xdc:20]
CRITICAL WARNING: [Common 17-55] 'set_property' expects at least one object. [C:/Users/ricar/OneDrive/Escritorio/MEMORIA/CODIGOS/VIVADO/Nexys4DDR_Master.xdc:20]
Resolution: If [get_<value>] was used to populate the object, check to make sure this command returns at least one valid object.
WARNING: [Vivado 12-584] No ports matched 'SW[8]'. [C:/Users/ricar/OneDrive/Escritorio/MEMORIA/CODIGOS/VIVADO/Nexys4DDR_Master.xdc:21]
CRITICAL WARNING: [Common 17-55] 'set_property' expects at least one object. [C:/Users/ricar/OneDrive/Escritorio/MEMORIA/CODIGOS/VIVADO/Nexys4DDR_Master.xdc:21]
Resolution: If [get_<value>] was used to populate the object, check to make sure this command returns at least one valid object.
WARNING: [Vivado 12-584] No ports matched 'SW[9]'. [C:/Users/ricar/OneDrive/Escritorio/MEMORIA/CODIGOS/VIVADO/Nexys4DDR_Master.xdc:22]
CRITICAL WARNING: [Common 17-55] 'set_property' expects at least one object. [C:/Users/ricar/OneDrive/Escritorio/MEMORIA/CODIGOS/VIVADO/Nexys4DDR_Master.xdc:22]
Resolution: If [get_<value>] was used to populate the object, check to make sure this command returns at least one valid object.
WARNING: [Vivado 12-584] No ports matched 'SW[10]'. [C:/Users/ricar/OneDrive/Escritorio/MEMORIA/CODIGOS/VIVADO/Nexys4DDR_Master.xdc:23]
CRITICAL WARNING: [Common 17-55] 'set_property' expects at least one object. [C:/Users/ricar/OneDrive/Escritorio/MEMORIA/CODIGOS/VIVADO/Nexys4DDR_Master.xdc:23]
Resolution: If [get_<value>] was used to populate the object, check to make sure this command returns at least one valid object.
WARNING: [Vivado 12-584] No ports matched 'SW[11]'. [C:/Users/ricar/OneDrive/Escritorio/MEMORIA/CODIGOS/VIVADO/Nexys4DDR_Master.xdc:24]
CRITICAL WARNING: [Common 17-55] 'set_property' expects at least one object. [C:/Users/ricar/OneDrive/Escritorio/MEMORIA/CODIGOS/VIVADO/Nexys4DDR_Master.xdc:24]
Resolution: If [get_<value>] was used to populate the object, check to make sure this command returns at least one valid object.
WARNING: [Vivado 12-584] No ports matched 'SW[12]'. [C:/Users/ricar/OneDrive/Escritorio/MEMORIA/CODIGOS/VIVADO/Nexys4DDR_Master.xdc:25]
CRITICAL WARNING: [Common 17-55] 'set_property' expects at least one object. [C:/Users/ricar/OneDrive/Escritorio/MEMORIA/CODIGOS/VIVADO/Nexys4DDR_Master.xdc:25]
Resolution: If [get_<value>] was used to populate the object, check to make sure this command returns at least one valid object.
WARNING: [Vivado 12-584] No ports matched 'SW[13]'. [C:/Users/ricar/OneDrive/Escritorio/MEMORIA/CODIGOS/VIVADO/Nexys4DDR_Master.xdc:26]
CRITICAL WARNING: [Common 17-55] 'set_property' expects at least one object. [C:/Users/ricar/OneDrive/Escritorio/MEMORIA/CODIGOS/VIVADO/Nexys4DDR_Master.xdc:26]
Resolution: If [get_<value>] was used to populate the object, check to make sure this command returns at least one valid object.
WARNING: [Vivado 12-584] No ports matched 'SW[14]'. [C:/Users/ricar/OneDrive/Escritorio/MEMORIA/CODIGOS/VIVADO/Nexys4DDR_Master.xdc:27]
CRITICAL WARNING: [Common 17-55] 'set_property' expects at least one object. [C:/Users/ricar/OneDrive/Escritorio/MEMORIA/CODIGOS/VIVADO/Nexys4DDR_Master.xdc:27]
Resolution: If [get_<value>] was used to populate the object, check to make sure this command returns at least one valid object.
WARNING: [Vivado 12-584] No ports matched 'SW[15]'. [C:/Users/ricar/OneDrive/Escritorio/MEMORIA/CODIGOS/VIVADO/Nexys4DDR_Master.xdc:28]
CRITICAL WARNING: [Common 17-55] 'set_property' expects at least one object. [C:/Users/ricar/OneDrive/Escritorio/MEMORIA/CODIGOS/VIVADO/Nexys4DDR_Master.xdc:28]
Resolution: If [get_<value>] was used to populate the object, check to make sure this command returns at least one valid object.
WARNING: [Vivado 12-584] No ports matched 'LED[8]'. [C:/Users/ricar/OneDrive/Escritorio/MEMORIA/CODIGOS/VIVADO/Nexys4DDR_Master.xdc:41]
CRITICAL WARNING: [Common 17-55] 'set_property' expects at least one object. [C:/Users/ricar/OneDrive/Escritorio/MEMORIA/CODIGOS/VIVADO/Nexys4DDR_Master.xdc:41]
Resolution: If [get_<value>] was used to populate the object, check to make sure this command returns at least one valid object.
WARNING: [Vivado 12-584] No ports matched 'LED[9]'. [C:/Users/ricar/OneDrive/Escritorio/MEMORIA/CODIGOS/VIVADO/Nexys4DDR_Master.xdc:42]
CRITICAL WARNING: [Common 17-55] 'set_property' expects at least one object. [C:/Users/ricar/OneDrive/Escritorio/MEMORIA/CODIGOS/VIVADO/Nexys4DDR_Master.xdc:42]
Resolution: If [get_<value>] was used to populate the object, check to make sure this command returns at least one valid object.
WARNING: [Vivado 12-584] No ports matched 'LED[10]'. [C:/Users/ricar/OneDrive/Escritorio/MEMORIA/CODIGOS/VIVADO/Nexys4DDR_Master.xdc:43]
CRITICAL WARNING: [Common 17-55] 'set_property' expects at least one object. [C:/Users/ricar/OneDrive/Escritorio/MEMORIA/CODIGOS/VIVADO/Nexys4DDR_Master.xdc:43]
Resolution: If [get_<value>] was used to populate the object, check to make sure this command returns at least one valid object.
WARNING: [Vivado 12-584] No ports matched 'LED[11]'. [C:/Users/ricar/OneDrive/Escritorio/MEMORIA/CODIGOS/VIVADO/Nexys4DDR_Master.xdc:44]
CRITICAL WARNING: [Common 17-55] 'set_property' expects at least one object. [C:/Users/ricar/OneDrive/Escritorio/MEMORIA/CODIGOS/VIVADO/Nexys4DDR_Master.xdc:44]
Resolution: If [get_<value>] was used to populate the object, check to make sure this command returns at least one valid object.
WARNING: [Vivado 12-584] No ports matched 'LED[12]'. [C:/Users/ricar/OneDrive/Escritorio/MEMORIA/CODIGOS/VIVADO/Nexys4DDR_Master.xdc:45]
CRITICAL WARNING: [Common 17-55] 'set_property' expects at least one object. [C:/Users/ricar/OneDrive/Escritorio/MEMORIA/CODIGOS/VIVADO/Nexys4DDR_Master.xdc:45]
Resolution: If [get_<value>] was used to populate the object, check to make sure this command returns at least one valid object.
WARNING: [Vivado 12-584] No ports matched 'LED[13]'. [C:/Users/ricar/OneDrive/Escritorio/MEMORIA/CODIGOS/VIVADO/Nexys4DDR_Master.xdc:46]
CRITICAL WARNING: [Common 17-55] 'set_property' expects at least one object. [C:/Users/ricar/OneDrive/Escritorio/MEMORIA/CODIGOS/VIVADO/Nexys4DDR_Master.xdc:46]
Resolution: If [get_<value>] was used to populate the object, check to make sure this command returns at least one valid object.
WARNING: [Vivado 12-584] No ports matched 'LED[14]'. [C:/Users/ricar/OneDrive/Escritorio/MEMORIA/CODIGOS/VIVADO/Nexys4DDR_Master.xdc:47]
CRITICAL WARNING: [Common 17-55] 'set_property' expects at least one object. [C:/Users/ricar/OneDrive/Escritorio/MEMORIA/CODIGOS/VIVADO/Nexys4DDR_Master.xdc:47]
Resolution: If [get_<value>] was used to populate the object, check to make sure this command returns at least one valid object.
WARNING: [Vivado 12-584] No ports matched 'LED[15]'. [C:/Users/ricar/OneDrive/Escritorio/MEMORIA/CODIGOS/VIVADO/Nexys4DDR_Master.xdc:48]
CRITICAL WARNING: [Common 17-55] 'set_property' expects at least one object. [C:/Users/ricar/OneDrive/Escritorio/MEMORIA/CODIGOS/VIVADO/Nexys4DDR_Master.xdc:48]
Resolution: If [get_<value>] was used to populate the object, check to make sure this command returns at least one valid object.
WARNING: [Vivado 12-584] No ports matched 'LED16_B'. [C:/Users/ricar/OneDrive/Escritorio/MEMORIA/CODIGOS/VIVADO/Nexys4DDR_Master.xdc:50]
CRITICAL WARNING: [Common 17-55] 'set_property' expects at least one object. [C:/Users/ricar/OneDrive/Escritorio/MEMORIA/CODIGOS/VIVADO/Nexys4DDR_Master.xdc:50]
Resolution: If [get_<value>] was used to populate the object, check to make sure this command returns at least one valid object.
WARNING: [Vivado 12-584] No ports matched 'LED16_G'. [C:/Users/ricar/OneDrive/Escritorio/MEMORIA/CODIGOS/VIVADO/Nexys4DDR_Master.xdc:51]
CRITICAL WARNING: [Common 17-55] 'set_property' expects at least one object. [C:/Users/ricar/OneDrive/Escritorio/MEMORIA/CODIGOS/VIVADO/Nexys4DDR_Master.xdc:51]
Resolution: If [get_<value>] was used to populate the object, check to make sure this command returns at least one valid object.
WARNING: [Vivado 12-584] No ports matched 'LED16_R'. [C:/Users/ricar/OneDrive/Escritorio/MEMORIA/CODIGOS/VIVADO/Nexys4DDR_Master.xdc:52]
CRITICAL WARNING: [Common 17-55] 'set_property' expects at least one object. [C:/Users/ricar/OneDrive/Escritorio/MEMORIA/CODIGOS/VIVADO/Nexys4DDR_Master.xdc:52]
Resolution: If [get_<value>] was used to populate the object, check to make sure this command returns at least one valid object.
WARNING: [Vivado 12-584] No ports matched 'LED17_B'. [C:/Users/ricar/OneDrive/Escritorio/MEMORIA/CODIGOS/VIVADO/Nexys4DDR_Master.xdc:53]
CRITICAL WARNING: [Common 17-55] 'set_property' expects at least one object. [C:/Users/ricar/OneDrive/Escritorio/MEMORIA/CODIGOS/VIVADO/Nexys4DDR_Master.xdc:53]
Resolution: If [get_<value>] was used to populate the object, check to make sure this command returns at least one valid object.
WARNING: [Vivado 12-584] No ports matched 'LED17_G'. [C:/Users/ricar/OneDrive/Escritorio/MEMORIA/CODIGOS/VIVADO/Nexys4DDR_Master.xdc:54]
CRITICAL WARNING: [Common 17-55] 'set_property' expects at least one object. [C:/Users/ricar/OneDrive/Escritorio/MEMORIA/CODIGOS/VIVADO/Nexys4DDR_Master.xdc:54]
Resolution: If [get_<value>] was used to populate the object, check to make sure this command returns at least one valid object.
WARNING: [Vivado 12-584] No ports matched 'LED17_R'. [C:/Users/ricar/OneDrive/Escritorio/MEMORIA/CODIGOS/VIVADO/Nexys4DDR_Master.xdc:55]
CRITICAL WARNING: [Common 17-55] 'set_property' expects at least one object. [C:/Users/ricar/OneDrive/Escritorio/MEMORIA/CODIGOS/VIVADO/Nexys4DDR_Master.xdc:55]
Resolution: If [get_<value>] was used to populate the object, check to make sure this command returns at least one valid object.
WARNING: [Vivado 12-584] No ports matched 'CA'. [C:/Users/ricar/OneDrive/Escritorio/MEMORIA/CODIGOS/VIVADO/Nexys4DDR_Master.xdc:60]
CRITICAL WARNING: [Common 17-55] 'set_property' expects at least one object. [C:/Users/ricar/OneDrive/Escritorio/MEMORIA/CODIGOS/VIVADO/Nexys4DDR_Master.xdc:60]
Resolution: If [get_<value>] was used to populate the object, check to make sure this command returns at least one valid object.
WARNING: [Vivado 12-584] No ports matched 'CB'. [C:/Users/ricar/OneDrive/Escritorio/MEMORIA/CODIGOS/VIVADO/Nexys4DDR_Master.xdc:61]
CRITICAL WARNING: [Common 17-55] 'set_property' expects at least one object. [C:/Users/ricar/OneDrive/Escritorio/MEMORIA/CODIGOS/VIVADO/Nexys4DDR_Master.xdc:61]
Resolution: If [get_<value>] was used to populate the object, check to make sure this command returns at least one valid object.
WARNING: [Vivado 12-584] No ports matched 'CC'. [C:/Users/ricar/OneDrive/Escritorio/MEMORIA/CODIGOS/VIVADO/Nexys4DDR_Master.xdc:62]
CRITICAL WARNING: [Common 17-55] 'set_property' expects at least one object. [C:/Users/ricar/OneDrive/Escritorio/MEMORIA/CODIGOS/VIVADO/Nexys4DDR_Master.xdc:62]
Resolution: If [get_<value>] was used to populate the object, check to make sure this command returns at least one valid object.
WARNING: [Vivado 12-584] No ports matched 'CD'. [C:/Users/ricar/OneDrive/Escritorio/MEMORIA/CODIGOS/VIVADO/Nexys4DDR_Master.xdc:63]
CRITICAL WARNING: [Common 17-55] 'set_property' expects at least one object. [C:/Users/ricar/OneDrive/Escritorio/MEMORIA/CODIGOS/VIVADO/Nexys4DDR_Master.xdc:63]
Resolution: If [get_<value>] was used to populate the object, check to make sure this command returns at least one valid object.
WARNING: [Vivado 12-584] No ports matched 'CE'. [C:/Users/ricar/OneDrive/Escritorio/MEMORIA/CODIGOS/VIVADO/Nexys4DDR_Master.xdc:64]
CRITICAL WARNING: [Common 17-55] 'set_property' expects at least one object. [C:/Users/ricar/OneDrive/Escritorio/MEMORIA/CODIGOS/VIVADO/Nexys4DDR_Master.xdc:64]
Resolution: If [get_<value>] was used to populate the object, check to make sure this command returns at least one valid object.
WARNING: [Vivado 12-584] No ports matched 'CF'. [C:/Users/ricar/OneDrive/Escritorio/MEMORIA/CODIGOS/VIVADO/Nexys4DDR_Master.xdc:65]
CRITICAL WARNING: [Common 17-55] 'set_property' expects at least one object. [C:/Users/ricar/OneDrive/Escritorio/MEMORIA/CODIGOS/VIVADO/Nexys4DDR_Master.xdc:65]
Resolution: If [get_<value>] was used to populate the object, check to make sure this command returns at least one valid object.
WARNING: [Vivado 12-584] No ports matched 'CG'. [C:/Users/ricar/OneDrive/Escritorio/MEMORIA/CODIGOS/VIVADO/Nexys4DDR_Master.xdc:66]
CRITICAL WARNING: [Common 17-55] 'set_property' expects at least one object. [C:/Users/ricar/OneDrive/Escritorio/MEMORIA/CODIGOS/VIVADO/Nexys4DDR_Master.xdc:66]
Resolution: If [get_<value>] was used to populate the object, check to make sure this command returns at least one valid object.
WARNING: [Vivado 12-584] No ports matched 'DP'. [C:/Users/ricar/OneDrive/Escritorio/MEMORIA/CODIGOS/VIVADO/Nexys4DDR_Master.xdc:68]
CRITICAL WARNING: [Common 17-55] 'set_property' expects at least one object. [C:/Users/ricar/OneDrive/Escritorio/MEMORIA/CODIGOS/VIVADO/Nexys4DDR_Master.xdc:68]
Resolution: If [get_<value>] was used to populate the object, check to make sure this command returns at least one valid object.
WARNING: [Vivado 12-584] No ports matched 'AN[0]'. [C:/Users/ricar/OneDrive/Escritorio/MEMORIA/CODIGOS/VIVADO/Nexys4DDR_Master.xdc:70]
CRITICAL WARNING: [Common 17-55] 'set_property' expects at least one object. [C:/Users/ricar/OneDrive/Escritorio/MEMORIA/CODIGOS/VIVADO/Nexys4DDR_Master.xdc:70]
Resolution: If [get_<value>] was used to populate the object, check to make sure this command returns at least one valid object.
WARNING: [Vivado 12-584] No ports matched 'AN[1]'. [C:/Users/ricar/OneDrive/Escritorio/MEMORIA/CODIGOS/VIVADO/Nexys4DDR_Master.xdc:71]
CRITICAL WARNING: [Common 17-55] 'set_property' expects at least one object. [C:/Users/ricar/OneDrive/Escritorio/MEMORIA/CODIGOS/VIVADO/Nexys4DDR_Master.xdc:71]
Resolution: If [get_<value>] was used to populate the object, check to make sure this command returns at least one valid object.
WARNING: [Vivado 12-584] No ports matched 'AN[2]'. [C:/Users/ricar/OneDrive/Escritorio/MEMORIA/CODIGOS/VIVADO/Nexys4DDR_Master.xdc:72]
CRITICAL WARNING: [Common 17-55] 'set_property' expects at least one object. [C:/Users/ricar/OneDrive/Escritorio/MEMORIA/CODIGOS/VIVADO/Nexys4DDR_Master.xdc:72]
Resolution: If [get_<value>] was used to populate the object, check to make sure this command returns at least one valid object.
WARNING: [Vivado 12-584] No ports matched 'AN[3]'. [C:/Users/ricar/OneDrive/Escritorio/MEMORIA/CODIGOS/VIVADO/Nexys4DDR_Master.xdc:73]
CRITICAL WARNING: [Common 17-55] 'set_property' expects at least one object. [C:/Users/ricar/OneDrive/Escritorio/MEMORIA/CODIGOS/VIVADO/Nexys4DDR_Master.xdc:73]
Resolution: If [get_<value>] was used to populate the object, check to make sure this command returns at least one valid object.
WARNING: [Vivado 12-584] No ports matched 'AN[4]'. [C:/Users/ricar/OneDrive/Escritorio/MEMORIA/CODIGOS/VIVADO/Nexys4DDR_Master.xdc:74]
CRITICAL WARNING: [Common 17-55] 'set_property' expects at least one object. [C:/Users/ricar/OneDrive/Escritorio/MEMORIA/CODIGOS/VIVADO/Nexys4DDR_Master.xdc:74]
Resolution: If [get_<value>] was used to populate the object, check to make sure this command returns at least one valid object.
WARNING: [Vivado 12-584] No ports matched 'AN[5]'. [C:/Users/ricar/OneDrive/Escritorio/MEMORIA/CODIGOS/VIVADO/Nexys4DDR_Master.xdc:75]
CRITICAL WARNING: [Common 17-55] 'set_property' expects at least one object. [C:/Users/ricar/OneDrive/Escritorio/MEMORIA/CODIGOS/VIVADO/Nexys4DDR_Master.xdc:75]
Resolution: If [get_<value>] was used to populate the object, check to make sure this command returns at least one valid object.
WARNING: [Vivado 12-584] No ports matched 'AN[6]'. [C:/Users/ricar/OneDrive/Escritorio/MEMORIA/CODIGOS/VIVADO/Nexys4DDR_Master.xdc:76]
CRITICAL WARNING: [Common 17-55] 'set_property' expects at least one object. [C:/Users/ricar/OneDrive/Escritorio/MEMORIA/CODIGOS/VIVADO/Nexys4DDR_Master.xdc:76]
Resolution: If [get_<value>] was used to populate the object, check to make sure this command returns at least one valid object.
WARNING: [Vivado 12-584] No ports matched 'AN[7]'. [C:/Users/ricar/OneDrive/Escritorio/MEMORIA/CODIGOS/VIVADO/Nexys4DDR_Master.xdc:77]
CRITICAL WARNING: [Common 17-55] 'set_property' expects at least one object. [C:/Users/ricar/OneDrive/Escritorio/MEMORIA/CODIGOS/VIVADO/Nexys4DDR_Master.xdc:77]
Resolution: If [get_<value>] was used to populate the object, check to make sure this command returns at least one valid object.
WARNING: [Vivado 12-584] No ports matched 'BTNC'. [C:/Users/ricar/OneDrive/Escritorio/MEMORIA/CODIGOS/VIVADO/Nexys4DDR_Master.xdc:84]
CRITICAL WARNING: [Common 17-55] 'set_property' expects at least one object. [C:/Users/ricar/OneDrive/Escritorio/MEMORIA/CODIGOS/VIVADO/Nexys4DDR_Master.xdc:84]
Resolution: If [get_<value>] was used to populate the object, check to make sure this command returns at least one valid object.
WARNING: [Vivado 12-584] No ports matched 'VGA_R[0]'. [C:/Users/ricar/OneDrive/Escritorio/MEMORIA/CODIGOS/VIVADO/Nexys4DDR_Master.xdc:156]
CRITICAL WARNING: [Common 17-55] 'set_property' expects at least one object. [C:/Users/ricar/OneDrive/Escritorio/MEMORIA/CODIGOS/VIVADO/Nexys4DDR_Master.xdc:156]
Resolution: If [get_<value>] was used to populate the object, check to make sure this command returns at least one valid object.
WARNING: [Vivado 12-584] No ports matched 'VGA_R[1]'. [C:/Users/ricar/OneDrive/Escritorio/MEMORIA/CODIGOS/VIVADO/Nexys4DDR_Master.xdc:157]
CRITICAL WARNING: [Common 17-55] 'set_property' expects at least one object. [C:/Users/ricar/OneDrive/Escritorio/MEMORIA/CODIGOS/VIVADO/Nexys4DDR_Master.xdc:157]
Resolution: If [get_<value>] was used to populate the object, check to make sure this command returns at least one valid object.
WARNING: [Vivado 12-584] No ports matched 'VGA_R[2]'. [C:/Users/ricar/OneDrive/Escritorio/MEMORIA/CODIGOS/VIVADO/Nexys4DDR_Master.xdc:158]
CRITICAL WARNING: [Common 17-55] 'set_property' expects at least one object. [C:/Users/ricar/OneDrive/Escritorio/MEMORIA/CODIGOS/VIVADO/Nexys4DDR_Master.xdc:158]
Resolution: If [get_<value>] was used to populate the object, check to make sure this command returns at least one valid object.
WARNING: [Vivado 12-584] No ports matched 'VGA_R[3]'. [C:/Users/ricar/OneDrive/Escritorio/MEMORIA/CODIGOS/VIVADO/Nexys4DDR_Master.xdc:159]
CRITICAL WARNING: [Common 17-55] 'set_property' expects at least one object. [C:/Users/ricar/OneDrive/Escritorio/MEMORIA/CODIGOS/VIVADO/Nexys4DDR_Master.xdc:159]
Resolution: If [get_<value>] was used to populate the object, check to make sure this command returns at least one valid object.
WARNING: [Vivado 12-584] No ports matched 'VGA_G[0]'. [C:/Users/ricar/OneDrive/Escritorio/MEMORIA/CODIGOS/VIVADO/Nexys4DDR_Master.xdc:161]
CRITICAL WARNING: [Common 17-55] 'set_property' expects at least one object. [C:/Users/ricar/OneDrive/Escritorio/MEMORIA/CODIGOS/VIVADO/Nexys4DDR_Master.xdc:161]
Resolution: If [get_<value>] was used to populate the object, check to make sure this command returns at least one valid object.
WARNING: [Vivado 12-584] No ports matched 'VGA_G[1]'. [C:/Users/ricar/OneDrive/Escritorio/MEMORIA/CODIGOS/VIVADO/Nexys4DDR_Master.xdc:162]
CRITICAL WARNING: [Common 17-55] 'set_property' expects at least one object. [C:/Users/ricar/OneDrive/Escritorio/MEMORIA/CODIGOS/VIVADO/Nexys4DDR_Master.xdc:162]
Resolution: If [get_<value>] was used to populate the object, check to make sure this command returns at least one valid object.
WARNING: [Vivado 12-584] No ports matched 'VGA_G[2]'. [C:/Users/ricar/OneDrive/Escritorio/MEMORIA/CODIGOS/VIVADO/Nexys4DDR_Master.xdc:163]
CRITICAL WARNING: [Common 17-55] 'set_property' expects at least one object. [C:/Users/ricar/OneDrive/Escritorio/MEMORIA/CODIGOS/VIVADO/Nexys4DDR_Master.xdc:163]
Resolution: If [get_<value>] was used to populate the object, check to make sure this command returns at least one valid object.
WARNING: [Vivado 12-584] No ports matched 'VGA_G[3]'. [C:/Users/ricar/OneDrive/Escritorio/MEMORIA/CODIGOS/VIVADO/Nexys4DDR_Master.xdc:164]
CRITICAL WARNING: [Common 17-55] 'set_property' expects at least one object. [C:/Users/ricar/OneDrive/Escritorio/MEMORIA/CODIGOS/VIVADO/Nexys4DDR_Master.xdc:164]
Resolution: If [get_<value>] was used to populate the object, check to make sure this command returns at least one valid object.
WARNING: [Vivado 12-584] No ports matched 'VGA_B[0]'. [C:/Users/ricar/OneDrive/Escritorio/MEMORIA/CODIGOS/VIVADO/Nexys4DDR_Master.xdc:166]
CRITICAL WARNING: [Common 17-55] 'set_property' expects at least one object. [C:/Users/ricar/OneDrive/Escritorio/MEMORIA/CODIGOS/VIVADO/Nexys4DDR_Master.xdc:166]
Resolution: If [get_<value>] was used to populate the object, check to make sure this command returns at least one valid object.
WARNING: [Vivado 12-584] No ports matched 'VGA_B[1]'. [C:/Users/ricar/OneDrive/Escritorio/MEMORIA/CODIGOS/VIVADO/Nexys4DDR_Master.xdc:167]
CRITICAL WARNING: [Common 17-55] 'set_property' expects at least one object. [C:/Users/ricar/OneDrive/Escritorio/MEMORIA/CODIGOS/VIVADO/Nexys4DDR_Master.xdc:167]
Resolution: If [get_<value>] was used to populate the object, check to make sure this command returns at least one valid object.
WARNING: [Vivado 12-584] No ports matched 'VGA_B[2]'. [C:/Users/ricar/OneDrive/Escritorio/MEMORIA/CODIGOS/VIVADO/Nexys4DDR_Master.xdc:168]
CRITICAL WARNING: [Common 17-55] 'set_property' expects at least one object. [C:/Users/ricar/OneDrive/Escritorio/MEMORIA/CODIGOS/VIVADO/Nexys4DDR_Master.xdc:168]
Resolution: If [get_<value>] was used to populate the object, check to make sure this command returns at least one valid object.
WARNING: [Vivado 12-584] No ports matched 'VGA_B[3]'. [C:/Users/ricar/OneDrive/Escritorio/MEMORIA/CODIGOS/VIVADO/Nexys4DDR_Master.xdc:169]
CRITICAL WARNING: [Common 17-55] 'set_property' expects at least one object. [C:/Users/ricar/OneDrive/Escritorio/MEMORIA/CODIGOS/VIVADO/Nexys4DDR_Master.xdc:169]
Resolution: If [get_<value>] was used to populate the object, check to make sure this command returns at least one valid object.
WARNING: [Vivado 12-584] No ports matched 'VGA_HS'. [C:/Users/ricar/OneDrive/Escritorio/MEMORIA/CODIGOS/VIVADO/Nexys4DDR_Master.xdc:171]
CRITICAL WARNING: [Common 17-55] 'set_property' expects at least one object. [C:/Users/ricar/OneDrive/Escritorio/MEMORIA/CODIGOS/VIVADO/Nexys4DDR_Master.xdc:171]
Resolution: If [get_<value>] was used to populate the object, check to make sure this command returns at least one valid object.
WARNING: [Vivado 12-584] No ports matched 'VGA_VS'. [C:/Users/ricar/OneDrive/Escritorio/MEMORIA/CODIGOS/VIVADO/Nexys4DDR_Master.xdc:172]
CRITICAL WARNING: [Common 17-55] 'set_property' expects at least one object. [C:/Users/ricar/OneDrive/Escritorio/MEMORIA/CODIGOS/VIVADO/Nexys4DDR_Master.xdc:172]
Resolution: If [get_<value>] was used to populate the object, check to make sure this command returns at least one valid object.
WARNING: [Vivado 12-584] No ports matched 'uart_tx_usb'. [C:/Users/ricar/OneDrive/Escritorio/MEMORIA/CODIGOS/VIVADO/Nexys4DDR_Master.xdc:220]
CRITICAL WARNING: [Common 17-55] 'set_property' expects at least one object. [C:/Users/ricar/OneDrive/Escritorio/MEMORIA/CODIGOS/VIVADO/Nexys4DDR_Master.xdc:220]
Resolution: If [get_<value>] was used to populate the object, check to make sure this command returns at least one valid object.
Finished Parsing XDC File [C:/Users/ricar/OneDrive/Escritorio/MEMORIA/CODIGOS/VIVADO/Nexys4DDR_Master.xdc]
INFO: [Project 1-236] Implementation specific constraints were found while reading constraint file [C:/Users/ricar/OneDrive/Escritorio/MEMORIA/CODIGOS/VIVADO/Nexys4DDR_Master.xdc]. These constraints will be ignored for synthesis but will be used in implementation. Impacted constraints are listed in the file [.Xil/TOP_UART_propImpl.xdc].
Resolution: To avoid this warning, move constraints listed in [.Xil/TOP_UART_propImpl.xdc] to another XDC file and exclude this new file from synthesis with the used_in_synthesis property (File Properties dialog in GUI) and re-run elaboration/synthesis.
Completed Processing XDC Constraints

Netlist sorting complete. Time (s): cpu = 00:00:00 ; elapsed = 00:00:00.001 . Memory (MB): peak = 1299.863 ; gain = 0.000
INFO: [Project 1-111] Unisim Transformation Summary:
No Unisim elements were transformed.

Constraint Validation Runtime : Time (s): cpu = 00:00:00 ; elapsed = 00:00:00.003 . Memory (MB): peak = 1299.863 ; gain = 0.000
INFO: [Designutils 20-5440] No compile time benefit to using incremental synthesis; A full resynthesis will be run
INFO: [Designutils 20-4379] Flow is switching to default flow due to incremental criteria not met. If you would like to alter this behaviour and have the flow terminate instead, please set the following parameter config_implementation {autoIncr.Synth.RejectBehavior Terminate}
---------------------------------------------------------------------------------
Finished Constraint Validation : Time (s): cpu = 00:00:15 ; elapsed = 00:00:16 . Memory (MB): peak = 1299.863 ; gain = 20.867
---------------------------------------------------------------------------------
---------------------------------------------------------------------------------
Start Loading Part and Timing Information
---------------------------------------------------------------------------------
Loading part: xc7a100tcsg324-1
---------------------------------------------------------------------------------
Finished Loading Part and Timing Information : Time (s): cpu = 00:00:15 ; elapsed = 00:00:16 . Memory (MB): peak = 1299.863 ; gain = 20.867
---------------------------------------------------------------------------------
---------------------------------------------------------------------------------
Start Applying 'set_property' XDC Constraints
---------------------------------------------------------------------------------
---------------------------------------------------------------------------------
Finished applying 'set_property' XDC Constraints : Time (s): cpu = 00:00:15 ; elapsed = 00:00:16 . Memory (MB): peak = 1299.863 ; gain = 20.867
---------------------------------------------------------------------------------
INFO: [Synth 8-802] inferred FSM for state register 'state_reg' in module 'uart_rx'
---------------------------------------------------------------------------------------------------
                   State |                     New Encoding |                Previous Encoding 
---------------------------------------------------------------------------------------------------
                 RX_IDLE |                              000 |                              000
                RX_START |                              001 |                              001
                 RX_RECV |                              010 |                              010
                 RX_STOP |                              011 |                              011
                RX_READY |                              100 |                              100
---------------------------------------------------------------------------------------------------
INFO: [Synth 8-3354] encoded FSM with state register 'state_reg' using encoding 'sequential' in module 'uart_rx'
---------------------------------------------------------------------------------
Finished RTL Optimization Phase 2 : Time (s): cpu = 00:00:16 ; elapsed = 00:00:17 . Memory (MB): peak = 1299.863 ; gain = 20.867
---------------------------------------------------------------------------------
---------------------------------------------------------------------------------
Start RTL Component Statistics 
---------------------------------------------------------------------------------
Detailed RTL Component Info : 
+---Adders : 
	   2 Input   19 Bit       Adders := 1     
	   2 Input    3 Bit       Adders := 2     
	   2 Input    2 Bit       Adders := 1     
+---Registers : 
	               19 Bit    Registers := 1     
	                8 Bit    Registers := 2     
	                3 Bit    Registers := 2     
	                2 Bit    Registers := 2     
	                1 Bit    Registers := 3     
+---Muxes : 
	   4 Input    3 Bit        Muxes := 2     
	   5 Input    3 Bit        Muxes := 1     
	   2 Input    3 Bit        Muxes := 1     
	   2 Input    2 Bit        Muxes := 1     
	   2 Input    1 Bit        Muxes := 1     
	   3 Input    1 Bit        Muxes := 1     
	   4 Input    1 Bit        Muxes := 3     
	   5 Input    1 Bit        Muxes := 1     
---------------------------------------------------------------------------------
Finished RTL Component Statistics 
---------------------------------------------------------------------------------
---------------------------------------------------------------------------------
Start Part Resource Summary
---------------------------------------------------------------------------------
Part Resources:
DSPs: 240 (col length:80)
BRAMs: 270 (col length: RAMB18 80 RAMB36 40)
---------------------------------------------------------------------------------
Finished Part Resource Summary
---------------------------------------------------------------------------------
---------------------------------------------------------------------------------
Start Cross Boundary and Area Optimization
---------------------------------------------------------------------------------
WARNING: [Synth 8-7080] Parallel synthesis criteria is not met
WARNING: [Synth 8-7129] Port CLK100MHZ in module TOP_UART is either unconnected or has no load
WARNING: [Synth 8-7129] Port uart_rx in module TOP_UART is either unconnected or has no load
WARNING: [Synth 8-7129] Port CPU_RESETN in module TOP_UART is either unconnected or has no load
---------------------------------------------------------------------------------
Finished Cross Boundary and Area Optimization : Time (s): cpu = 00:00:18 ; elapsed = 00:00:19 . Memory (MB): peak = 1299.863 ; gain = 20.867
---------------------------------------------------------------------------------
---------------------------------------------------------------------------------
Start Applying XDC Timing Constraints
---------------------------------------------------------------------------------
---------------------------------------------------------------------------------
Finished Applying XDC Timing Constraints : Time (s): cpu = 00:00:24 ; elapsed = 00:00:25 . Memory (MB): peak = 1299.863 ; gain = 20.867
---------------------------------------------------------------------------------
---------------------------------------------------------------------------------
Start Timing Optimization
---------------------------------------------------------------------------------
---------------------------------------------------------------------------------
Finished Timing Optimization : Time (s): cpu = 00:00:24 ; elapsed = 00:00:25 . Memory (MB): peak = 1299.863 ; gain = 20.867
---------------------------------------------------------------------------------
---------------------------------------------------------------------------------
Start Technology Mapping
---------------------------------------------------------------------------------
WARNING: [Synth 8-3332] Sequential element (uart_rx_blk/FSM_sequential_state_reg[2]) is unused and will be removed from module TOP_UART.
WARNING: [Synth 8-3332] Sequential element (uart_rx_blk/FSM_sequential_state_reg[1]) is unused and will be removed from module TOP_UART.
WARNING: [Synth 8-3332] Sequential element (uart_rx_blk/FSM_sequential_state_reg[0]) is unused and will be removed from module TOP_UART.
---------------------------------------------------------------------------------
Finished Technology Mapping : Time (s): cpu = 00:00:24 ; elapsed = 00:00:25 . Memory (MB): peak = 1299.863 ; gain = 20.867
---------------------------------------------------------------------------------
---------------------------------------------------------------------------------
Start IO Insertion
---------------------------------------------------------------------------------
---------------------------------------------------------------------------------
Start Flattening Before IO Insertion
---------------------------------------------------------------------------------
---------------------------------------------------------------------------------
Finished Flattening Before IO Insertion
---------------------------------------------------------------------------------
---------------------------------------------------------------------------------
Start Final Netlist Cleanup
---------------------------------------------------------------------------------
---------------------------------------------------------------------------------
Finished Final Netlist Cleanup
---------------------------------------------------------------------------------
---------------------------------------------------------------------------------
Finished IO Insertion : Time (s): cpu = 00:00:29 ; elapsed = 00:00:31 . Memory (MB): peak = 1299.863 ; gain = 20.867
---------------------------------------------------------------------------------
---------------------------------------------------------------------------------
Start Renaming Generated Instances
---------------------------------------------------------------------------------
---------------------------------------------------------------------------------
Finished Renaming Generated Instances : Time (s): cpu = 00:00:29 ; elapsed = 00:00:31 . Memory (MB): peak = 1299.863 ; gain = 20.867
---------------------------------------------------------------------------------
---------------------------------------------------------------------------------
Start Rebuilding User Hierarchy
---------------------------------------------------------------------------------
---------------------------------------------------------------------------------
Finished Rebuilding User Hierarchy : Time (s): cpu = 00:00:29 ; elapsed = 00:00:31 . Memory (MB): peak = 1299.863 ; gain = 20.867
---------------------------------------------------------------------------------
---------------------------------------------------------------------------------
Start Renaming Generated Ports
---------------------------------------------------------------------------------
---------------------------------------------------------------------------------
Finished Renaming Generated Ports : Time (s): cpu = 00:00:29 ; elapsed = 00:00:31 . Memory (MB): peak = 1299.863 ; gain = 20.867
---------------------------------------------------------------------------------
---------------------------------------------------------------------------------
Start Handling Custom Attributes
---------------------------------------------------------------------------------
---------------------------------------------------------------------------------
Finished Handling Custom Attributes : Time (s): cpu = 00:00:29 ; elapsed = 00:00:31 . Memory (MB): peak = 1299.863 ; gain = 20.867
---------------------------------------------------------------------------------
---------------------------------------------------------------------------------
Start Renaming Generated Nets
---------------------------------------------------------------------------------
---------------------------------------------------------------------------------
Finished Renaming Generated Nets : Time (s): cpu = 00:00:29 ; elapsed = 00:00:31 . Memory (MB): peak = 1299.863 ; gain = 20.867
---------------------------------------------------------------------------------
---------------------------------------------------------------------------------
Start Writing Synthesis Report
---------------------------------------------------------------------------------

Report BlackBoxes: 
+-+--------------+----------+
| |BlackBox name |Instances |
+-+--------------+----------+
+-+--------------+----------+

Report Cell Usage: 
+------+-------+------+
|      |Cell   |Count |
+------+-------+------+
|1     |CARRY4 |     4|
|2     |LUT1   |     5|
|3     |FDRE   |    19|
|4     |OBUF   |     8|
+------+-------+------+
---------------------------------------------------------------------------------
Finished Writing Synthesis Report : Time (s): cpu = 00:00:29 ; elapsed = 00:00:31 . Memory (MB): peak = 1299.863 ; gain = 20.867
---------------------------------------------------------------------------------
Synthesis finished with 0 errors, 0 critical warnings and 7 warnings.
Synthesis Optimization Runtime : Time (s): cpu = 00:00:20 ; elapsed = 00:00:29 . Memory (MB): peak = 1299.863 ; gain = 0.000
Synthesis Optimization Complete : Time (s): cpu = 00:00:29 ; elapsed = 00:00:31 . Memory (MB): peak = 1299.863 ; gain = 20.867
INFO: [Project 1-571] Translating synthesized netlist
Netlist sorting complete. Time (s): cpu = 00:00:00 ; elapsed = 00:00:00.001 . Memory (MB): peak = 1299.863 ; gain = 0.000
INFO: [Netlist 29-17] Analyzing 4 Unisim elements for replacement
INFO: [Netlist 29-28] Unisim Transformation completed in 0 CPU seconds
INFO: [Project 1-570] Preparing netlist for logic optimization
INFO: [Opt 31-138] Pushed 0 inverter(s) to 0 load pin(s).
Netlist sorting complete. Time (s): cpu = 00:00:00 ; elapsed = 00:00:00.001 . Memory (MB): peak = 1299.863 ; gain = 0.000
INFO: [Project 1-111] Unisim Transformation Summary:
No Unisim elements were transformed.

Synth Design complete, checksum: cad38829
INFO: [Common 17-83] Releasing license: Synthesis
32 Infos, 76 Warnings, 62 Critical Warnings and 0 Errors encountered.
synth_design completed successfully
synth_design: Time (s): cpu = 00:00:33 ; elapsed = 00:00:41 . Memory (MB): peak = 1299.863 ; gain = 20.867
INFO: [runtcl-6] Synthesis results are not added to the cache due to CRITICAL_WARNING
INFO: [Common 17-1381] The checkpoint 'C:/Users/ricar/OneDrive/Escritorio/MEMORIA/CODIGOS/VIVADO/UART/UART.runs/synth_1/TOP_UART.dcp' has been generated.
INFO: [runtcl-4] Executing : report_utilization -file TOP_UART_utilization_synth.rpt -pb TOP_UART_utilization_synth.pb
INFO: [Common 17-206] Exiting Vivado at Fri Sep 30 23:55:04 2022...
