
*** Running vivado
    with args -log blk_mem_gen_0.vds -m64 -product Vivado -mode batch -messageDb vivado.pb -notrace -source blk_mem_gen_0.tcl


****** Vivado v2017.4 (64-bit)
  **** SW Build 2086221 on Fri Dec 15 20:55:39 MST 2017
  **** IP Build 2085800 on Fri Dec 15 22:25:07 MST 2017
    ** Copyright 1986-2017 Xilinx, Inc. All Rights Reserved.

source blk_mem_gen_0.tcl -notrace
Command: synth_design -top blk_mem_gen_0 -part xc7a100tcsg324-1 -mode out_of_context
Starting synth_design
Attempting to get a license for feature 'Synthesis' and/or device 'xc7a100t'
INFO: [Common 17-349] Got license for feature 'Synthesis' and/or device 'xc7a100t'
INFO: Launching helper process for spawning children vivado processes
INFO: Helper process launched with PID 8972 
---------------------------------------------------------------------------------
Starting RTL Elaboration : Time (s): cpu = 00:00:12 ; elapsed = 00:00:14 . Memory (MB): peak = 356.328 ; gain = 100.262
---------------------------------------------------------------------------------
INFO: [Synth 8-638] synthesizing module 'blk_mem_gen_0' [c:/Users/ricar/Desktop/Lab. Digitales/sesion 9/sesion 9/sesion 9.srcs/sources_1/ip/blk_mem_gen_0_1/synth/blk_mem_gen_0.vhd:73]
	Parameter C_FAMILY bound to: artix7 - type: string 
	Parameter C_XDEVICEFAMILY bound to: artix7 - type: string 
	Parameter C_ELABORATION_DIR bound to: ./ - type: string 
	Parameter C_INTERFACE_TYPE bound to: 0 - type: integer 
	Parameter C_AXI_TYPE bound to: 1 - type: integer 
	Parameter C_AXI_SLAVE_TYPE bound to: 0 - type: integer 
	Parameter C_USE_BRAM_BLOCK bound to: 0 - type: integer 
	Parameter C_ENABLE_32BIT_ADDRESS bound to: 0 - type: integer 
	Parameter C_CTRL_ECC_ALGO bound to: NONE - type: string 
	Parameter C_HAS_AXI_ID bound to: 0 - type: integer 
	Parameter C_AXI_ID_WIDTH bound to: 4 - type: integer 
	Parameter C_MEM_TYPE bound to: 1 - type: integer 
	Parameter C_BYTE_SIZE bound to: 9 - type: integer 
	Parameter C_ALGORITHM bound to: 1 - type: integer 
	Parameter C_PRIM_TYPE bound to: 1 - type: integer 
	Parameter C_LOAD_INIT_FILE bound to: 0 - type: integer 
	Parameter C_INIT_FILE_NAME bound to: no_coe_file_loaded - type: string 
	Parameter C_INIT_FILE bound to: blk_mem_gen_0.mem - type: string 
	Parameter C_USE_DEFAULT_DATA bound to: 0 - type: integer 
	Parameter C_DEFAULT_DATA bound to: 0 - type: string 
	Parameter C_HAS_RSTA bound to: 0 - type: integer 
	Parameter C_RST_PRIORITY_A bound to: CE - type: string 
	Parameter C_RSTRAM_A bound to: 0 - type: integer 
	Parameter C_INITA_VAL bound to: 0 - type: string 
	Parameter C_HAS_ENA bound to: 1 - type: integer 
	Parameter C_HAS_REGCEA bound to: 0 - type: integer 
	Parameter C_USE_BYTE_WEA bound to: 0 - type: integer 
	Parameter C_WEA_WIDTH bound to: 1 - type: integer 
	Parameter C_WRITE_MODE_A bound to: NO_CHANGE - type: string 
	Parameter C_WRITE_WIDTH_A bound to: 24 - type: integer 
	Parameter C_READ_WIDTH_A bound to: 24 - type: integer 
	Parameter C_WRITE_DEPTH_A bound to: 196608 - type: integer 
	Parameter C_READ_DEPTH_A bound to: 196608 - type: integer 
	Parameter C_ADDRA_WIDTH bound to: 18 - type: integer 
	Parameter C_HAS_RSTB bound to: 0 - type: integer 
	Parameter C_RST_PRIORITY_B bound to: CE - type: string 
	Parameter C_RSTRAM_B bound to: 0 - type: integer 
	Parameter C_INITB_VAL bound to: 0 - type: string 
	Parameter C_HAS_ENB bound to: 1 - type: integer 
	Parameter C_HAS_REGCEB bound to: 0 - type: integer 
	Parameter C_USE_BYTE_WEB bound to: 0 - type: integer 
	Parameter C_WEB_WIDTH bound to: 1 - type: integer 
	Parameter C_WRITE_MODE_B bound to: WRITE_FIRST - type: string 
	Parameter C_WRITE_WIDTH_B bound to: 24 - type: integer 
	Parameter C_READ_WIDTH_B bound to: 24 - type: integer 
	Parameter C_WRITE_DEPTH_B bound to: 196608 - type: integer 
	Parameter C_READ_DEPTH_B bound to: 196608 - type: integer 
	Parameter C_ADDRB_WIDTH bound to: 18 - type: integer 
	Parameter C_HAS_MEM_OUTPUT_REGS_A bound to: 0 - type: integer 
	Parameter C_HAS_MEM_OUTPUT_REGS_B bound to: 1 - type: integer 
	Parameter C_HAS_MUX_OUTPUT_REGS_A bound to: 0 - type: integer 
	Parameter C_HAS_MUX_OUTPUT_REGS_B bound to: 0 - type: integer 
	Parameter C_MUX_PIPELINE_STAGES bound to: 0 - type: integer 
	Parameter C_HAS_SOFTECC_INPUT_REGS_A bound to: 0 - type: integer 
	Parameter C_HAS_SOFTECC_OUTPUT_REGS_B bound to: 0 - type: integer 
	Parameter C_USE_SOFTECC bound to: 0 - type: integer 
	Parameter C_USE_ECC bound to: 0 - type: integer 
	Parameter C_EN_ECC_PIPE bound to: 0 - type: integer 
	Parameter C_HAS_INJECTERR bound to: 0 - type: integer 
	Parameter C_SIM_COLLISION_CHECK bound to: ALL - type: string 
	Parameter C_COMMON_CLK bound to: 0 - type: integer 
	Parameter C_DISABLE_WARN_BHV_COLL bound to: 0 - type: integer 
	Parameter C_EN_SLEEP_PIN bound to: 0 - type: integer 
	Parameter C_USE_URAM bound to: 0 - type: integer 
	Parameter C_EN_RDADDRA_CHG bound to: 0 - type: integer 
	Parameter C_EN_RDADDRB_CHG bound to: 0 - type: integer 
	Parameter C_EN_DEEPSLEEP_PIN bound to: 0 - type: integer 
	Parameter C_EN_SHUTDOWN_PIN bound to: 0 - type: integer 
	Parameter C_EN_SAFETY_CKT bound to: 0 - type: integer 
	Parameter C_DISABLE_WARN_BHV_RANGE bound to: 0 - type: integer 
	Parameter C_COUNT_36K_BRAM bound to: 132 - type: string 
	Parameter C_COUNT_18K_BRAM bound to: 0 - type: string 
	Parameter C_EST_POWER_SUMMARY bound to: Estimated Power for IP     :     34.162452 mW - type: string 
INFO: [Synth 8-3491] module 'blk_mem_gen_v8_4_1' declared at 'c:/Users/ricar/Desktop/Lab. Digitales/sesion 9/sesion 9/sesion 9.srcs/sources_1/ip/blk_mem_gen_0_1/hdl/blk_mem_gen_v8_4_vhsyn_rfs.vhd:195313' bound to instance 'U0' of component 'blk_mem_gen_v8_4_1' [c:/Users/ricar/Desktop/Lab. Digitales/sesion 9/sesion 9/sesion 9.srcs/sources_1/ip/blk_mem_gen_0_1/synth/blk_mem_gen_0.vhd:241]
INFO: [Synth 8-256] done synthesizing module 'blk_mem_gen_0' (11#1) [c:/Users/ricar/Desktop/Lab. Digitales/sesion 9/sesion 9/sesion 9.srcs/sources_1/ip/blk_mem_gen_0_1/synth/blk_mem_gen_0.vhd:73]
WARNING: [Synth 8-3331] design blk_mem_gen_mux__parameterized0 has unconnected port MUX_RST[0]
WARNING: [Synth 8-3331] design blk_mem_gen_mux__parameterized0 has unconnected port MEM_LAT_RST
WARNING: [Synth 8-3331] design blk_mem_gen_mux__parameterized0 has unconnected port MUX_REGCE[0]
WARNING: [Synth 8-3331] design blk_mem_gen_mux__parameterized0 has unconnected port WE
WARNING: [Synth 8-3331] design blk_mem_gen_mux__parameterized0 has unconnected port ADDR_IN[17]
WARNING: [Synth 8-3331] design blk_mem_gen_mux__parameterized0 has unconnected port ADDR_IN[16]
WARNING: [Synth 8-3331] design blk_mem_gen_mux__parameterized0 has unconnected port ADDR_IN[15]
WARNING: [Synth 8-3331] design blk_mem_gen_mux__parameterized0 has unconnected port ADDR_IN[14]
WARNING: [Synth 8-3331] design blk_mem_gen_mux__parameterized0 has unconnected port ADDR_IN[13]
WARNING: [Synth 8-3331] design blk_mem_gen_mux__parameterized0 has unconnected port ADDR_IN[12]
WARNING: [Synth 8-3331] design blk_mem_gen_mux__parameterized0 has unconnected port ADDR_IN[11]
WARNING: [Synth 8-3331] design blk_mem_gen_mux__parameterized0 has unconnected port ADDR_IN[10]
WARNING: [Synth 8-3331] design blk_mem_gen_mux__parameterized0 has unconnected port ADDR_IN[9]
WARNING: [Synth 8-3331] design blk_mem_gen_mux__parameterized0 has unconnected port ADDR_IN[8]
WARNING: [Synth 8-3331] design blk_mem_gen_mux__parameterized0 has unconnected port ADDR_IN[7]
WARNING: [Synth 8-3331] design blk_mem_gen_mux__parameterized0 has unconnected port ADDR_IN[6]
WARNING: [Synth 8-3331] design blk_mem_gen_mux__parameterized0 has unconnected port ADDR_IN[5]
WARNING: [Synth 8-3331] design blk_mem_gen_mux__parameterized0 has unconnected port ADDR_IN[4]
WARNING: [Synth 8-3331] design blk_mem_gen_mux__parameterized0 has unconnected port ADDR_IN[3]
WARNING: [Synth 8-3331] design blk_mem_gen_mux__parameterized0 has unconnected port ADDR_IN[2]
WARNING: [Synth 8-3331] design blk_mem_gen_mux__parameterized0 has unconnected port ADDR_IN[1]
WARNING: [Synth 8-3331] design blk_mem_gen_mux__parameterized0 has unconnected port ADDR_IN[0]
WARNING: [Synth 8-3331] design blk_mem_gen_mux__parameterized0 has unconnected port SBITERRIN[1535]
WARNING: [Synth 8-3331] design blk_mem_gen_mux__parameterized0 has unconnected port SBITERRIN[1534]
WARNING: [Synth 8-3331] design blk_mem_gen_mux__parameterized0 has unconnected port SBITERRIN[1533]
WARNING: [Synth 8-3331] design blk_mem_gen_mux__parameterized0 has unconnected port SBITERRIN[1532]
WARNING: [Synth 8-3331] design blk_mem_gen_mux__parameterized0 has unconnected port SBITERRIN[1531]
WARNING: [Synth 8-3331] design blk_mem_gen_mux__parameterized0 has unconnected port SBITERRIN[1530]
WARNING: [Synth 8-3331] design blk_mem_gen_mux__parameterized0 has unconnected port SBITERRIN[1529]
WARNING: [Synth 8-3331] design blk_mem_gen_mux__parameterized0 has unconnected port SBITERRIN[1528]
WARNING: [Synth 8-3331] design blk_mem_gen_mux__parameterized0 has unconnected port SBITERRIN[1527]
WARNING: [Synth 8-3331] design blk_mem_gen_mux__parameterized0 has unconnected port SBITERRIN[1526]
WARNING: [Synth 8-3331] design blk_mem_gen_mux__parameterized0 has unconnected port SBITERRIN[1525]
WARNING: [Synth 8-3331] design blk_mem_gen_mux__parameterized0 has unconnected port SBITERRIN[1524]
WARNING: [Synth 8-3331] design blk_mem_gen_mux__parameterized0 has unconnected port SBITERRIN[1523]
WARNING: [Synth 8-3331] design blk_mem_gen_mux__parameterized0 has unconnected port SBITERRIN[1522]
WARNING: [Synth 8-3331] design blk_mem_gen_mux__parameterized0 has unconnected port SBITERRIN[1521]
WARNING: [Synth 8-3331] design blk_mem_gen_mux__parameterized0 has unconnected port SBITERRIN[1520]
WARNING: [Synth 8-3331] design blk_mem_gen_mux__parameterized0 has unconnected port SBITERRIN[1519]
WARNING: [Synth 8-3331] design blk_mem_gen_mux__parameterized0 has unconnected port SBITERRIN[1518]
WARNING: [Synth 8-3331] design blk_mem_gen_mux__parameterized0 has unconnected port SBITERRIN[1517]
WARNING: [Synth 8-3331] design blk_mem_gen_mux__parameterized0 has unconnected port SBITERRIN[1516]
WARNING: [Synth 8-3331] design blk_mem_gen_mux__parameterized0 has unconnected port SBITERRIN[1515]
WARNING: [Synth 8-3331] design blk_mem_gen_mux__parameterized0 has unconnected port SBITERRIN[1514]
WARNING: [Synth 8-3331] design blk_mem_gen_mux__parameterized0 has unconnected port SBITERRIN[1513]
WARNING: [Synth 8-3331] design blk_mem_gen_mux__parameterized0 has unconnected port SBITERRIN[1512]
WARNING: [Synth 8-3331] design blk_mem_gen_mux__parameterized0 has unconnected port SBITERRIN[1511]
WARNING: [Synth 8-3331] design blk_mem_gen_mux__parameterized0 has unconnected port SBITERRIN[1510]
WARNING: [Synth 8-3331] design blk_mem_gen_mux__parameterized0 has unconnected port SBITERRIN[1509]
WARNING: [Synth 8-3331] design blk_mem_gen_mux__parameterized0 has unconnected port SBITERRIN[1508]
WARNING: [Synth 8-3331] design blk_mem_gen_mux__parameterized0 has unconnected port SBITERRIN[1507]
WARNING: [Synth 8-3331] design blk_mem_gen_mux__parameterized0 has unconnected port SBITERRIN[1506]
WARNING: [Synth 8-3331] design blk_mem_gen_mux__parameterized0 has unconnected port SBITERRIN[1505]
WARNING: [Synth 8-3331] design blk_mem_gen_mux__parameterized0 has unconnected port SBITERRIN[1504]
WARNING: [Synth 8-3331] design blk_mem_gen_mux__parameterized0 has unconnected port SBITERRIN[1503]
WARNING: [Synth 8-3331] design blk_mem_gen_mux__parameterized0 has unconnected port SBITERRIN[1502]
WARNING: [Synth 8-3331] design blk_mem_gen_mux__parameterized0 has unconnected port SBITERRIN[1501]
WARNING: [Synth 8-3331] design blk_mem_gen_mux__parameterized0 has unconnected port SBITERRIN[1500]
WARNING: [Synth 8-3331] design blk_mem_gen_mux__parameterized0 has unconnected port SBITERRIN[1499]
WARNING: [Synth 8-3331] design blk_mem_gen_mux__parameterized0 has unconnected port SBITERRIN[1498]
WARNING: [Synth 8-3331] design blk_mem_gen_mux__parameterized0 has unconnected port SBITERRIN[1497]
WARNING: [Synth 8-3331] design blk_mem_gen_mux__parameterized0 has unconnected port SBITERRIN[1496]
WARNING: [Synth 8-3331] design blk_mem_gen_mux__parameterized0 has unconnected port SBITERRIN[1495]
WARNING: [Synth 8-3331] design blk_mem_gen_mux__parameterized0 has unconnected port SBITERRIN[1494]
WARNING: [Synth 8-3331] design blk_mem_gen_mux__parameterized0 has unconnected port SBITERRIN[1493]
WARNING: [Synth 8-3331] design blk_mem_gen_mux__parameterized0 has unconnected port SBITERRIN[1492]
WARNING: [Synth 8-3331] design blk_mem_gen_mux__parameterized0 has unconnected port SBITERRIN[1491]
WARNING: [Synth 8-3331] design blk_mem_gen_mux__parameterized0 has unconnected port SBITERRIN[1490]
WARNING: [Synth 8-3331] design blk_mem_gen_mux__parameterized0 has unconnected port SBITERRIN[1489]
WARNING: [Synth 8-3331] design blk_mem_gen_mux__parameterized0 has unconnected port SBITERRIN[1488]
WARNING: [Synth 8-3331] design blk_mem_gen_mux__parameterized0 has unconnected port SBITERRIN[1487]
WARNING: [Synth 8-3331] design blk_mem_gen_mux__parameterized0 has unconnected port SBITERRIN[1486]
WARNING: [Synth 8-3331] design blk_mem_gen_mux__parameterized0 has unconnected port SBITERRIN[1485]
WARNING: [Synth 8-3331] design blk_mem_gen_mux__parameterized0 has unconnected port SBITERRIN[1484]
WARNING: [Synth 8-3331] design blk_mem_gen_mux__parameterized0 has unconnected port SBITERRIN[1483]
WARNING: [Synth 8-3331] design blk_mem_gen_mux__parameterized0 has unconnected port SBITERRIN[1482]
WARNING: [Synth 8-3331] design blk_mem_gen_mux__parameterized0 has unconnected port SBITERRIN[1481]
WARNING: [Synth 8-3331] design blk_mem_gen_mux__parameterized0 has unconnected port SBITERRIN[1480]
WARNING: [Synth 8-3331] design blk_mem_gen_mux__parameterized0 has unconnected port SBITERRIN[1479]
WARNING: [Synth 8-3331] design blk_mem_gen_mux__parameterized0 has unconnected port SBITERRIN[1478]
WARNING: [Synth 8-3331] design blk_mem_gen_mux__parameterized0 has unconnected port SBITERRIN[1477]
WARNING: [Synth 8-3331] design blk_mem_gen_mux__parameterized0 has unconnected port SBITERRIN[1476]
WARNING: [Synth 8-3331] design blk_mem_gen_mux__parameterized0 has unconnected port SBITERRIN[1475]
WARNING: [Synth 8-3331] design blk_mem_gen_mux__parameterized0 has unconnected port SBITERRIN[1474]
WARNING: [Synth 8-3331] design blk_mem_gen_mux__parameterized0 has unconnected port SBITERRIN[1473]
WARNING: [Synth 8-3331] design blk_mem_gen_mux__parameterized0 has unconnected port SBITERRIN[1472]
WARNING: [Synth 8-3331] design blk_mem_gen_mux__parameterized0 has unconnected port SBITERRIN[1471]
WARNING: [Synth 8-3331] design blk_mem_gen_mux__parameterized0 has unconnected port SBITERRIN[1470]
WARNING: [Synth 8-3331] design blk_mem_gen_mux__parameterized0 has unconnected port SBITERRIN[1469]
WARNING: [Synth 8-3331] design blk_mem_gen_mux__parameterized0 has unconnected port SBITERRIN[1468]
WARNING: [Synth 8-3331] design blk_mem_gen_mux__parameterized0 has unconnected port SBITERRIN[1467]
WARNING: [Synth 8-3331] design blk_mem_gen_mux__parameterized0 has unconnected port SBITERRIN[1466]
WARNING: [Synth 8-3331] design blk_mem_gen_mux__parameterized0 has unconnected port SBITERRIN[1465]
WARNING: [Synth 8-3331] design blk_mem_gen_mux__parameterized0 has unconnected port SBITERRIN[1464]
WARNING: [Synth 8-3331] design blk_mem_gen_mux__parameterized0 has unconnected port SBITERRIN[1463]
WARNING: [Synth 8-3331] design blk_mem_gen_mux__parameterized0 has unconnected port SBITERRIN[1462]
WARNING: [Synth 8-3331] design blk_mem_gen_mux__parameterized0 has unconnected port SBITERRIN[1461]
WARNING: [Synth 8-3331] design blk_mem_gen_mux__parameterized0 has unconnected port SBITERRIN[1460]
WARNING: [Synth 8-3331] design blk_mem_gen_mux__parameterized0 has unconnected port SBITERRIN[1459]
WARNING: [Synth 8-3331] design blk_mem_gen_mux__parameterized0 has unconnected port SBITERRIN[1458]
INFO: [Common 17-14] Message 'Synth 8-3331' appears 100 times and further instances of the messages will be disabled. Use the Tcl command set_msg_config to change the current settings.
---------------------------------------------------------------------------------
Finished RTL Elaboration : Time (s): cpu = 00:06:46 ; elapsed = 00:06:54 . Memory (MB): peak = 685.145 ; gain = 429.078
---------------------------------------------------------------------------------

Report Check Netlist: 
+------+------------------+-------+---------+-------+------------------+
|      |Item              |Errors |Warnings |Status |Description       |
+------+------------------+-------+---------+-------+------------------+
|1     |multi_driven_nets |      0|        0|Passed |Multi driven nets |
+------+------------------+-------+---------+-------+------------------+
---------------------------------------------------------------------------------
Finished RTL Optimization Phase 1 : Time (s): cpu = 00:06:47 ; elapsed = 00:06:55 . Memory (MB): peak = 685.145 ; gain = 429.078
---------------------------------------------------------------------------------
INFO: [Netlist 29-17] Analyzing 132 Unisim elements for replacement
INFO: [Netlist 29-28] Unisim Transformation completed in 0 CPU seconds
INFO: [Device 21-403] Loading part xc7a100tcsg324-1
INFO: [Project 1-570] Preparing netlist for logic optimization

Processing XDC Constraints
Initializing timing engine
Parsing XDC File [c:/Users/ricar/Desktop/Lab. Digitales/sesion 9/sesion 9/sesion 9.srcs/sources_1/ip/blk_mem_gen_0_1/blk_mem_gen_0_ooc.xdc] for cell 'U0'
Finished Parsing XDC File [c:/Users/ricar/Desktop/Lab. Digitales/sesion 9/sesion 9/sesion 9.srcs/sources_1/ip/blk_mem_gen_0_1/blk_mem_gen_0_ooc.xdc] for cell 'U0'
Parsing XDC File [C:/Users/ricar/Desktop/Lab. Digitales/sesion 9/sesion 9/sesion 9.runs/blk_mem_gen_0_synth_1/dont_touch.xdc]
Finished Parsing XDC File [C:/Users/ricar/Desktop/Lab. Digitales/sesion 9/sesion 9/sesion 9.runs/blk_mem_gen_0_synth_1/dont_touch.xdc]
Completed Processing XDC Constraints

INFO: [Project 1-111] Unisim Transformation Summary:
No Unisim elements were transformed.

Constraint Validation Runtime : Time (s): cpu = 00:00:00 ; elapsed = 00:00:00.075 . Memory (MB): peak = 833.266 ; gain = 0.000
---------------------------------------------------------------------------------
Finished Constraint Validation : Time (s): cpu = 00:07:10 ; elapsed = 00:07:19 . Memory (MB): peak = 833.266 ; gain = 577.199
---------------------------------------------------------------------------------
---------------------------------------------------------------------------------
Start Loading Part and Timing Information
---------------------------------------------------------------------------------
Loading part: xc7a100tcsg324-1
---------------------------------------------------------------------------------
Finished Loading Part and Timing Information : Time (s): cpu = 00:07:10 ; elapsed = 00:07:19 . Memory (MB): peak = 833.266 ; gain = 577.199
---------------------------------------------------------------------------------
---------------------------------------------------------------------------------
Start Applying 'set_property' XDC Constraints
---------------------------------------------------------------------------------
Applied set_property DONT_TOUCH = true for U0. (constraint file  {C:/Users/ricar/Desktop/Lab. Digitales/sesion 9/sesion 9/sesion 9.runs/blk_mem_gen_0_synth_1/dont_touch.xdc}, line 9).
---------------------------------------------------------------------------------
Finished applying 'set_property' XDC Constraints : Time (s): cpu = 00:07:10 ; elapsed = 00:07:19 . Memory (MB): peak = 833.266 ; gain = 577.199
---------------------------------------------------------------------------------
---------------------------------------------------------------------------------
Finished RTL Optimization Phase 2 : Time (s): cpu = 00:07:15 ; elapsed = 00:07:26 . Memory (MB): peak = 833.266 ; gain = 577.199
---------------------------------------------------------------------------------

Report RTL Partitions: 
+-+--------------+------------+----------+
| |RTL Partition |Replication |Instances |
+-+--------------+------------+----------+
+-+--------------+------------+----------+
---------------------------------------------------------------------------------
Start RTL Component Statistics 
---------------------------------------------------------------------------------
Detailed RTL Component Info : 
+---Registers : 
	               18 Bit    Registers := 1     
	                6 Bit    Registers := 3     
+---Muxes : 
	   2 Input      1 Bit        Muxes := 129   
---------------------------------------------------------------------------------
Finished RTL Component Statistics 
---------------------------------------------------------------------------------
---------------------------------------------------------------------------------
Start RTL Hierarchical Component Statistics 
---------------------------------------------------------------------------------
Hierarchical RTL Component report 
Module bindec 
Detailed RTL Component Info : 
+---Muxes : 
	   2 Input      1 Bit        Muxes := 64    
Module blk_mem_gen_mux 
Detailed RTL Component Info : 
+---Registers : 
	                6 Bit    Registers := 1     
Module blk_mem_gen_mux__parameterized0 
Detailed RTL Component Info : 
+---Registers : 
	               18 Bit    Registers := 1     
	                6 Bit    Registers := 2     
+---Muxes : 
	   2 Input      1 Bit        Muxes := 1     
---------------------------------------------------------------------------------
Finished RTL Hierarchical Component Statistics
---------------------------------------------------------------------------------
---------------------------------------------------------------------------------
Start Part Resource Summary
---------------------------------------------------------------------------------
Part Resources:
DSPs: 240 (col length:80)
BRAMs: 270 (col length: RAMB18 80 RAMB36 40)
---------------------------------------------------------------------------------
Finished Part Resource Summary
---------------------------------------------------------------------------------
---------------------------------------------------------------------------------
Start Cross Boundary and Area Optimization
---------------------------------------------------------------------------------
INFO: [Synth 8-3332] Sequential element (inst_blk_mem_gen/gnbram.gnativebmg.native_blk_mem_gen/valid.cstr/has_mux_a.A/no_softecc_sel_reg.ce_pri.sel_pipe_reg[5]) is unused and will be removed from module blk_mem_gen_v8_4_1.
INFO: [Synth 8-3332] Sequential element (inst_blk_mem_gen/gnbram.gnativebmg.native_blk_mem_gen/valid.cstr/has_mux_a.A/no_softecc_sel_reg.ce_pri.sel_pipe_reg[4]) is unused and will be removed from module blk_mem_gen_v8_4_1.
INFO: [Synth 8-3332] Sequential element (inst_blk_mem_gen/gnbram.gnativebmg.native_blk_mem_gen/valid.cstr/has_mux_a.A/no_softecc_sel_reg.ce_pri.sel_pipe_reg[3]) is unused and will be removed from module blk_mem_gen_v8_4_1.
INFO: [Synth 8-3332] Sequential element (inst_blk_mem_gen/gnbram.gnativebmg.native_blk_mem_gen/valid.cstr/has_mux_a.A/no_softecc_sel_reg.ce_pri.sel_pipe_reg[2]) is unused and will be removed from module blk_mem_gen_v8_4_1.
INFO: [Synth 8-3332] Sequential element (inst_blk_mem_gen/gnbram.gnativebmg.native_blk_mem_gen/valid.cstr/has_mux_a.A/no_softecc_sel_reg.ce_pri.sel_pipe_reg[1]) is unused and will be removed from module blk_mem_gen_v8_4_1.
INFO: [Synth 8-3332] Sequential element (inst_blk_mem_gen/gnbram.gnativebmg.native_blk_mem_gen/valid.cstr/has_mux_a.A/no_softecc_sel_reg.ce_pri.sel_pipe_reg[0]) is unused and will be removed from module blk_mem_gen_v8_4_1.
INFO: [Synth 8-3332] Sequential element (inst_blk_mem_gen/gnbram.gnativebmg.native_blk_mem_gen/valid.cstr/has_mux_b.B/no_softecc_norm_sel2.has_mem_regs.WITHOUT_ECC_PIPE.ce_pri.rdaddrecc_mux_reg[17]) is unused and will be removed from module blk_mem_gen_v8_4_1.
INFO: [Synth 8-3332] Sequential element (inst_blk_mem_gen/gnbram.gnativebmg.native_blk_mem_gen/valid.cstr/has_mux_b.B/no_softecc_norm_sel2.has_mem_regs.WITHOUT_ECC_PIPE.ce_pri.rdaddrecc_mux_reg[16]) is unused and will be removed from module blk_mem_gen_v8_4_1.
INFO: [Synth 8-3332] Sequential element (inst_blk_mem_gen/gnbram.gnativebmg.native_blk_mem_gen/valid.cstr/has_mux_b.B/no_softecc_norm_sel2.has_mem_regs.WITHOUT_ECC_PIPE.ce_pri.rdaddrecc_mux_reg[15]) is unused and will be removed from module blk_mem_gen_v8_4_1.
INFO: [Synth 8-3332] Sequential element (inst_blk_mem_gen/gnbram.gnativebmg.native_blk_mem_gen/valid.cstr/has_mux_b.B/no_softecc_norm_sel2.has_mem_regs.WITHOUT_ECC_PIPE.ce_pri.rdaddrecc_mux_reg[14]) is unused and will be removed from module blk_mem_gen_v8_4_1.
INFO: [Synth 8-3332] Sequential element (inst_blk_mem_gen/gnbram.gnativebmg.native_blk_mem_gen/valid.cstr/has_mux_b.B/no_softecc_norm_sel2.has_mem_regs.WITHOUT_ECC_PIPE.ce_pri.rdaddrecc_mux_reg[13]) is unused and will be removed from module blk_mem_gen_v8_4_1.
INFO: [Synth 8-3332] Sequential element (inst_blk_mem_gen/gnbram.gnativebmg.native_blk_mem_gen/valid.cstr/has_mux_b.B/no_softecc_norm_sel2.has_mem_regs.WITHOUT_ECC_PIPE.ce_pri.rdaddrecc_mux_reg[12]) is unused and will be removed from module blk_mem_gen_v8_4_1.
INFO: [Synth 8-3332] Sequential element (inst_blk_mem_gen/gnbram.gnativebmg.native_blk_mem_gen/valid.cstr/has_mux_b.B/no_softecc_norm_sel2.has_mem_regs.WITHOUT_ECC_PIPE.ce_pri.rdaddrecc_mux_reg[11]) is unused and will be removed from module blk_mem_gen_v8_4_1.
INFO: [Synth 8-3332] Sequential element (inst_blk_mem_gen/gnbram.gnativebmg.native_blk_mem_gen/valid.cstr/has_mux_b.B/no_softecc_norm_sel2.has_mem_regs.WITHOUT_ECC_PIPE.ce_pri.rdaddrecc_mux_reg[10]) is unused and will be removed from module blk_mem_gen_v8_4_1.
INFO: [Synth 8-3332] Sequential element (inst_blk_mem_gen/gnbram.gnativebmg.native_blk_mem_gen/valid.cstr/has_mux_b.B/no_softecc_norm_sel2.has_mem_regs.WITHOUT_ECC_PIPE.ce_pri.rdaddrecc_mux_reg[9]) is unused and will be removed from module blk_mem_gen_v8_4_1.
INFO: [Synth 8-3332] Sequential element (inst_blk_mem_gen/gnbram.gnativebmg.native_blk_mem_gen/valid.cstr/has_mux_b.B/no_softecc_norm_sel2.has_mem_regs.WITHOUT_ECC_PIPE.ce_pri.rdaddrecc_mux_reg[8]) is unused and will be removed from module blk_mem_gen_v8_4_1.
INFO: [Synth 8-3332] Sequential element (inst_blk_mem_gen/gnbram.gnativebmg.native_blk_mem_gen/valid.cstr/has_mux_b.B/no_softecc_norm_sel2.has_mem_regs.WITHOUT_ECC_PIPE.ce_pri.rdaddrecc_mux_reg[7]) is unused and will be removed from module blk_mem_gen_v8_4_1.
INFO: [Synth 8-3332] Sequential element (inst_blk_mem_gen/gnbram.gnativebmg.native_blk_mem_gen/valid.cstr/has_mux_b.B/no_softecc_norm_sel2.has_mem_regs.WITHOUT_ECC_PIPE.ce_pri.rdaddrecc_mux_reg[6]) is unused and will be removed from module blk_mem_gen_v8_4_1.
INFO: [Synth 8-3332] Sequential element (inst_blk_mem_gen/gnbram.gnativebmg.native_blk_mem_gen/valid.cstr/has_mux_b.B/no_softecc_norm_sel2.has_mem_regs.WITHOUT_ECC_PIPE.ce_pri.rdaddrecc_mux_reg[5]) is unused and will be removed from module blk_mem_gen_v8_4_1.
INFO: [Synth 8-3332] Sequential element (inst_blk_mem_gen/gnbram.gnativebmg.native_blk_mem_gen/valid.cstr/has_mux_b.B/no_softecc_norm_sel2.has_mem_regs.WITHOUT_ECC_PIPE.ce_pri.rdaddrecc_mux_reg[4]) is unused and will be removed from module blk_mem_gen_v8_4_1.
INFO: [Synth 8-3332] Sequential element (inst_blk_mem_gen/gnbram.gnativebmg.native_blk_mem_gen/valid.cstr/has_mux_b.B/no_softecc_norm_sel2.has_mem_regs.WITHOUT_ECC_PIPE.ce_pri.rdaddrecc_mux_reg[3]) is unused and will be removed from module blk_mem_gen_v8_4_1.
INFO: [Synth 8-3332] Sequential element (inst_blk_mem_gen/gnbram.gnativebmg.native_blk_mem_gen/valid.cstr/has_mux_b.B/no_softecc_norm_sel2.has_mem_regs.WITHOUT_ECC_PIPE.ce_pri.rdaddrecc_mux_reg[2]) is unused and will be removed from module blk_mem_gen_v8_4_1.
INFO: [Synth 8-3332] Sequential element (inst_blk_mem_gen/gnbram.gnativebmg.native_blk_mem_gen/valid.cstr/has_mux_b.B/no_softecc_norm_sel2.has_mem_regs.WITHOUT_ECC_PIPE.ce_pri.rdaddrecc_mux_reg[1]) is unused and will be removed from module blk_mem_gen_v8_4_1.
INFO: [Synth 8-3332] Sequential element (inst_blk_mem_gen/gnbram.gnativebmg.native_blk_mem_gen/valid.cstr/has_mux_b.B/no_softecc_norm_sel2.has_mem_regs.WITHOUT_ECC_PIPE.ce_pri.rdaddrecc_mux_reg[0]) is unused and will be removed from module blk_mem_gen_v8_4_1.
---------------------------------------------------------------------------------
Finished Cross Boundary and Area Optimization : Time (s): cpu = 00:07:19 ; elapsed = 00:07:31 . Memory (MB): peak = 833.266 ; gain = 577.199
---------------------------------------------------------------------------------

Report RTL Partitions: 
+-+--------------+------------+----------+
| |RTL Partition |Replication |Instances |
+-+--------------+------------+----------+
+-+--------------+------------+----------+
---------------------------------------------------------------------------------
Start Applying XDC Timing Constraints
---------------------------------------------------------------------------------
---------------------------------------------------------------------------------
Finished Applying XDC Timing Constraints : Time (s): cpu = 00:07:35 ; elapsed = 00:07:46 . Memory (MB): peak = 833.266 ; gain = 577.199
---------------------------------------------------------------------------------
---------------------------------------------------------------------------------
Start Timing Optimization
---------------------------------------------------------------------------------
---------------------------------------------------------------------------------
Finished Timing Optimization : Time (s): cpu = 00:07:35 ; elapsed = 00:07:47 . Memory (MB): peak = 833.266 ; gain = 577.199
---------------------------------------------------------------------------------

Report RTL Partitions: 
+-+--------------+------------+----------+
| |RTL Partition |Replication |Instances |
+-+--------------+------------+----------+
+-+--------------+------------+----------+
---------------------------------------------------------------------------------
Start Technology Mapping
---------------------------------------------------------------------------------
---------------------------------------------------------------------------------
Finished Technology Mapping : Time (s): cpu = 00:07:36 ; elapsed = 00:07:48 . Memory (MB): peak = 833.266 ; gain = 577.199
---------------------------------------------------------------------------------

Report RTL Partitions: 
+-+--------------+------------+----------+
| |RTL Partition |Replication |Instances |
+-+--------------+------------+----------+
+-+--------------+------------+----------+
---------------------------------------------------------------------------------
Start IO Insertion
---------------------------------------------------------------------------------
---------------------------------------------------------------------------------
Start Flattening Before IO Insertion
---------------------------------------------------------------------------------
---------------------------------------------------------------------------------
Finished Flattening Before IO Insertion
---------------------------------------------------------------------------------
---------------------------------------------------------------------------------
Start Final Netlist Cleanup
---------------------------------------------------------------------------------
---------------------------------------------------------------------------------
Finished Final Netlist Cleanup
---------------------------------------------------------------------------------
---------------------------------------------------------------------------------
Finished IO Insertion : Time (s): cpu = 00:07:38 ; elapsed = 00:07:49 . Memory (MB): peak = 833.266 ; gain = 577.199
---------------------------------------------------------------------------------

Report Check Netlist: 
+------+------------------+-------+---------+-------+------------------+
|      |Item              |Errors |Warnings |Status |Description       |
+------+------------------+-------+---------+-------+------------------+
|1     |multi_driven_nets |      0|        0|Passed |Multi driven nets |
+------+------------------+-------+---------+-------+------------------+
---------------------------------------------------------------------------------
Start Renaming Generated Instances
---------------------------------------------------------------------------------
---------------------------------------------------------------------------------
Finished Renaming Generated Instances : Time (s): cpu = 00:07:38 ; elapsed = 00:07:49 . Memory (MB): peak = 833.266 ; gain = 577.199
---------------------------------------------------------------------------------

Report RTL Partitions: 
+-+--------------+------------+----------+
| |RTL Partition |Replication |Instances |
+-+--------------+------------+----------+
+-+--------------+------------+----------+
---------------------------------------------------------------------------------
Start Rebuilding User Hierarchy
---------------------------------------------------------------------------------
---------------------------------------------------------------------------------
Finished Rebuilding User Hierarchy : Time (s): cpu = 00:07:38 ; elapsed = 00:07:50 . Memory (MB): peak = 833.266 ; gain = 577.199
---------------------------------------------------------------------------------
---------------------------------------------------------------------------------
Start Renaming Generated Ports
---------------------------------------------------------------------------------
---------------------------------------------------------------------------------
Finished Renaming Generated Ports : Time (s): cpu = 00:07:38 ; elapsed = 00:07:50 . Memory (MB): peak = 833.266 ; gain = 577.199
---------------------------------------------------------------------------------
---------------------------------------------------------------------------------
Start Handling Custom Attributes
---------------------------------------------------------------------------------
---------------------------------------------------------------------------------
Finished Handling Custom Attributes : Time (s): cpu = 00:07:38 ; elapsed = 00:07:50 . Memory (MB): peak = 833.266 ; gain = 577.199
---------------------------------------------------------------------------------
---------------------------------------------------------------------------------
Start Renaming Generated Nets
---------------------------------------------------------------------------------
---------------------------------------------------------------------------------
Finished Renaming Generated Nets : Time (s): cpu = 00:07:38 ; elapsed = 00:07:50 . Memory (MB): peak = 833.266 ; gain = 577.199
---------------------------------------------------------------------------------
---------------------------------------------------------------------------------
Start Writing Synthesis Report
---------------------------------------------------------------------------------

Report BlackBoxes: 
+-+--------------+----------+
| |BlackBox name |Instances |
+-+--------------+----------+
+-+--------------+----------+

Report Cell Usage: 
+------+-----------+------+
|      |Cell       |Count |
+------+-----------+------+
|1     |LUT3       |     6|
|2     |LUT5       |   120|
|3     |LUT6       |   216|
|4     |MUXF7      |   108|
|5     |MUXF8      |    54|
|6     |RAMB36E1   |    96|
|7     |RAMB36E1_1 |    18|
|8     |RAMB36E1_2 |    18|
|9     |FDRE       |    14|
+------+-----------+------+

Report Instance Areas: 
+------+---------------------------------------------+-------------------------------------------+------+
|      |Instance                                     |Module                                     |Cells |
+------+---------------------------------------------+-------------------------------------------+------+
|1     |top                                          |                                           |   650|
|2     |  U0                                         |blk_mem_gen_v8_4_1                         |   650|
|3     |    inst_blk_mem_gen                         |blk_mem_gen_v8_4_1_synth                   |   650|
|4     |      \gnbram.gnativebmg.native_blk_mem_gen  |blk_mem_gen_top                            |   650|
|5     |        \valid.cstr                          |blk_mem_gen_generic_cstr                   |   650|
|6     |          \has_mux_b.B                       |blk_mem_gen_mux__parameterized0            |   416|
|7     |          \ramloop[0].ram.r                  |blk_mem_gen_prim_width                     |     1|
|8     |            \prim_noinit.ram                 |blk_mem_gen_prim_wrapper                   |     1|
|9     |          \ramloop[100].ram.r                |blk_mem_gen_prim_width__parameterized99    |     2|
|10    |            \prim_noinit.ram                 |blk_mem_gen_prim_wrapper__parameterized99  |     2|
|11    |          \ramloop[101].ram.r                |blk_mem_gen_prim_width__parameterized100   |     2|
|12    |            \prim_noinit.ram                 |blk_mem_gen_prim_wrapper__parameterized100 |     2|
|13    |          \ramloop[102].ram.r                |blk_mem_gen_prim_width__parameterized101   |     2|
|14    |            \prim_noinit.ram                 |blk_mem_gen_prim_wrapper__parameterized101 |     2|
|15    |          \ramloop[103].ram.r                |blk_mem_gen_prim_width__parameterized102   |     2|
|16    |            \prim_noinit.ram                 |blk_mem_gen_prim_wrapper__parameterized102 |     2|
|17    |          \ramloop[104].ram.r                |blk_mem_gen_prim_width__parameterized103   |     2|
|18    |            \prim_noinit.ram                 |blk_mem_gen_prim_wrapper__parameterized103 |     2|
|19    |          \ramloop[105].ram.r                |blk_mem_gen_prim_width__parameterized104   |     2|
|20    |            \prim_noinit.ram                 |blk_mem_gen_prim_wrapper__parameterized104 |     2|
|21    |          \ramloop[106].ram.r                |blk_mem_gen_prim_width__parameterized105   |     2|
|22    |            \prim_noinit.ram                 |blk_mem_gen_prim_wrapper__parameterized105 |     2|
|23    |          \ramloop[107].ram.r                |blk_mem_gen_prim_width__parameterized106   |     2|
|24    |            \prim_noinit.ram                 |blk_mem_gen_prim_wrapper__parameterized106 |     2|
|25    |          \ramloop[108].ram.r                |blk_mem_gen_prim_width__parameterized107   |     4|
|26    |            \prim_noinit.ram                 |blk_mem_gen_prim_wrapper__parameterized107 |     4|
|27    |          \ramloop[109].ram.r                |blk_mem_gen_prim_width__parameterized108   |     4|
|28    |            \prim_noinit.ram                 |blk_mem_gen_prim_wrapper__parameterized108 |     4|
|29    |          \ramloop[10].ram.r                 |blk_mem_gen_prim_width__parameterized9     |     1|
|30    |            \prim_noinit.ram                 |blk_mem_gen_prim_wrapper__parameterized9   |     1|
|31    |          \ramloop[110].ram.r                |blk_mem_gen_prim_width__parameterized109   |     2|
|32    |            \prim_noinit.ram                 |blk_mem_gen_prim_wrapper__parameterized109 |     2|
|33    |          \ramloop[111].ram.r                |blk_mem_gen_prim_width__parameterized110   |     2|
|34    |            \prim_noinit.ram                 |blk_mem_gen_prim_wrapper__parameterized110 |     2|
|35    |          \ramloop[112].ram.r                |blk_mem_gen_prim_width__parameterized111   |     2|
|36    |            \prim_noinit.ram                 |blk_mem_gen_prim_wrapper__parameterized111 |     2|
|37    |          \ramloop[113].ram.r                |blk_mem_gen_prim_width__parameterized112   |     4|
|38    |            \prim_noinit.ram                 |blk_mem_gen_prim_wrapper__parameterized112 |     4|
|39    |          \ramloop[11].ram.r                 |blk_mem_gen_prim_width__parameterized10    |     1|
|40    |            \prim_noinit.ram                 |blk_mem_gen_prim_wrapper__parameterized10  |     1|
|41    |          \ramloop[12].ram.r                 |blk_mem_gen_prim_width__parameterized11    |     1|
|42    |            \prim_noinit.ram                 |blk_mem_gen_prim_wrapper__parameterized11  |     1|
|43    |          \ramloop[13].ram.r                 |blk_mem_gen_prim_width__parameterized12    |     1|
|44    |            \prim_noinit.ram                 |blk_mem_gen_prim_wrapper__parameterized12  |     1|
|45    |          \ramloop[14].ram.r                 |blk_mem_gen_prim_width__parameterized13    |     1|
|46    |            \prim_noinit.ram                 |blk_mem_gen_prim_wrapper__parameterized13  |     1|
|47    |          \ramloop[15].ram.r                 |blk_mem_gen_prim_width__parameterized14    |     1|
|48    |            \prim_noinit.ram                 |blk_mem_gen_prim_wrapper__parameterized14  |     1|
|49    |          \ramloop[16].ram.r                 |blk_mem_gen_prim_width__parameterized15    |     1|
|50    |            \prim_noinit.ram                 |blk_mem_gen_prim_wrapper__parameterized15  |     1|
|51    |          \ramloop[17].ram.r                 |blk_mem_gen_prim_width__parameterized16    |     1|
|52    |            \prim_noinit.ram                 |blk_mem_gen_prim_wrapper__parameterized16  |     1|
|53    |          \ramloop[18].ram.r                 |blk_mem_gen_prim_width__parameterized17    |     1|
|54    |            \prim_noinit.ram                 |blk_mem_gen_prim_wrapper__parameterized17  |     1|
|55    |          \ramloop[19].ram.r                 |blk_mem_gen_prim_width__parameterized18    |     1|
|56    |            \prim_noinit.ram                 |blk_mem_gen_prim_wrapper__parameterized18  |     1|
|57    |          \ramloop[1].ram.r                  |blk_mem_gen_prim_width__parameterized0     |     1|
|58    |            \prim_noinit.ram                 |blk_mem_gen_prim_wrapper__parameterized0   |     1|
|59    |          \ramloop[20].ram.r                 |blk_mem_gen_prim_width__parameterized19    |     1|
|60    |            \prim_noinit.ram                 |blk_mem_gen_prim_wrapper__parameterized19  |     1|
|61    |          \ramloop[21].ram.r                 |blk_mem_gen_prim_width__parameterized20    |     1|
|62    |            \prim_noinit.ram                 |blk_mem_gen_prim_wrapper__parameterized20  |     1|
|63    |          \ramloop[22].ram.r                 |blk_mem_gen_prim_width__parameterized21    |     1|
|64    |            \prim_noinit.ram                 |blk_mem_gen_prim_wrapper__parameterized21  |     1|
|65    |          \ramloop[23].ram.r                 |blk_mem_gen_prim_width__parameterized22    |     1|
|66    |            \prim_noinit.ram                 |blk_mem_gen_prim_wrapper__parameterized22  |     1|
|67    |          \ramloop[24].ram.r                 |blk_mem_gen_prim_width__parameterized23    |     1|
|68    |            \prim_noinit.ram                 |blk_mem_gen_prim_wrapper__parameterized23  |     1|
|69    |          \ramloop[25].ram.r                 |blk_mem_gen_prim_width__parameterized24    |     1|
|70    |            \prim_noinit.ram                 |blk_mem_gen_prim_wrapper__parameterized24  |     1|
|71    |          \ramloop[26].ram.r                 |blk_mem_gen_prim_width__parameterized25    |     1|
|72    |            \prim_noinit.ram                 |blk_mem_gen_prim_wrapper__parameterized25  |     1|
|73    |          \ramloop[27].ram.r                 |blk_mem_gen_prim_width__parameterized26    |     1|
|74    |            \prim_noinit.ram                 |blk_mem_gen_prim_wrapper__parameterized26  |     1|
|75    |          \ramloop[28].ram.r                 |blk_mem_gen_prim_width__parameterized27    |     1|
|76    |            \prim_noinit.ram                 |blk_mem_gen_prim_wrapper__parameterized27  |     1|
|77    |          \ramloop[29].ram.r                 |blk_mem_gen_prim_width__parameterized28    |     1|
|78    |            \prim_noinit.ram                 |blk_mem_gen_prim_wrapper__parameterized28  |     1|
|79    |          \ramloop[2].ram.r                  |blk_mem_gen_prim_width__parameterized1     |     1|
|80    |            \prim_noinit.ram                 |blk_mem_gen_prim_wrapper__parameterized1   |     1|
|81    |          \ramloop[30].ram.r                 |blk_mem_gen_prim_width__parameterized29    |     1|
|82    |            \prim_noinit.ram                 |blk_mem_gen_prim_wrapper__parameterized29  |     1|
|83    |          \ramloop[31].ram.r                 |blk_mem_gen_prim_width__parameterized30    |     1|
|84    |            \prim_noinit.ram                 |blk_mem_gen_prim_wrapper__parameterized30  |     1|
|85    |          \ramloop[32].ram.r                 |blk_mem_gen_prim_width__parameterized31    |     1|
|86    |            \prim_noinit.ram                 |blk_mem_gen_prim_wrapper__parameterized31  |     1|
|87    |          \ramloop[33].ram.r                 |blk_mem_gen_prim_width__parameterized32    |     1|
|88    |            \prim_noinit.ram                 |blk_mem_gen_prim_wrapper__parameterized32  |     1|
|89    |          \ramloop[34].ram.r                 |blk_mem_gen_prim_width__parameterized33    |     1|
|90    |            \prim_noinit.ram                 |blk_mem_gen_prim_wrapper__parameterized33  |     1|
|91    |          \ramloop[35].ram.r                 |blk_mem_gen_prim_width__parameterized34    |     1|
|92    |            \prim_noinit.ram                 |blk_mem_gen_prim_wrapper__parameterized34  |     1|
|93    |          \ramloop[36].ram.r                 |blk_mem_gen_prim_width__parameterized35    |     1|
|94    |            \prim_noinit.ram                 |blk_mem_gen_prim_wrapper__parameterized35  |     1|
|95    |          \ramloop[37].ram.r                 |blk_mem_gen_prim_width__parameterized36    |     1|
|96    |            \prim_noinit.ram                 |blk_mem_gen_prim_wrapper__parameterized36  |     1|
|97    |          \ramloop[38].ram.r                 |blk_mem_gen_prim_width__parameterized37    |     1|
|98    |            \prim_noinit.ram                 |blk_mem_gen_prim_wrapper__parameterized37  |     1|
|99    |          \ramloop[39].ram.r                 |blk_mem_gen_prim_width__parameterized38    |     1|
|100   |            \prim_noinit.ram                 |blk_mem_gen_prim_wrapper__parameterized38  |     1|
|101   |          \ramloop[3].ram.r                  |blk_mem_gen_prim_width__parameterized2     |     1|
|102   |            \prim_noinit.ram                 |blk_mem_gen_prim_wrapper__parameterized2   |     1|
|103   |          \ramloop[40].ram.r                 |blk_mem_gen_prim_width__parameterized39    |     1|
|104   |            \prim_noinit.ram                 |blk_mem_gen_prim_wrapper__parameterized39  |     1|
|105   |          \ramloop[41].ram.r                 |blk_mem_gen_prim_width__parameterized40    |     1|
|106   |            \prim_noinit.ram                 |blk_mem_gen_prim_wrapper__parameterized40  |     1|
|107   |          \ramloop[42].ram.r                 |blk_mem_gen_prim_width__parameterized41    |     1|
|108   |            \prim_noinit.ram                 |blk_mem_gen_prim_wrapper__parameterized41  |     1|
|109   |          \ramloop[43].ram.r                 |blk_mem_gen_prim_width__parameterized42    |     1|
|110   |            \prim_noinit.ram                 |blk_mem_gen_prim_wrapper__parameterized42  |     1|
|111   |          \ramloop[44].ram.r                 |blk_mem_gen_prim_width__parameterized43    |     1|
|112   |            \prim_noinit.ram                 |blk_mem_gen_prim_wrapper__parameterized43  |     1|
|113   |          \ramloop[45].ram.r                 |blk_mem_gen_prim_width__parameterized44    |     1|
|114   |            \prim_noinit.ram                 |blk_mem_gen_prim_wrapper__parameterized44  |     1|
|115   |          \ramloop[46].ram.r                 |blk_mem_gen_prim_width__parameterized45    |     1|
|116   |            \prim_noinit.ram                 |blk_mem_gen_prim_wrapper__parameterized45  |     1|
|117   |          \ramloop[47].ram.r                 |blk_mem_gen_prim_width__parameterized46    |     1|
|118   |            \prim_noinit.ram                 |blk_mem_gen_prim_wrapper__parameterized46  |     1|
|119   |          \ramloop[48].ram.r                 |blk_mem_gen_prim_width__parameterized47    |     3|
|120   |            \prim_noinit.ram                 |blk_mem_gen_prim_wrapper__parameterized47  |     3|
|121   |          \ramloop[49].ram.r                 |blk_mem_gen_prim_width__parameterized48    |     3|
|122   |            \prim_noinit.ram                 |blk_mem_gen_prim_wrapper__parameterized48  |     3|
|123   |          \ramloop[4].ram.r                  |blk_mem_gen_prim_width__parameterized3     |     1|
|124   |            \prim_noinit.ram                 |blk_mem_gen_prim_wrapper__parameterized3   |     1|
|125   |          \ramloop[50].ram.r                 |blk_mem_gen_prim_width__parameterized49    |     3|
|126   |            \prim_noinit.ram                 |blk_mem_gen_prim_wrapper__parameterized49  |     3|
|127   |          \ramloop[51].ram.r                 |blk_mem_gen_prim_width__parameterized50    |     3|
|128   |            \prim_noinit.ram                 |blk_mem_gen_prim_wrapper__parameterized50  |     3|
|129   |          \ramloop[52].ram.r                 |blk_mem_gen_prim_width__parameterized51    |     3|
|130   |            \prim_noinit.ram                 |blk_mem_gen_prim_wrapper__parameterized51  |     3|
|131   |          \ramloop[53].ram.r                 |blk_mem_gen_prim_width__parameterized52    |     3|
|132   |            \prim_noinit.ram                 |blk_mem_gen_prim_wrapper__parameterized52  |     3|
|133   |          \ramloop[54].ram.r                 |blk_mem_gen_prim_width__parameterized53    |     3|
|134   |            \prim_noinit.ram                 |blk_mem_gen_prim_wrapper__parameterized53  |     3|
|135   |          \ramloop[55].ram.r                 |blk_mem_gen_prim_width__parameterized54    |     3|
|136   |            \prim_noinit.ram                 |blk_mem_gen_prim_wrapper__parameterized54  |     3|
|137   |          \ramloop[56].ram.r                 |blk_mem_gen_prim_width__parameterized55    |     3|
|138   |            \prim_noinit.ram                 |blk_mem_gen_prim_wrapper__parameterized55  |     3|
|139   |          \ramloop[57].ram.r                 |blk_mem_gen_prim_width__parameterized56    |     3|
|140   |            \prim_noinit.ram                 |blk_mem_gen_prim_wrapper__parameterized56  |     3|
|141   |          \ramloop[58].ram.r                 |blk_mem_gen_prim_width__parameterized57    |     3|
|142   |            \prim_noinit.ram                 |blk_mem_gen_prim_wrapper__parameterized57  |     3|
|143   |          \ramloop[59].ram.r                 |blk_mem_gen_prim_width__parameterized58    |     3|
|144   |            \prim_noinit.ram                 |blk_mem_gen_prim_wrapper__parameterized58  |     3|
|145   |          \ramloop[5].ram.r                  |blk_mem_gen_prim_width__parameterized4     |     1|
|146   |            \prim_noinit.ram                 |blk_mem_gen_prim_wrapper__parameterized4   |     1|
|147   |          \ramloop[60].ram.r                 |blk_mem_gen_prim_width__parameterized59    |     3|
|148   |            \prim_noinit.ram                 |blk_mem_gen_prim_wrapper__parameterized59  |     3|
|149   |          \ramloop[61].ram.r                 |blk_mem_gen_prim_width__parameterized60    |     3|
|150   |            \prim_noinit.ram                 |blk_mem_gen_prim_wrapper__parameterized60  |     3|
|151   |          \ramloop[62].ram.r                 |blk_mem_gen_prim_width__parameterized61    |     3|
|152   |            \prim_noinit.ram                 |blk_mem_gen_prim_wrapper__parameterized61  |     3|
|153   |          \ramloop[63].ram.r                 |blk_mem_gen_prim_width__parameterized62    |     3|
|154   |            \prim_noinit.ram                 |blk_mem_gen_prim_wrapper__parameterized62  |     3|
|155   |          \ramloop[64].ram.r                 |blk_mem_gen_prim_width__parameterized63    |     3|
|156   |            \prim_noinit.ram                 |blk_mem_gen_prim_wrapper__parameterized63  |     3|
|157   |          \ramloop[65].ram.r                 |blk_mem_gen_prim_width__parameterized64    |     3|
|158   |            \prim_noinit.ram                 |blk_mem_gen_prim_wrapper__parameterized64  |     3|
|159   |          \ramloop[66].ram.r                 |blk_mem_gen_prim_width__parameterized65    |     3|
|160   |            \prim_noinit.ram                 |blk_mem_gen_prim_wrapper__parameterized65  |     3|
|161   |          \ramloop[67].ram.r                 |blk_mem_gen_prim_width__parameterized66    |     3|
|162   |            \prim_noinit.ram                 |blk_mem_gen_prim_wrapper__parameterized66  |     3|
|163   |          \ramloop[68].ram.r                 |blk_mem_gen_prim_width__parameterized67    |     3|
|164   |            \prim_noinit.ram                 |blk_mem_gen_prim_wrapper__parameterized67  |     3|
|165   |          \ramloop[69].ram.r                 |blk_mem_gen_prim_width__parameterized68    |     3|
|166   |            \prim_noinit.ram                 |blk_mem_gen_prim_wrapper__parameterized68  |     3|
|167   |          \ramloop[6].ram.r                  |blk_mem_gen_prim_width__parameterized5     |     1|
|168   |            \prim_noinit.ram                 |blk_mem_gen_prim_wrapper__parameterized5   |     1|
|169   |          \ramloop[70].ram.r                 |blk_mem_gen_prim_width__parameterized69    |     3|
|170   |            \prim_noinit.ram                 |blk_mem_gen_prim_wrapper__parameterized69  |     3|
|171   |          \ramloop[71].ram.r                 |blk_mem_gen_prim_width__parameterized70    |     3|
|172   |            \prim_noinit.ram                 |blk_mem_gen_prim_wrapper__parameterized70  |     3|
|173   |          \ramloop[72].ram.r                 |blk_mem_gen_prim_width__parameterized71    |     3|
|174   |            \prim_noinit.ram                 |blk_mem_gen_prim_wrapper__parameterized71  |     3|
|175   |          \ramloop[73].ram.r                 |blk_mem_gen_prim_width__parameterized72    |     3|
|176   |            \prim_noinit.ram                 |blk_mem_gen_prim_wrapper__parameterized72  |     3|
|177   |          \ramloop[74].ram.r                 |blk_mem_gen_prim_width__parameterized73    |     3|
|178   |            \prim_noinit.ram                 |blk_mem_gen_prim_wrapper__parameterized73  |     3|
|179   |          \ramloop[75].ram.r                 |blk_mem_gen_prim_width__parameterized74    |     3|
|180   |            \prim_noinit.ram                 |blk_mem_gen_prim_wrapper__parameterized74  |     3|
|181   |          \ramloop[76].ram.r                 |blk_mem_gen_prim_width__parameterized75    |     3|
|182   |            \prim_noinit.ram                 |blk_mem_gen_prim_wrapper__parameterized75  |     3|
|183   |          \ramloop[77].ram.r                 |blk_mem_gen_prim_width__parameterized76    |     3|
|184   |            \prim_noinit.ram                 |blk_mem_gen_prim_wrapper__parameterized76  |     3|
|185   |          \ramloop[78].ram.r                 |blk_mem_gen_prim_width__parameterized77    |     3|
|186   |            \prim_noinit.ram                 |blk_mem_gen_prim_wrapper__parameterized77  |     3|
|187   |          \ramloop[79].ram.r                 |blk_mem_gen_prim_width__parameterized78    |     3|
|188   |            \prim_noinit.ram                 |blk_mem_gen_prim_wrapper__parameterized78  |     3|
|189   |          \ramloop[7].ram.r                  |blk_mem_gen_prim_width__parameterized6     |     1|
|190   |            \prim_noinit.ram                 |blk_mem_gen_prim_wrapper__parameterized6   |     1|
|191   |          \ramloop[80].ram.r                 |blk_mem_gen_prim_width__parameterized79    |     3|
|192   |            \prim_noinit.ram                 |blk_mem_gen_prim_wrapper__parameterized79  |     3|
|193   |          \ramloop[81].ram.r                 |blk_mem_gen_prim_width__parameterized80    |     3|
|194   |            \prim_noinit.ram                 |blk_mem_gen_prim_wrapper__parameterized80  |     3|
|195   |          \ramloop[82].ram.r                 |blk_mem_gen_prim_width__parameterized81    |     3|
|196   |            \prim_noinit.ram                 |blk_mem_gen_prim_wrapper__parameterized81  |     3|
|197   |          \ramloop[83].ram.r                 |blk_mem_gen_prim_width__parameterized82    |     3|
|198   |            \prim_noinit.ram                 |blk_mem_gen_prim_wrapper__parameterized82  |     3|
|199   |          \ramloop[84].ram.r                 |blk_mem_gen_prim_width__parameterized83    |     3|
|200   |            \prim_noinit.ram                 |blk_mem_gen_prim_wrapper__parameterized83  |     3|
|201   |          \ramloop[85].ram.r                 |blk_mem_gen_prim_width__parameterized84    |     3|
|202   |            \prim_noinit.ram                 |blk_mem_gen_prim_wrapper__parameterized84  |     3|
|203   |          \ramloop[86].ram.r                 |blk_mem_gen_prim_width__parameterized85    |     3|
|204   |            \prim_noinit.ram                 |blk_mem_gen_prim_wrapper__parameterized85  |     3|
|205   |          \ramloop[87].ram.r                 |blk_mem_gen_prim_width__parameterized86    |     3|
|206   |            \prim_noinit.ram                 |blk_mem_gen_prim_wrapper__parameterized86  |     3|
|207   |          \ramloop[88].ram.r                 |blk_mem_gen_prim_width__parameterized87    |     3|
|208   |            \prim_noinit.ram                 |blk_mem_gen_prim_wrapper__parameterized87  |     3|
|209   |          \ramloop[89].ram.r                 |blk_mem_gen_prim_width__parameterized88    |     3|
|210   |            \prim_noinit.ram                 |blk_mem_gen_prim_wrapper__parameterized88  |     3|
|211   |          \ramloop[8].ram.r                  |blk_mem_gen_prim_width__parameterized7     |     1|
|212   |            \prim_noinit.ram                 |blk_mem_gen_prim_wrapper__parameterized7   |     1|
|213   |          \ramloop[90].ram.r                 |blk_mem_gen_prim_width__parameterized89    |     3|
|214   |            \prim_noinit.ram                 |blk_mem_gen_prim_wrapper__parameterized89  |     3|
|215   |          \ramloop[91].ram.r                 |blk_mem_gen_prim_width__parameterized90    |     3|
|216   |            \prim_noinit.ram                 |blk_mem_gen_prim_wrapper__parameterized90  |     3|
|217   |          \ramloop[92].ram.r                 |blk_mem_gen_prim_width__parameterized91    |     3|
|218   |            \prim_noinit.ram                 |blk_mem_gen_prim_wrapper__parameterized91  |     3|
|219   |          \ramloop[93].ram.r                 |blk_mem_gen_prim_width__parameterized92    |     3|
|220   |            \prim_noinit.ram                 |blk_mem_gen_prim_wrapper__parameterized92  |     3|
|221   |          \ramloop[94].ram.r                 |blk_mem_gen_prim_width__parameterized93    |     3|
|222   |            \prim_noinit.ram                 |blk_mem_gen_prim_wrapper__parameterized93  |     3|
|223   |          \ramloop[95].ram.r                 |blk_mem_gen_prim_width__parameterized94    |     3|
|224   |            \prim_noinit.ram                 |blk_mem_gen_prim_wrapper__parameterized94  |     3|
|225   |          \ramloop[96].ram.r                 |blk_mem_gen_prim_width__parameterized95    |     2|
|226   |            \prim_noinit.ram                 |blk_mem_gen_prim_wrapper__parameterized95  |     2|
|227   |          \ramloop[97].ram.r                 |blk_mem_gen_prim_width__parameterized96    |     2|
|228   |            \prim_noinit.ram                 |blk_mem_gen_prim_wrapper__parameterized96  |     2|
|229   |          \ramloop[98].ram.r                 |blk_mem_gen_prim_width__parameterized97    |     2|
|230   |            \prim_noinit.ram                 |blk_mem_gen_prim_wrapper__parameterized97  |     2|
|231   |          \ramloop[99].ram.r                 |blk_mem_gen_prim_width__parameterized98    |     2|
|232   |            \prim_noinit.ram                 |blk_mem_gen_prim_wrapper__parameterized98  |     2|
|233   |          \ramloop[9].ram.r                  |blk_mem_gen_prim_width__parameterized8     |     1|
|234   |            \prim_noinit.ram                 |blk_mem_gen_prim_wrapper__parameterized8   |     1|
+------+---------------------------------------------+-------------------------------------------+------+
---------------------------------------------------------------------------------
Finished Writing Synthesis Report : Time (s): cpu = 00:07:38 ; elapsed = 00:07:50 . Memory (MB): peak = 833.266 ; gain = 577.199
---------------------------------------------------------------------------------
Synthesis finished with 0 errors, 0 critical warnings and 6383 warnings.
Synthesis Optimization Runtime : Time (s): cpu = 00:00:38 ; elapsed = 00:07:36 . Memory (MB): peak = 833.266 ; gain = 429.078
Synthesis Optimization Complete : Time (s): cpu = 00:07:38 ; elapsed = 00:07:50 . Memory (MB): peak = 833.266 ; gain = 577.199
INFO: [Project 1-571] Translating synthesized netlist
INFO: [Netlist 29-17] Analyzing 294 Unisim elements for replacement
INFO: [Netlist 29-28] Unisim Transformation completed in 0 CPU seconds
INFO: [Project 1-570] Preparing netlist for logic optimization
INFO: [Opt 31-138] Pushed 0 inverter(s) to 0 load pin(s).
INFO: [Project 1-111] Unisim Transformation Summary:
No Unisim elements were transformed.

INFO: [Common 17-83] Releasing license: Synthesis
41 Infos, 100 Warnings, 0 Critical Warnings and 0 Errors encountered.
synth_design completed successfully
synth_design: Time (s): cpu = 00:07:43 ; elapsed = 00:07:57 . Memory (MB): peak = 833.266 ; gain = 588.668
INFO: [Common 17-1381] The checkpoint 'C:/Users/ricar/Desktop/Lab. Digitales/sesion 9/sesion 9/sesion 9.runs/blk_mem_gen_0_synth_1/blk_mem_gen_0.dcp' has been generated.
INFO: [Coretcl 2-1482] Added synthesis output to IP cache for IP c:/Users/ricar/Desktop/Lab. Digitales/sesion 9/sesion 9/sesion 9.srcs/sources_1/ip/blk_mem_gen_0_1/blk_mem_gen_0.xci
INFO: [Coretcl 2-1174] Renamed 233 cell refs.
INFO: [Common 17-1381] The checkpoint 'C:/Users/ricar/Desktop/Lab. Digitales/sesion 9/sesion 9/sesion 9.runs/blk_mem_gen_0_synth_1/blk_mem_gen_0.dcp' has been generated.
INFO: [runtcl-4] Executing : report_utilization -file blk_mem_gen_0_utilization_synth.rpt -pb blk_mem_gen_0_utilization_synth.pb
report_utilization: Time (s): cpu = 00:00:00 ; elapsed = 00:00:00.090 . Memory (MB): peak = 833.266 ; gain = 0.000
INFO: [Common 17-206] Exiting Vivado at Tue Aug 21 16:18:31 2018...
